{"/Users/nikodev/Development/Virtualisa-challenge/Api-Rest-Virtualiza/src/app.ts": {"path":"/Users/nikodev/Development/Virtualisa-challenge/Api-Rest-Virtualiza/src/app.ts","statementMap":{"0":{"start":{"line":1,"column":0},"end":{"line":1,"column":24}},"1":{"start":{"line":2,"column":0},"end":{"line":2,"column":30}},"2":{"start":{"line":3,"column":0},"end":{"line":3,"column":74}},"3":{"start":{"line":4,"column":0},"end":{"line":4,"column":52}},"4":{"start":{"line":5,"column":0},"end":{"line":5,"column":39}},"5":{"start":{"line":6,"column":0},"end":{"line":6,"column":48}},"6":{"start":{"line":7,"column":0},"end":{"line":7,"column":54}},"7":{"start":{"line":9,"column":13},"end":{"line":9,"column":29}},"8":{"start":{"line":11,"column":0},"end":{"line":11,"column":16}},"9":{"start":{"line":12,"column":0},"end":{"line":12,"column":24}},"10":{"start":{"line":13,"column":0},"end":{"line":13,"column":49}},"11":{"start":{"line":15,"column":0},"end":{"line":15,"column":38}},"12":{"start":{"line":16,"column":0},"end":{"line":16,"column":40}},"13":{"start":{"line":17,"column":0},"end":{"line":17,"column":34}},"14":{"start":{"line":19,"column":0},"end":{"line":19,"column":22}}},"fnMap":{},"branchMap":{},"s":{"0":12,"1":12,"2":12,"3":12,"4":12,"5":12,"6":12,"7":12,"8":12,"9":12,"10":12,"11":12,"12":12,"13":12,"14":12},"f":{},"b":{}}
,"/Users/nikodev/Development/Virtualisa-challenge/Api-Rest-Virtualiza/src/config.ts": {"path":"/Users/nikodev/Development/Virtualisa-challenge/Api-Rest-Virtualiza/src/config.ts","statementMap":{"0":{"start":{"line":1,"column":0},"end":{"line":1,"column":28}},"1":{"start":{"line":3,"column":0},"end":{"line":3,"column":56}},"2":{"start":{"line":5,"column":13},"end":{"line":12,"column":2}}},"fnMap":{},"branchMap":{},"s":{"0":12,"1":12,"2":12},"f":{},"b":{}}
,"/Users/nikodev/Development/Virtualisa-challenge/Api-Rest-Virtualiza/src/controllers/drivers.contollers.ts": {"path":"/Users/nikodev/Development/Virtualisa-challenge/Api-Rest-Virtualiza/src/controllers/drivers.contollers.ts","statementMap":{"0":{"start":{"line":2,"column":0},"end":{"line":2,"column":52}},"1":{"start":{"line":3,"column":0},"end":{"line":3,"column":55}},"2":{"start":{"line":4,"column":0},"end":{"line":4,"column":55}},"3":{"start":{"line":6,"column":52},"end":{"line":19,"column":2}},"4":{"start":{"line":6,"column":77},"end":{"line":19,"column":2}},"5":{"start":{"line":7,"column":2},"end":{"line":18,"column":3}},"6":{"start":{"line":8,"column":20},"end":{"line":8,"column":37}},"7":{"start":{"line":9,"column":19},"end":{"line":9,"column":62}},"8":{"start":{"line":10,"column":4},"end":{"line":15,"column":6}},"9":{"start":{"line":17,"column":4},"end":{"line":17,"column":16}},"10":{"start":{"line":6,"column":13},"end":{"line":6,"column":52}},"11":{"start":{"line":21,"column":55},"end":{"line":38,"column":2}},"12":{"start":{"line":25,"column":4},"end":{"line":38,"column":2}},"13":{"start":{"line":26,"column":2},"end":{"line":37,"column":3}},"14":{"start":{"line":27,"column":20},"end":{"line":27,"column":37}},"15":{"start":{"line":28,"column":19},"end":{"line":28,"column":65}},"16":{"start":{"line":29,"column":4},"end":{"line":34,"column":6}},"17":{"start":{"line":36,"column":4},"end":{"line":36,"column":16}},"18":{"start":{"line":21,"column":13},"end":{"line":21,"column":55}},"19":{"start":{"line":40,"column":42},"end":{"line":53,"column":2}},"20":{"start":{"line":40,"column":67},"end":{"line":53,"column":2}},"21":{"start":{"line":41,"column":2},"end":{"line":52,"column":3}},"22":{"start":{"line":42,"column":20},"end":{"line":42,"column":37}},"23":{"start":{"line":43,"column":19},"end":{"line":43,"column":55}},"24":{"start":{"line":44,"column":4},"end":{"line":49,"column":6}},"25":{"start":{"line":51,"column":4},"end":{"line":51,"column":16}},"26":{"start":{"line":40,"column":13},"end":{"line":40,"column":42}},"27":{"start":{"line":55,"column":45},"end":{"line":63,"column":2}},"28":{"start":{"line":55,"column":70},"end":{"line":63,"column":2}},"29":{"start":{"line":56,"column":2},"end":{"line":62,"column":3}},"30":{"start":{"line":57,"column":19},"end":{"line":57,"column":62}},"31":{"start":{"line":59,"column":4},"end":{"line":59,"column":54}},"32":{"start":{"line":61,"column":4},"end":{"line":61,"column":16}},"33":{"start":{"line":55,"column":13},"end":{"line":55,"column":45}},"34":{"start":{"line":65,"column":44},"end":{"line":73,"column":2}},"35":{"start":{"line":65,"column":69},"end":{"line":73,"column":2}},"36":{"start":{"line":66,"column":2},"end":{"line":72,"column":3}},"37":{"start":{"line":67,"column":19},"end":{"line":67,"column":56}},"38":{"start":{"line":69,"column":4},"end":{"line":69,"column":66}},"39":{"start":{"line":71,"column":4},"end":{"line":71,"column":16}},"40":{"start":{"line":65,"column":13},"end":{"line":65,"column":44}},"41":{"start":{"line":75,"column":44},"end":{"line":83,"column":2}},"42":{"start":{"line":75,"column":69},"end":{"line":83,"column":2}},"43":{"start":{"line":76,"column":2},"end":{"line":82,"column":3}},"44":{"start":{"line":77,"column":20},"end":{"line":77,"column":72}},"45":{"start":{"line":79,"column":4},"end":{"line":79,"column":55}},"46":{"start":{"line":81,"column":4},"end":{"line":81,"column":16}},"47":{"start":{"line":75,"column":13},"end":{"line":75,"column":44}},"48":{"start":{"line":85,"column":44},"end":{"line":93,"column":2}},"49":{"start":{"line":85,"column":69},"end":{"line":93,"column":2}},"50":{"start":{"line":86,"column":2},"end":{"line":92,"column":3}},"51":{"start":{"line":87,"column":20},"end":{"line":87,"column":63}},"52":{"start":{"line":89,"column":4},"end":{"line":89,"column":55}},"53":{"start":{"line":91,"column":4},"end":{"line":91,"column":16}},"54":{"start":{"line":85,"column":13},"end":{"line":85,"column":44}}},"fnMap":{"0":{"name":"(anonymous_7)","decl":{"start":{"line":6,"column":52},"end":{"line":6,"column":59}},"loc":{"start":{"line":6,"column":77},"end":{"line":19,"column":2}}},"1":{"name":"(anonymous_8)","decl":{"start":{"line":6,"column":77},"end":{"line":6,"column":null}},"loc":{"start":{"line":6,"column":77},"end":{"line":19,"column":1}}},"2":{"name":"(anonymous_9)","decl":{"start":{"line":21,"column":55},"end":{"line":21,"column":null}},"loc":{"start":{"line":25,"column":4},"end":{"line":38,"column":2}}},"3":{"name":"(anonymous_10)","decl":{"start":{"line":25,"column":4},"end":{"line":25,"column":null}},"loc":{"start":{"line":25,"column":4},"end":{"line":38,"column":1}}},"4":{"name":"(anonymous_11)","decl":{"start":{"line":40,"column":42},"end":{"line":40,"column":49}},"loc":{"start":{"line":40,"column":67},"end":{"line":53,"column":2}}},"5":{"name":"(anonymous_12)","decl":{"start":{"line":40,"column":67},"end":{"line":40,"column":null}},"loc":{"start":{"line":40,"column":67},"end":{"line":53,"column":1}}},"6":{"name":"(anonymous_13)","decl":{"start":{"line":55,"column":45},"end":{"line":55,"column":52}},"loc":{"start":{"line":55,"column":70},"end":{"line":63,"column":2}}},"7":{"name":"(anonymous_14)","decl":{"start":{"line":55,"column":70},"end":{"line":55,"column":null}},"loc":{"start":{"line":55,"column":70},"end":{"line":63,"column":1}}},"8":{"name":"(anonymous_15)","decl":{"start":{"line":65,"column":44},"end":{"line":65,"column":51}},"loc":{"start":{"line":65,"column":69},"end":{"line":73,"column":2}}},"9":{"name":"(anonymous_16)","decl":{"start":{"line":65,"column":69},"end":{"line":65,"column":null}},"loc":{"start":{"line":65,"column":69},"end":{"line":73,"column":1}}},"10":{"name":"(anonymous_17)","decl":{"start":{"line":75,"column":44},"end":{"line":75,"column":51}},"loc":{"start":{"line":75,"column":69},"end":{"line":83,"column":2}}},"11":{"name":"(anonymous_18)","decl":{"start":{"line":75,"column":69},"end":{"line":75,"column":null}},"loc":{"start":{"line":75,"column":69},"end":{"line":83,"column":1}}},"12":{"name":"(anonymous_19)","decl":{"start":{"line":85,"column":44},"end":{"line":85,"column":51}},"loc":{"start":{"line":85,"column":69},"end":{"line":93,"column":2}}},"13":{"name":"(anonymous_20)","decl":{"start":{"line":85,"column":69},"end":{"line":85,"column":null}},"loc":{"start":{"line":85,"column":69},"end":{"line":93,"column":1}}}},"branchMap":{},"s":{"0":12,"1":12,"2":12,"3":12,"4":0,"5":0,"6":0,"7":0,"8":0,"9":0,"10":12,"11":12,"12":0,"13":0,"14":0,"15":0,"16":0,"17":0,"18":12,"19":12,"20":5,"21":5,"22":5,"23":5,"24":5,"25":0,"26":12,"27":12,"28":5,"29":5,"30":5,"31":5,"32":0,"33":12,"34":12,"35":10,"36":10,"37":10,"38":10,"39":0,"40":12,"41":12,"42":2,"43":2,"44":2,"45":2,"46":0,"47":12,"48":12,"49":2,"50":2,"51":2,"52":2,"53":0,"54":12},"f":{"0":0,"1":0,"2":0,"3":0,"4":5,"5":5,"6":5,"7":5,"8":10,"9":10,"10":2,"11":2,"12":2,"13":2},"b":{}}
,"/Users/nikodev/Development/Virtualisa-challenge/Api-Rest-Virtualiza/src/controllers/trips.contollers.ts": {"path":"/Users/nikodev/Development/Virtualisa-challenge/Api-Rest-Virtualiza/src/controllers/trips.contollers.ts","statementMap":{"0":{"start":{"line":2,"column":0},"end":{"line":2,"column":50}},"1":{"start":{"line":3,"column":0},"end":{"line":3,"column":55}},"2":{"start":{"line":4,"column":0},"end":{"line":4,"column":55}},"3":{"start":{"line":6,"column":46},"end":{"line":21,"column":2}},"4":{"start":{"line":6,"column":71},"end":{"line":21,"column":2}},"5":{"start":{"line":7,"column":2},"end":{"line":20,"column":3}},"6":{"start":{"line":8,"column":20},"end":{"line":8,"column":37}},"7":{"start":{"line":10,"column":19},"end":{"line":10,"column":61}},"8":{"start":{"line":12,"column":4},"end":{"line":17,"column":6}},"9":{"start":{"line":19,"column":4},"end":{"line":19,"column":16}},"10":{"start":{"line":6,"column":13},"end":{"line":6,"column":46}},"11":{"start":{"line":23,"column":40},"end":{"line":38,"column":2}},"12":{"start":{"line":23,"column":65},"end":{"line":38,"column":2}},"13":{"start":{"line":24,"column":2},"end":{"line":37,"column":3}},"14":{"start":{"line":25,"column":20},"end":{"line":25,"column":37}},"15":{"start":{"line":27,"column":19},"end":{"line":27,"column":53}},"16":{"start":{"line":29,"column":4},"end":{"line":34,"column":6}},"17":{"start":{"line":36,"column":4},"end":{"line":36,"column":16}},"18":{"start":{"line":23,"column":13},"end":{"line":23,"column":40}},"19":{"start":{"line":40,"column":43},"end":{"line":47,"column":2}},"20":{"start":{"line":40,"column":68},"end":{"line":47,"column":2}},"21":{"start":{"line":41,"column":2},"end":{"line":46,"column":3}},"22":{"start":{"line":42,"column":17},"end":{"line":42,"column":58}},"23":{"start":{"line":43,"column":4},"end":{"line":43,"column":52}},"24":{"start":{"line":45,"column":4},"end":{"line":45,"column":16}},"25":{"start":{"line":40,"column":13},"end":{"line":40,"column":43}},"26":{"start":{"line":49,"column":51},"end":{"line":56,"column":2}},"27":{"start":{"line":49,"column":76},"end":{"line":56,"column":2}},"28":{"start":{"line":50,"column":2},"end":{"line":55,"column":3}},"29":{"start":{"line":51,"column":17},"end":{"line":51,"column":66}},"30":{"start":{"line":52,"column":4},"end":{"line":52,"column":52}},"31":{"start":{"line":54,"column":4},"end":{"line":54,"column":16}},"32":{"start":{"line":49,"column":13},"end":{"line":49,"column":51}},"33":{"start":{"line":58,"column":42},"end":{"line":65,"column":2}},"34":{"start":{"line":58,"column":67},"end":{"line":65,"column":2}},"35":{"start":{"line":59,"column":2},"end":{"line":64,"column":3}},"36":{"start":{"line":60,"column":17},"end":{"line":60,"column":52}},"37":{"start":{"line":61,"column":4},"end":{"line":61,"column":64}},"38":{"start":{"line":63,"column":4},"end":{"line":63,"column":16}},"39":{"start":{"line":58,"column":13},"end":{"line":58,"column":42}},"40":{"start":{"line":67,"column":42},"end":{"line":74,"column":2}},"41":{"start":{"line":67,"column":67},"end":{"line":74,"column":2}},"42":{"start":{"line":68,"column":2},"end":{"line":73,"column":3}},"43":{"start":{"line":69,"column":20},"end":{"line":69,"column":70}},"44":{"start":{"line":70,"column":4},"end":{"line":70,"column":55}},"45":{"start":{"line":72,"column":4},"end":{"line":72,"column":16}},"46":{"start":{"line":67,"column":13},"end":{"line":67,"column":42}},"47":{"start":{"line":76,"column":42},"end":{"line":83,"column":2}},"48":{"start":{"line":76,"column":67},"end":{"line":83,"column":2}},"49":{"start":{"line":77,"column":2},"end":{"line":82,"column":3}},"50":{"start":{"line":78,"column":20},"end":{"line":78,"column":61}},"51":{"start":{"line":79,"column":4},"end":{"line":79,"column":55}},"52":{"start":{"line":81,"column":4},"end":{"line":81,"column":16}},"53":{"start":{"line":76,"column":13},"end":{"line":76,"column":42}}},"fnMap":{"0":{"name":"(anonymous_7)","decl":{"start":{"line":6,"column":46},"end":{"line":6,"column":53}},"loc":{"start":{"line":6,"column":71},"end":{"line":21,"column":2}}},"1":{"name":"(anonymous_8)","decl":{"start":{"line":6,"column":71},"end":{"line":6,"column":null}},"loc":{"start":{"line":6,"column":71},"end":{"line":21,"column":1}}},"2":{"name":"(anonymous_9)","decl":{"start":{"line":23,"column":40},"end":{"line":23,"column":47}},"loc":{"start":{"line":23,"column":65},"end":{"line":38,"column":2}}},"3":{"name":"(anonymous_10)","decl":{"start":{"line":23,"column":65},"end":{"line":23,"column":null}},"loc":{"start":{"line":23,"column":65},"end":{"line":38,"column":1}}},"4":{"name":"(anonymous_11)","decl":{"start":{"line":40,"column":43},"end":{"line":40,"column":50}},"loc":{"start":{"line":40,"column":68},"end":{"line":47,"column":2}}},"5":{"name":"(anonymous_12)","decl":{"start":{"line":40,"column":68},"end":{"line":40,"column":null}},"loc":{"start":{"line":40,"column":68},"end":{"line":47,"column":1}}},"6":{"name":"(anonymous_13)","decl":{"start":{"line":49,"column":51},"end":{"line":49,"column":58}},"loc":{"start":{"line":49,"column":76},"end":{"line":56,"column":2}}},"7":{"name":"(anonymous_14)","decl":{"start":{"line":49,"column":76},"end":{"line":49,"column":null}},"loc":{"start":{"line":49,"column":76},"end":{"line":56,"column":1}}},"8":{"name":"(anonymous_15)","decl":{"start":{"line":58,"column":42},"end":{"line":58,"column":49}},"loc":{"start":{"line":58,"column":67},"end":{"line":65,"column":2}}},"9":{"name":"(anonymous_16)","decl":{"start":{"line":58,"column":67},"end":{"line":58,"column":null}},"loc":{"start":{"line":58,"column":67},"end":{"line":65,"column":1}}},"10":{"name":"(anonymous_17)","decl":{"start":{"line":67,"column":42},"end":{"line":67,"column":49}},"loc":{"start":{"line":67,"column":67},"end":{"line":74,"column":2}}},"11":{"name":"(anonymous_18)","decl":{"start":{"line":67,"column":67},"end":{"line":67,"column":null}},"loc":{"start":{"line":67,"column":67},"end":{"line":74,"column":1}}},"12":{"name":"(anonymous_19)","decl":{"start":{"line":76,"column":42},"end":{"line":76,"column":49}},"loc":{"start":{"line":76,"column":67},"end":{"line":83,"column":2}}},"13":{"name":"(anonymous_20)","decl":{"start":{"line":76,"column":67},"end":{"line":76,"column":null}},"loc":{"start":{"line":76,"column":67},"end":{"line":83,"column":1}}}},"branchMap":{},"s":{"0":12,"1":12,"2":12,"3":12,"4":0,"5":0,"6":0,"7":0,"8":0,"9":0,"10":12,"11":12,"12":2,"13":2,"14":2,"15":2,"16":2,"17":0,"18":12,"19":12,"20":4,"21":4,"22":4,"23":4,"24":0,"25":12,"26":12,"27":0,"28":0,"29":0,"30":0,"31":0,"32":12,"33":12,"34":5,"35":5,"36":5,"37":5,"38":0,"39":12,"40":12,"41":2,"42":2,"43":2,"44":2,"45":0,"46":12,"47":12,"48":3,"49":3,"50":3,"51":3,"52":0,"53":12},"f":{"0":0,"1":0,"2":2,"3":2,"4":4,"5":4,"6":0,"7":0,"8":5,"9":5,"10":2,"11":2,"12":3,"13":3},"b":{}}
,"/Users/nikodev/Development/Virtualisa-challenge/Api-Rest-Virtualiza/src/controllers/vehicles.contollers.ts": {"path":"/Users/nikodev/Development/Virtualisa-challenge/Api-Rest-Virtualiza/src/controllers/vehicles.contollers.ts","statementMap":{"0":{"start":{"line":2,"column":0},"end":{"line":2,"column":53}},"1":{"start":{"line":3,"column":0},"end":{"line":3,"column":55}},"2":{"start":{"line":4,"column":0},"end":{"line":4,"column":55}},"3":{"start":{"line":6,"column":63},"end":{"line":23,"column":2}},"4":{"start":{"line":10,"column":4},"end":{"line":23,"column":2}},"5":{"start":{"line":11,"column":2},"end":{"line":22,"column":3}},"6":{"start":{"line":12,"column":20},"end":{"line":12,"column":37}},"7":{"start":{"line":13,"column":19},"end":{"line":13,"column":76}},"8":{"start":{"line":14,"column":4},"end":{"line":19,"column":6}},"9":{"start":{"line":21,"column":4},"end":{"line":21,"column":16}},"10":{"start":{"line":6,"column":13},"end":{"line":6,"column":63}},"11":{"start":{"line":25,"column":53},"end":{"line":38,"column":2}},"12":{"start":{"line":25,"column":78},"end":{"line":38,"column":2}},"13":{"start":{"line":26,"column":2},"end":{"line":37,"column":3}},"14":{"start":{"line":27,"column":20},"end":{"line":27,"column":37}},"15":{"start":{"line":28,"column":19},"end":{"line":28,"column":63}},"16":{"start":{"line":29,"column":4},"end":{"line":34,"column":6}},"17":{"start":{"line":36,"column":4},"end":{"line":36,"column":16}},"18":{"start":{"line":25,"column":13},"end":{"line":25,"column":53}},"19":{"start":{"line":40,"column":43},"end":{"line":53,"column":2}},"20":{"start":{"line":40,"column":68},"end":{"line":53,"column":2}},"21":{"start":{"line":41,"column":2},"end":{"line":52,"column":3}},"22":{"start":{"line":42,"column":20},"end":{"line":42,"column":37}},"23":{"start":{"line":43,"column":19},"end":{"line":43,"column":56}},"24":{"start":{"line":44,"column":4},"end":{"line":49,"column":6}},"25":{"start":{"line":51,"column":4},"end":{"line":51,"column":16}},"26":{"start":{"line":40,"column":13},"end":{"line":40,"column":43}},"27":{"start":{"line":55,"column":46},"end":{"line":62,"column":2}},"28":{"start":{"line":55,"column":71},"end":{"line":62,"column":2}},"29":{"start":{"line":56,"column":2},"end":{"line":61,"column":3}},"30":{"start":{"line":57,"column":20},"end":{"line":57,"column":64}},"31":{"start":{"line":58,"column":4},"end":{"line":58,"column":55}},"32":{"start":{"line":60,"column":4},"end":{"line":60,"column":16}},"33":{"start":{"line":55,"column":13},"end":{"line":55,"column":46}},"34":{"start":{"line":64,"column":45},"end":{"line":71,"column":2}},"35":{"start":{"line":64,"column":70},"end":{"line":71,"column":2}},"36":{"start":{"line":65,"column":2},"end":{"line":70,"column":3}},"37":{"start":{"line":66,"column":20},"end":{"line":66,"column":58}},"38":{"start":{"line":67,"column":4},"end":{"line":67,"column":67}},"39":{"start":{"line":69,"column":4},"end":{"line":69,"column":16}},"40":{"start":{"line":64,"column":13},"end":{"line":64,"column":45}},"41":{"start":{"line":73,"column":45},"end":{"line":80,"column":2}},"42":{"start":{"line":73,"column":70},"end":{"line":80,"column":2}},"43":{"start":{"line":74,"column":2},"end":{"line":79,"column":3}},"44":{"start":{"line":75,"column":20},"end":{"line":75,"column":73}},"45":{"start":{"line":76,"column":4},"end":{"line":76,"column":55}},"46":{"start":{"line":78,"column":4},"end":{"line":78,"column":16}},"47":{"start":{"line":73,"column":13},"end":{"line":73,"column":45}},"48":{"start":{"line":82,"column":45},"end":{"line":89,"column":2}},"49":{"start":{"line":82,"column":70},"end":{"line":89,"column":2}},"50":{"start":{"line":83,"column":2},"end":{"line":88,"column":3}},"51":{"start":{"line":84,"column":20},"end":{"line":84,"column":64}},"52":{"start":{"line":85,"column":4},"end":{"line":85,"column":55}},"53":{"start":{"line":87,"column":4},"end":{"line":87,"column":16}},"54":{"start":{"line":82,"column":13},"end":{"line":82,"column":45}},"55":{"start":{"line":91,"column":44},"end":{"line":98,"column":2}},"56":{"start":{"line":91,"column":69},"end":{"line":98,"column":2}},"57":{"start":{"line":92,"column":2},"end":{"line":97,"column":3}},"58":{"start":{"line":93,"column":20},"end":{"line":93,"column":62}},"59":{"start":{"line":94,"column":4},"end":{"line":94,"column":55}},"60":{"start":{"line":96,"column":4},"end":{"line":96,"column":16}},"61":{"start":{"line":91,"column":13},"end":{"line":91,"column":44}}},"fnMap":{"0":{"name":"(anonymous_7)","decl":{"start":{"line":6,"column":63},"end":{"line":6,"column":null}},"loc":{"start":{"line":10,"column":4},"end":{"line":23,"column":2}}},"1":{"name":"(anonymous_8)","decl":{"start":{"line":10,"column":4},"end":{"line":10,"column":null}},"loc":{"start":{"line":10,"column":4},"end":{"line":23,"column":1}}},"2":{"name":"(anonymous_9)","decl":{"start":{"line":25,"column":53},"end":{"line":25,"column":60}},"loc":{"start":{"line":25,"column":78},"end":{"line":38,"column":2}}},"3":{"name":"(anonymous_10)","decl":{"start":{"line":25,"column":78},"end":{"line":25,"column":null}},"loc":{"start":{"line":25,"column":78},"end":{"line":38,"column":1}}},"4":{"name":"(anonymous_11)","decl":{"start":{"line":40,"column":43},"end":{"line":40,"column":50}},"loc":{"start":{"line":40,"column":68},"end":{"line":53,"column":2}}},"5":{"name":"(anonymous_12)","decl":{"start":{"line":40,"column":68},"end":{"line":40,"column":null}},"loc":{"start":{"line":40,"column":68},"end":{"line":53,"column":1}}},"6":{"name":"(anonymous_13)","decl":{"start":{"line":55,"column":46},"end":{"line":55,"column":53}},"loc":{"start":{"line":55,"column":71},"end":{"line":62,"column":2}}},"7":{"name":"(anonymous_14)","decl":{"start":{"line":55,"column":71},"end":{"line":55,"column":null}},"loc":{"start":{"line":55,"column":71},"end":{"line":62,"column":1}}},"8":{"name":"(anonymous_15)","decl":{"start":{"line":64,"column":45},"end":{"line":64,"column":52}},"loc":{"start":{"line":64,"column":70},"end":{"line":71,"column":2}}},"9":{"name":"(anonymous_16)","decl":{"start":{"line":64,"column":70},"end":{"line":64,"column":null}},"loc":{"start":{"line":64,"column":70},"end":{"line":71,"column":1}}},"10":{"name":"(anonymous_17)","decl":{"start":{"line":73,"column":45},"end":{"line":73,"column":52}},"loc":{"start":{"line":73,"column":70},"end":{"line":80,"column":2}}},"11":{"name":"(anonymous_18)","decl":{"start":{"line":73,"column":70},"end":{"line":73,"column":null}},"loc":{"start":{"line":73,"column":70},"end":{"line":80,"column":1}}},"12":{"name":"(anonymous_19)","decl":{"start":{"line":82,"column":45},"end":{"line":82,"column":52}},"loc":{"start":{"line":82,"column":70},"end":{"line":89,"column":2}}},"13":{"name":"(anonymous_20)","decl":{"start":{"line":82,"column":70},"end":{"line":82,"column":null}},"loc":{"start":{"line":82,"column":70},"end":{"line":89,"column":1}}},"14":{"name":"(anonymous_21)","decl":{"start":{"line":91,"column":44},"end":{"line":91,"column":51}},"loc":{"start":{"line":91,"column":69},"end":{"line":98,"column":2}}},"15":{"name":"(anonymous_22)","decl":{"start":{"line":91,"column":69},"end":{"line":91,"column":null}},"loc":{"start":{"line":91,"column":69},"end":{"line":98,"column":1}}}},"branchMap":{},"s":{"0":12,"1":12,"2":12,"3":12,"4":0,"5":0,"6":0,"7":0,"8":0,"9":0,"10":12,"11":12,"12":0,"13":0,"14":0,"15":0,"16":0,"17":0,"18":12,"19":12,"20":2,"21":2,"22":2,"23":2,"24":2,"25":0,"26":12,"27":12,"28":9,"29":9,"30":9,"31":9,"32":0,"33":12,"34":12,"35":12,"36":12,"37":12,"38":12,"39":0,"40":12,"41":12,"42":2,"43":2,"44":2,"45":2,"46":0,"47":12,"48":12,"49":2,"50":2,"51":2,"52":2,"53":0,"54":12,"55":12,"56":2,"57":2,"58":2,"59":2,"60":0,"61":12},"f":{"0":0,"1":0,"2":0,"3":0,"4":2,"5":2,"6":9,"7":9,"8":12,"9":12,"10":2,"11":2,"12":2,"13":2,"14":2,"15":2},"b":{}}
,"/Users/nikodev/Development/Virtualisa-challenge/Api-Rest-Virtualiza/src/domain/constants/index.ts": {"path":"/Users/nikodev/Development/Virtualisa-challenge/Api-Rest-Virtualiza/src/domain/constants/index.ts","statementMap":{"0":{"start":{"line":1,"column":13},"end":{"line":1,"column":30}},"1":{"start":{"line":4,"column":13},"end":{"line":4,"column":39}},"2":{"start":{"line":7,"column":13},"end":{"line":11,"column":2}},"3":{"start":{"line":14,"column":13},"end":{"line":18,"column":2}},"4":{"start":{"line":20,"column":13},"end":{"line":20,"column":35}},"5":{"start":{"line":21,"column":13},"end":{"line":21,"column":37}}},"fnMap":{},"branchMap":{},"s":{"0":12,"1":12,"2":12,"3":12,"4":12,"5":12},"f":{},"b":{}}
,"/Users/nikodev/Development/Virtualisa-challenge/Api-Rest-Virtualiza/src/domain/models/Driver.ts": {"path":"/Users/nikodev/Development/Virtualisa-challenge/Api-Rest-Virtualiza/src/domain/models/Driver.ts","statementMap":{"0":{"start":{"line":1,"column":0},"end":{"line":1,"column":45}},"1":{"start":{"line":2,"column":0},"end":{"line":2,"column":37}},"2":{"start":{"line":3,"column":0},"end":{"line":3,"column":55}},"3":{"start":{"line":6,"column":13},"end":{"line":46,"column":2}}},"fnMap":{},"branchMap":{},"s":{"0":12,"1":12,"2":12,"3":12},"f":{},"b":{}}
,"/Users/nikodev/Development/Virtualisa-challenge/Api-Rest-Virtualiza/src/domain/models/Trip.ts": {"path":"/Users/nikodev/Development/Virtualisa-challenge/Api-Rest-Virtualiza/src/domain/models/Trip.ts","statementMap":{"0":{"start":{"line":1,"column":0},"end":{"line":1,"column":45}},"1":{"start":{"line":2,"column":0},"end":{"line":2,"column":55}},"2":{"start":{"line":4,"column":0},"end":{"line":4,"column":34}},"3":{"start":{"line":5,"column":0},"end":{"line":5,"column":36}},"4":{"start":{"line":7,"column":13},"end":{"line":35,"column":2}},"5":{"start":{"line":38,"column":0},"end":{"line":38,"column":50}},"6":{"start":{"line":39,"column":0},"end":{"line":39,"column":52}},"7":{"start":{"line":41,"column":0},"end":{"line":41,"column":52}},"8":{"start":{"line":42,"column":0},"end":{"line":42,"column":54}}},"fnMap":{},"branchMap":{},"s":{"0":12,"1":12,"2":12,"3":12,"4":12,"5":12,"6":12,"7":12,"8":12},"f":{},"b":{}}
,"/Users/nikodev/Development/Virtualisa-challenge/Api-Rest-Virtualiza/src/domain/models/Vehicle.ts": {"path":"/Users/nikodev/Development/Virtualisa-challenge/Api-Rest-Virtualiza/src/domain/models/Vehicle.ts","statementMap":{"0":{"start":{"line":1,"column":0},"end":{"line":1,"column":45}},"1":{"start":{"line":2,"column":0},"end":{"line":2,"column":55}},"2":{"start":{"line":5,"column":13},"end":{"line":41,"column":2}}},"fnMap":{},"branchMap":{},"s":{"0":12,"1":12,"2":12},"f":{},"b":{}}
,"/Users/nikodev/Development/Virtualisa-challenge/Api-Rest-Virtualiza/src/domain/models/index.ts": {"path":"/Users/nikodev/Development/Virtualisa-challenge/Api-Rest-Virtualiza/src/domain/models/index.ts","statementMap":{"0":{"start":{"line":1,"column":0},"end":{"line":1,"column":24}},"1":{"start":{"line":2,"column":0},"end":{"line":2,"column":25}},"2":{"start":{"line":3,"column":0},"end":{"line":3,"column":22}}},"fnMap":{},"branchMap":{},"s":{"0":12,"1":12,"2":12},"f":{},"b":{}}
,"/Users/nikodev/Development/Virtualisa-challenge/Api-Rest-Virtualiza/src/domain/services/driverServices.ts": {"path":"/Users/nikodev/Development/Virtualisa-challenge/Api-Rest-Virtualiza/src/domain/services/driverServices.ts","statementMap":{"0":{"start":{"line":2,"column":0},"end":{"line":2,"column":74}},"1":{"start":{"line":4,"column":0},"end":{"line":4,"column":42}},"2":{"start":{"line":5,"column":0},"end":{"line":5,"column":35}},"3":{"start":{"line":6,"column":0},"end":{"line":6,"column":46}},"4":{"start":{"line":9,"column":22},"end":{"line":11,"column":2}},"5":{"start":{"line":9,"column":57},"end":{"line":11,"column":2}},"6":{"start":{"line":10,"column":2},"end":{"line":10,"column":58}},"7":{"start":{"line":14,"column":25},"end":{"line":20,"column":2}},"8":{"start":{"line":14,"column":70},"end":{"line":20,"column":2}},"9":{"start":{"line":15,"column":2},"end":{"line":19,"column":5}},"10":{"start":{"line":22,"column":15},"end":{"line":40,"column":2}},"11":{"start":{"line":22,"column":60},"end":{"line":40,"column":2}},"12":{"start":{"line":23,"column":2},"end":{"line":39,"column":5}},"13":{"start":{"line":26,"column":28},"end":{"line":39,"column":4}},"14":{"start":{"line":27,"column":4},"end":{"line":37,"column":5}},"15":{"start":{"line":28,"column":23},"end":{"line":29,"column":null}},"16":{"start":{"line":32,"column":6},"end":{"line":36,"column":7}},"17":{"start":{"line":33,"column":27},"end":{"line":33,"column":48}},"18":{"start":{"line":34,"column":8},"end":{"line":34,"column":50}},"19":{"start":{"line":35,"column":8},"end":{"line":35,"column":53}},"20":{"start":{"line":38,"column":4},"end":{"line":38,"column":19}},"21":{"start":{"line":42,"column":16},"end":{"line":56,"column":2}},"22":{"start":{"line":42,"column":37},"end":{"line":56,"column":2}},"23":{"start":{"line":43,"column":17},"end":{"line":43,"column":42}},"24":{"start":{"line":45,"column":2},"end":{"line":45,"column":28}},"25":{"start":{"line":45,"column":15},"end":{"line":45,"column":28}},"26":{"start":{"line":47,"column":19},"end":{"line":47,"column":79}},"27":{"start":{"line":49,"column":2},"end":{"line":53,"column":3}},"28":{"start":{"line":50,"column":23},"end":{"line":50,"column":44}},"29":{"start":{"line":51,"column":4},"end":{"line":51,"column":50}},"30":{"start":{"line":52,"column":4},"end":{"line":52,"column":53}},"31":{"start":{"line":55,"column":2},"end":{"line":55,"column":16}},"32":{"start":{"line":58,"column":15},"end":{"line":69,"column":2}},"33":{"start":{"line":58,"column":51},"end":{"line":69,"column":2}},"34":{"start":{"line":59,"column":55},"end":{"line":59,"column":62}},"35":{"start":{"line":59,"column":50},"end":{"line":59,"column":55}},"36":{"start":{"line":61,"column":20},"end":{"line":65,"column":null}},"37":{"start":{"line":68,"column":2},"end":{"line":68,"column":41}},"38":{"start":{"line":71,"column":15},"end":{"line":74,"column":2}},"39":{"start":{"line":71,"column":63},"end":{"line":74,"column":2}},"40":{"start":{"line":72,"column":19},"end":{"line":72,"column":66}},"41":{"start":{"line":73,"column":2},"end":{"line":73,"column":33}},"42":{"start":{"line":76,"column":16},"end":{"line":79,"column":2}},"43":{"start":{"line":76,"column":37},"end":{"line":79,"column":2}},"44":{"start":{"line":77,"column":19},"end":{"line":77,"column":78}},"45":{"start":{"line":78,"column":2},"end":{"line":78,"column":33}},"46":{"start":{"line":82,"column":26},"end":{"line":88,"column":2}},"47":{"start":{"line":82,"column":47},"end":{"line":88,"column":2}},"48":{"start":{"line":83,"column":19},"end":{"line":85,"column":null}},"49":{"start":{"line":87,"column":2},"end":{"line":87,"column":33}},"50":{"start":{"line":90,"column":13},"end":{"line":99,"column":2}}},"fnMap":{"0":{"name":"(anonymous_8)","decl":{"start":{"line":9,"column":22},"end":{"line":9,"column":29}},"loc":{"start":{"line":9,"column":57},"end":{"line":11,"column":2}}},"1":{"name":"(anonymous_9)","decl":{"start":{"line":9,"column":57},"end":{"line":9,"column":null}},"loc":{"start":{"line":9,"column":57},"end":{"line":11,"column":1}}},"2":{"name":"(anonymous_10)","decl":{"start":{"line":14,"column":25},"end":{"line":14,"column":32}},"loc":{"start":{"line":14,"column":70},"end":{"line":20,"column":2}}},"3":{"name":"(anonymous_11)","decl":{"start":{"line":14,"column":70},"end":{"line":14,"column":null}},"loc":{"start":{"line":14,"column":66},"end":{"line":20,"column":1}}},"4":{"name":"(anonymous_12)","decl":{"start":{"line":22,"column":15},"end":{"line":22,"column":22}},"loc":{"start":{"line":22,"column":60},"end":{"line":40,"column":2}}},"5":{"name":"(anonymous_13)","decl":{"start":{"line":22,"column":60},"end":{"line":22,"column":null}},"loc":{"start":{"line":22,"column":56},"end":{"line":40,"column":1}}},"6":{"name":"(anonymous_14)","decl":{"start":{"line":26,"column":10},"end":{"line":26,"column":17}},"loc":{"start":{"line":26,"column":28},"end":{"line":39,"column":4}}},"7":{"name":"(anonymous_15)","decl":{"start":{"line":26,"column":28},"end":{"line":26,"column":null}},"loc":{"start":{"line":26,"column":28},"end":{"line":39,"column":3}}},"8":{"name":"(anonymous_16)","decl":{"start":{"line":42,"column":16},"end":{"line":42,"column":23}},"loc":{"start":{"line":42,"column":37},"end":{"line":56,"column":2}}},"9":{"name":"(anonymous_17)","decl":{"start":{"line":42,"column":37},"end":{"line":42,"column":null}},"loc":{"start":{"line":42,"column":37},"end":{"line":56,"column":1}}},"10":{"name":"(anonymous_18)","decl":{"start":{"line":58,"column":15},"end":{"line":58,"column":22}},"loc":{"start":{"line":58,"column":51},"end":{"line":69,"column":2}}},"11":{"name":"(anonymous_19)","decl":{"start":{"line":58,"column":51},"end":{"line":58,"column":null}},"loc":{"start":{"line":58,"column":51},"end":{"line":69,"column":1}}},"12":{"name":"(anonymous_20)","decl":{"start":{"line":71,"column":15},"end":{"line":71,"column":22}},"loc":{"start":{"line":71,"column":63},"end":{"line":74,"column":2}}},"13":{"name":"(anonymous_21)","decl":{"start":{"line":71,"column":63},"end":{"line":71,"column":null}},"loc":{"start":{"line":71,"column":63},"end":{"line":74,"column":1}}},"14":{"name":"(anonymous_22)","decl":{"start":{"line":76,"column":16},"end":{"line":76,"column":23}},"loc":{"start":{"line":76,"column":37},"end":{"line":79,"column":2}}},"15":{"name":"(anonymous_23)","decl":{"start":{"line":76,"column":37},"end":{"line":76,"column":null}},"loc":{"start":{"line":76,"column":37},"end":{"line":79,"column":1}}},"16":{"name":"(anonymous_24)","decl":{"start":{"line":82,"column":26},"end":{"line":82,"column":33}},"loc":{"start":{"line":82,"column":47},"end":{"line":88,"column":2}}},"17":{"name":"(anonymous_25)","decl":{"start":{"line":82,"column":47},"end":{"line":82,"column":null}},"loc":{"start":{"line":82,"column":47},"end":{"line":88,"column":1}}}},"branchMap":{"0":{"loc":{"start":{"line":32,"column":6},"end":{"line":36,"column":7}},"type":"if","locations":[{"start":{"line":32,"column":6},"end":{"line":36,"column":7}}]},"1":{"loc":{"start":{"line":35,"column":39},"end":{"line":35,"column":52}},"type":"cond-expr","locations":[{"start":{"line":35,"column":39},"end":{"line":35,"column":47}},{"start":{"line":35,"column":51},"end":{"line":35,"column":52}}]},"2":{"loc":{"start":{"line":35,"column":39},"end":{"line":35,"column":51}},"type":"binary-expr","locations":[{"start":{"line":35,"column":39},"end":{"line":35,"column":51}},{"start":{"line":35,"column":39},"end":{"line":35,"column":51}}]},"3":{"loc":{"start":{"line":45,"column":2},"end":{"line":45,"column":28}},"type":"if","locations":[{"start":{"line":45,"column":2},"end":{"line":45,"column":28}}]},"4":{"loc":{"start":{"line":49,"column":2},"end":{"line":53,"column":3}},"type":"if","locations":[{"start":{"line":49,"column":2},"end":{"line":53,"column":3}}]},"5":{"loc":{"start":{"line":52,"column":38},"end":{"line":52,"column":51}},"type":"cond-expr","locations":[{"start":{"line":52,"column":38},"end":{"line":52,"column":46}},{"start":{"line":52,"column":50},"end":{"line":52,"column":51}}]},"6":{"loc":{"start":{"line":52,"column":38},"end":{"line":52,"column":50}},"type":"binary-expr","locations":[{"start":{"line":52,"column":38},"end":{"line":52,"column":50}},{"start":{"line":52,"column":38},"end":{"line":52,"column":50}}]}},"s":{"0":12,"1":12,"2":12,"3":12,"4":12,"5":0,"6":0,"7":12,"8":0,"9":0,"10":12,"11":10,"12":10,"13":10,"14":10,"15":0,"16":0,"17":0,"18":0,"19":0,"20":10,"21":12,"22":20,"23":20,"24":20,"25":1,"26":19,"27":19,"28":0,"29":0,"30":0,"31":19,"32":12,"33":10,"34":10,"35":10,"36":10,"37":10,"38":12,"39":2,"40":2,"41":2,"42":12,"43":2,"44":2,"45":2,"46":12,"47":9,"48":9,"49":9,"50":12},"f":{"0":0,"1":0,"2":0,"3":0,"4":10,"5":10,"6":10,"7":10,"8":20,"9":20,"10":10,"11":10,"12":2,"13":2,"14":2,"15":2,"16":9,"17":9},"b":{"0":[0],"1":[0,0],"2":[0,0],"3":[1],"4":[0],"5":[0,0],"6":[0,0]}}
,"/Users/nikodev/Development/Virtualisa-challenge/Api-Rest-Virtualiza/src/domain/services/index.ts": {"path":"/Users/nikodev/Development/Virtualisa-challenge/Api-Rest-Virtualiza/src/domain/services/index.ts","statementMap":{"0":{"start":{"line":1,"column":0},"end":{"line":1,"column":9}},"1":{"start":{"line":1,"column":9},"end":{"line":1,"column":46}},"2":{"start":{"line":3,"column":0},"end":{"line":3,"column":9}},"3":{"start":{"line":3,"column":9},"end":{"line":3,"column":50}},"4":{"start":{"line":4,"column":0},"end":{"line":4,"column":9}},"5":{"start":{"line":4,"column":9},"end":{"line":4,"column":52}}},"fnMap":{"0":{"name":"(anonymous_0)","decl":{"start":{"line":1,"column":9},"end":{"line":1,"column":21}},"loc":{"start":{"line":1,"column":9},"end":{"line":1,"column":46}}},"1":{"name":"(anonymous_1)","decl":{"start":{"line":3,"column":9},"end":{"line":3,"column":23}},"loc":{"start":{"line":3,"column":9},"end":{"line":3,"column":50}}},"2":{"name":"(anonymous_2)","decl":{"start":{"line":4,"column":9},"end":{"line":4,"column":24}},"loc":{"start":{"line":4,"column":9},"end":{"line":4,"column":52}}}},"branchMap":{},"s":{"0":12,"1":28,"2":12,"3":60,"4":12,"5":41},"f":{"0":16,"1":48,"2":29},"b":{}}
,"/Users/nikodev/Development/Virtualisa-challenge/Api-Rest-Virtualiza/src/domain/services/tripServices.ts": {"path":"/Users/nikodev/Development/Virtualisa-challenge/Api-Rest-Virtualiza/src/domain/services/tripServices.ts","statementMap":{"0":{"start":{"line":1,"column":0},"end":{"line":1,"column":31}},"1":{"start":{"line":3,"column":0},"end":{"line":3,"column":null}},"2":{"start":{"line":8,"column":0},"end":{"line":8,"column":33}},"3":{"start":{"line":9,"column":0},"end":{"line":9,"column":50}},"4":{"start":{"line":10,"column":0},"end":{"line":10,"column":52}},"5":{"start":{"line":12,"column":0},"end":{"line":12,"column":55}},"6":{"start":{"line":14,"column":15},"end":{"line":32,"column":2}},"7":{"start":{"line":14,"column":60},"end":{"line":32,"column":2}},"8":{"start":{"line":15,"column":2},"end":{"line":31,"column":5}},"9":{"start":{"line":35,"column":24},"end":{"line":51,"column":2}},"10":{"start":{"line":35,"column":45},"end":{"line":51,"column":2}},"11":{"start":{"line":36,"column":2},"end":{"line":50,"column":5}},"12":{"start":{"line":53,"column":16},"end":{"line":57,"column":2}},"13":{"start":{"line":53,"column":37},"end":{"line":57,"column":2}},"14":{"start":{"line":54,"column":2},"end":{"line":56,"column":5}},"15":{"start":{"line":59,"column":15},"end":{"line":77,"column":2}},"16":{"start":{"line":59,"column":49},"end":{"line":77,"column":2}},"17":{"start":{"line":60,"column":55},"end":{"line":60,"column":62}},"18":{"start":{"line":60,"column":50},"end":{"line":60,"column":55}},"19":{"start":{"line":62,"column":22},"end":{"line":62,"column":66}},"20":{"start":{"line":63,"column":23},"end":{"line":63,"column":69}},"21":{"start":{"line":65,"column":2},"end":{"line":65,"column":50}},"22":{"start":{"line":65,"column":37},"end":{"line":65,"column":50}},"23":{"start":{"line":67,"column":18},"end":{"line":71,"column":null}},"24":{"start":{"line":74,"column":2},"end":{"line":74,"column":69}},"25":{"start":{"line":76,"column":2},"end":{"line":76,"column":39}},"26":{"start":{"line":79,"column":15},"end":{"line":90,"column":2}},"27":{"start":{"line":79,"column":59},"end":{"line":90,"column":2}},"28":{"start":{"line":80,"column":2},"end":{"line":86,"column":3}},"29":{"start":{"line":81,"column":17},"end":{"line":81,"column":40}},"30":{"start":{"line":83,"column":22},"end":{"line":83,"column":55}},"31":{"start":{"line":85,"column":4},"end":{"line":85,"column":59}},"32":{"start":{"line":88,"column":19},"end":{"line":88,"column":62}},"33":{"start":{"line":89,"column":2},"end":{"line":89,"column":33}},"34":{"start":{"line":92,"column":16},"end":{"line":95,"column":2}},"35":{"start":{"line":92,"column":37},"end":{"line":95,"column":2}},"36":{"start":{"line":93,"column":19},"end":{"line":93,"column":77}},"37":{"start":{"line":94,"column":2},"end":{"line":94,"column":33}},"38":{"start":{"line":97,"column":28},"end":{"line":106,"column":2}},"39":{"start":{"line":97,"column":49},"end":{"line":106,"column":2}},"40":{"start":{"line":98,"column":2},"end":{"line":105,"column":5}},"41":{"start":{"line":113,"column":29},"end":{"line":144,"column":2}},"42":{"start":{"line":113,"column":66},"end":{"line":144,"column":2}},"43":{"start":{"line":114,"column":2},"end":{"line":143,"column":5}},"44":{"start":{"line":149,"column":40},"end":{"line":170,"column":2}},"45":{"start":{"line":149,"column":77},"end":{"line":170,"column":2}},"46":{"start":{"line":150,"column":2},"end":{"line":169,"column":5}},"47":{"start":{"line":175,"column":23},"end":{"line":203,"column":2}},"48":{"start":{"line":175,"column":60},"end":{"line":203,"column":2}},"49":{"start":{"line":176,"column":2},"end":{"line":202,"column":5}},"50":{"start":{"line":205,"column":13},"end":{"line":216,"column":2}}},"fnMap":{"0":{"name":"(anonymous_9)","decl":{"start":{"line":14,"column":15},"end":{"line":14,"column":22}},"loc":{"start":{"line":14,"column":60},"end":{"line":32,"column":2}}},"1":{"name":"(anonymous_10)","decl":{"start":{"line":14,"column":60},"end":{"line":14,"column":null}},"loc":{"start":{"line":14,"column":56},"end":{"line":32,"column":1}}},"2":{"name":"(anonymous_11)","decl":{"start":{"line":35,"column":24},"end":{"line":35,"column":31}},"loc":{"start":{"line":35,"column":45},"end":{"line":51,"column":2}}},"3":{"name":"(anonymous_12)","decl":{"start":{"line":35,"column":45},"end":{"line":35,"column":null}},"loc":{"start":{"line":35,"column":45},"end":{"line":51,"column":1}}},"4":{"name":"(anonymous_13)","decl":{"start":{"line":53,"column":16},"end":{"line":53,"column":23}},"loc":{"start":{"line":53,"column":37},"end":{"line":57,"column":2}}},"5":{"name":"(anonymous_14)","decl":{"start":{"line":53,"column":37},"end":{"line":53,"column":null}},"loc":{"start":{"line":53,"column":37},"end":{"line":57,"column":1}}},"6":{"name":"(anonymous_15)","decl":{"start":{"line":59,"column":15},"end":{"line":59,"column":22}},"loc":{"start":{"line":59,"column":49},"end":{"line":77,"column":2}}},"7":{"name":"(anonymous_16)","decl":{"start":{"line":59,"column":49},"end":{"line":59,"column":null}},"loc":{"start":{"line":59,"column":49},"end":{"line":77,"column":1}}},"8":{"name":"(anonymous_17)","decl":{"start":{"line":79,"column":15},"end":{"line":79,"column":22}},"loc":{"start":{"line":79,"column":59},"end":{"line":90,"column":2}}},"9":{"name":"(anonymous_18)","decl":{"start":{"line":79,"column":59},"end":{"line":79,"column":null}},"loc":{"start":{"line":79,"column":59},"end":{"line":90,"column":1}}},"10":{"name":"(anonymous_19)","decl":{"start":{"line":92,"column":16},"end":{"line":92,"column":23}},"loc":{"start":{"line":92,"column":37},"end":{"line":95,"column":2}}},"11":{"name":"(anonymous_20)","decl":{"start":{"line":92,"column":37},"end":{"line":92,"column":null}},"loc":{"start":{"line":92,"column":37},"end":{"line":95,"column":1}}},"12":{"name":"(anonymous_21)","decl":{"start":{"line":97,"column":28},"end":{"line":97,"column":35}},"loc":{"start":{"line":97,"column":49},"end":{"line":106,"column":2}}},"13":{"name":"(anonymous_22)","decl":{"start":{"line":97,"column":49},"end":{"line":97,"column":null}},"loc":{"start":{"line":97,"column":49},"end":{"line":106,"column":1}}},"14":{"name":"(anonymous_23)","decl":{"start":{"line":113,"column":29},"end":{"line":113,"column":36}},"loc":{"start":{"line":113,"column":66},"end":{"line":144,"column":2}}},"15":{"name":"(anonymous_24)","decl":{"start":{"line":113,"column":66},"end":{"line":113,"column":null}},"loc":{"start":{"line":113,"column":62},"end":{"line":144,"column":1}}},"16":{"name":"(anonymous_25)","decl":{"start":{"line":149,"column":40},"end":{"line":149,"column":47}},"loc":{"start":{"line":149,"column":77},"end":{"line":170,"column":2}}},"17":{"name":"(anonymous_26)","decl":{"start":{"line":149,"column":77},"end":{"line":149,"column":null}},"loc":{"start":{"line":149,"column":73},"end":{"line":170,"column":1}}},"18":{"name":"(anonymous_27)","decl":{"start":{"line":175,"column":23},"end":{"line":175,"column":30}},"loc":{"start":{"line":175,"column":60},"end":{"line":203,"column":2}}},"19":{"name":"(anonymous_28)","decl":{"start":{"line":175,"column":60},"end":{"line":175,"column":null}},"loc":{"start":{"line":175,"column":56},"end":{"line":203,"column":1}}}},"branchMap":{"0":{"loc":{"start":{"line":65,"column":2},"end":{"line":65,"column":50}},"type":"if","locations":[{"start":{"line":65,"column":2},"end":{"line":65,"column":50}}]},"1":{"loc":{"start":{"line":65,"column":6},"end":{"line":65,"column":35}},"type":"binary-expr","locations":[{"start":{"line":65,"column":6},"end":{"line":65,"column":18}},{"start":{"line":65,"column":22},"end":{"line":65,"column":35}}]},"2":{"loc":{"start":{"line":80,"column":2},"end":{"line":86,"column":3}},"type":"if","locations":[{"start":{"line":80,"column":2},"end":{"line":86,"column":3}}]},"3":{"loc":{"start":{"line":83,"column":22},"end":{"line":83,"column":43}},"type":"cond-expr","locations":[{"start":{"line":83,"column":26},"end":{"line":83,"column":28}},{"start":{"line":83,"column":22},"end":{"line":83,"column":43}}]},"4":{"loc":{"start":{"line":83,"column":22},"end":{"line":83,"column":28}},"type":"binary-expr","locations":[{"start":{"line":83,"column":22},"end":{"line":83,"column":28}},{"start":{"line":83,"column":22},"end":{"line":83,"column":28}}]}},"s":{"0":12,"1":12,"2":12,"3":12,"4":12,"5":12,"6":12,"7":2,"8":2,"9":12,"10":0,"11":0,"12":12,"13":4,"14":4,"15":12,"16":5,"17":5,"18":5,"19":5,"20":5,"21":5,"22":0,"23":5,"24":5,"25":5,"26":12,"27":2,"28":2,"29":0,"30":0,"31":0,"32":2,"33":2,"34":12,"35":3,"36":3,"37":3,"38":12,"39":19,"40":19,"41":12,"42":0,"43":0,"44":12,"45":0,"46":0,"47":12,"48":0,"49":0,"50":12},"f":{"0":2,"1":2,"2":0,"3":0,"4":4,"5":4,"6":5,"7":5,"8":2,"9":2,"10":3,"11":3,"12":19,"13":19,"14":0,"15":0,"16":0,"17":0,"18":0,"19":0},"b":{"0":[0],"1":[5,5],"2":[0],"3":[0,0],"4":[0,0]}}
,"/Users/nikodev/Development/Virtualisa-challenge/Api-Rest-Virtualiza/src/domain/services/vehicleServices.ts": {"path":"/Users/nikodev/Development/Virtualisa-challenge/Api-Rest-Virtualiza/src/domain/services/vehicleServices.ts","statementMap":{"0":{"start":{"line":3,"column":0},"end":{"line":3,"column":66}},"1":{"start":{"line":4,"column":0},"end":{"line":4,"column":36}},"2":{"start":{"line":5,"column":0},"end":{"line":5,"column":46}},"3":{"start":{"line":8,"column":35},"end":{"line":10,"column":2}},"4":{"start":{"line":8,"column":70},"end":{"line":10,"column":2}},"5":{"start":{"line":9,"column":2},"end":{"line":9,"column":69}},"6":{"start":{"line":13,"column":22},"end":{"line":19,"column":2}},"7":{"start":{"line":13,"column":67},"end":{"line":19,"column":2}},"8":{"start":{"line":14,"column":2},"end":{"line":18,"column":5}},"9":{"start":{"line":21,"column":15},"end":{"line":23,"column":2}},"10":{"start":{"line":21,"column":50},"end":{"line":23,"column":2}},"11":{"start":{"line":22,"column":2},"end":{"line":22,"column":40}},"12":{"start":{"line":25,"column":16},"end":{"line":27,"column":2}},"13":{"start":{"line":25,"column":37},"end":{"line":27,"column":2}},"14":{"start":{"line":26,"column":2},"end":{"line":26,"column":36}},"15":{"start":{"line":29,"column":15},"end":{"line":32,"column":2}},"16":{"start":{"line":29,"column":53},"end":{"line":32,"column":2}},"17":{"start":{"line":30,"column":21},"end":{"line":30,"column":58}},"18":{"start":{"line":31,"column":2},"end":{"line":31,"column":42}},"19":{"start":{"line":34,"column":15},"end":{"line":37,"column":2}},"20":{"start":{"line":34,"column":65},"end":{"line":37,"column":2}},"21":{"start":{"line":35,"column":19},"end":{"line":35,"column":68}},"22":{"start":{"line":36,"column":2},"end":{"line":36,"column":33}},"23":{"start":{"line":39,"column":16},"end":{"line":42,"column":2}},"24":{"start":{"line":39,"column":37},"end":{"line":42,"column":2}},"25":{"start":{"line":40,"column":19},"end":{"line":40,"column":79}},"26":{"start":{"line":41,"column":2},"end":{"line":41,"column":33}},"27":{"start":{"line":45,"column":20},"end":{"line":58,"column":2}},"28":{"start":{"line":45,"column":58},"end":{"line":58,"column":2}},"29":{"start":{"line":46,"column":18},"end":{"line":46,"column":56}},"30":{"start":{"line":48,"column":2},"end":{"line":48,"column":42}},"31":{"start":{"line":48,"column":16},"end":{"line":48,"column":42}},"32":{"start":{"line":50,"column":18},"end":{"line":50,"column":50}},"33":{"start":{"line":52,"column":19},"end":{"line":54,"column":null}},"34":{"start":{"line":57,"column":2},"end":{"line":57,"column":33}},"35":{"start":{"line":61,"column":14},"end":{"line":67,"column":2}},"36":{"start":{"line":61,"column":35},"end":{"line":67,"column":2}},"37":{"start":{"line":62,"column":19},"end":{"line":64,"column":null}},"38":{"start":{"line":66,"column":2},"end":{"line":66,"column":33}},"39":{"start":{"line":69,"column":13},"end":{"line":79,"column":2}}},"fnMap":{"0":{"name":"(anonymous_7)","decl":{"start":{"line":8,"column":35},"end":{"line":8,"column":42}},"loc":{"start":{"line":8,"column":70},"end":{"line":10,"column":2}}},"1":{"name":"(anonymous_8)","decl":{"start":{"line":8,"column":70},"end":{"line":8,"column":null}},"loc":{"start":{"line":8,"column":70},"end":{"line":10,"column":1}}},"2":{"name":"(anonymous_9)","decl":{"start":{"line":13,"column":22},"end":{"line":13,"column":29}},"loc":{"start":{"line":13,"column":67},"end":{"line":19,"column":2}}},"3":{"name":"(anonymous_10)","decl":{"start":{"line":13,"column":67},"end":{"line":13,"column":null}},"loc":{"start":{"line":13,"column":63},"end":{"line":19,"column":1}}},"4":{"name":"(anonymous_11)","decl":{"start":{"line":21,"column":15},"end":{"line":21,"column":22}},"loc":{"start":{"line":21,"column":50},"end":{"line":23,"column":2}}},"5":{"name":"(anonymous_12)","decl":{"start":{"line":21,"column":50},"end":{"line":21,"column":null}},"loc":{"start":{"line":21,"column":50},"end":{"line":23,"column":1}}},"6":{"name":"(anonymous_13)","decl":{"start":{"line":25,"column":16},"end":{"line":25,"column":23}},"loc":{"start":{"line":25,"column":37},"end":{"line":27,"column":2}}},"7":{"name":"(anonymous_14)","decl":{"start":{"line":25,"column":37},"end":{"line":25,"column":null}},"loc":{"start":{"line":25,"column":37},"end":{"line":27,"column":1}}},"8":{"name":"(anonymous_15)","decl":{"start":{"line":29,"column":15},"end":{"line":29,"column":22}},"loc":{"start":{"line":29,"column":53},"end":{"line":32,"column":2}}},"9":{"name":"(anonymous_16)","decl":{"start":{"line":29,"column":53},"end":{"line":29,"column":null}},"loc":{"start":{"line":29,"column":53},"end":{"line":32,"column":1}}},"10":{"name":"(anonymous_17)","decl":{"start":{"line":34,"column":15},"end":{"line":34,"column":22}},"loc":{"start":{"line":34,"column":65},"end":{"line":37,"column":2}}},"11":{"name":"(anonymous_18)","decl":{"start":{"line":34,"column":65},"end":{"line":34,"column":null}},"loc":{"start":{"line":34,"column":65},"end":{"line":37,"column":1}}},"12":{"name":"(anonymous_19)","decl":{"start":{"line":39,"column":16},"end":{"line":39,"column":23}},"loc":{"start":{"line":39,"column":37},"end":{"line":42,"column":2}}},"13":{"name":"(anonymous_20)","decl":{"start":{"line":39,"column":37},"end":{"line":39,"column":null}},"loc":{"start":{"line":39,"column":37},"end":{"line":42,"column":1}}},"14":{"name":"(anonymous_21)","decl":{"start":{"line":45,"column":20},"end":{"line":45,"column":27}},"loc":{"start":{"line":45,"column":58},"end":{"line":58,"column":2}}},"15":{"name":"(anonymous_22)","decl":{"start":{"line":45,"column":58},"end":{"line":45,"column":null}},"loc":{"start":{"line":45,"column":58},"end":{"line":58,"column":1}}},"16":{"name":"(anonymous_23)","decl":{"start":{"line":61,"column":14},"end":{"line":61,"column":21}},"loc":{"start":{"line":61,"column":35},"end":{"line":67,"column":2}}},"17":{"name":"(anonymous_24)","decl":{"start":{"line":61,"column":35},"end":{"line":61,"column":null}},"loc":{"start":{"line":61,"column":35},"end":{"line":67,"column":1}}}},"branchMap":{"0":{"loc":{"start":{"line":48,"column":2},"end":{"line":48,"column":42}},"type":"if","locations":[{"start":{"line":48,"column":2},"end":{"line":48,"column":42}}]}},"s":{"0":12,"1":12,"2":12,"3":12,"4":0,"5":0,"6":12,"7":0,"8":0,"9":12,"10":2,"11":2,"12":12,"13":19,"14":19,"15":12,"16":12,"17":12,"18":12,"19":12,"20":2,"21":2,"22":2,"23":12,"24":2,"25":2,"26":2,"27":12,"28":5,"29":5,"30":5,"31":0,"32":5,"33":5,"34":5,"35":12,"36":2,"37":2,"38":2,"39":12},"f":{"0":0,"1":0,"2":0,"3":0,"4":2,"5":2,"6":19,"7":19,"8":12,"9":12,"10":2,"11":2,"12":2,"13":2,"14":5,"15":5,"16":2,"17":2},"b":{"0":[0]}}
,"/Users/nikodev/Development/Virtualisa-challenge/Api-Rest-Virtualiza/src/helpers/applyFilters.ts": {"path":"/Users/nikodev/Development/Virtualisa-challenge/Api-Rest-Virtualiza/src/helpers/applyFilters.ts","statementMap":{"0":{"start":{"line":8,"column":28},"end":{"line":12,"column":1}},"1":{"start":{"line":9,"column":17},"end":{"line":9,"column":47}},"2":{"start":{"line":10,"column":16},"end":{"line":10,"column":71}},"3":{"start":{"line":11,"column":2},"end":{"line":11,"column":27}},"4":{"start":{"line":8,"column":13},"end":{"line":8,"column":28}}},"fnMap":{"0":{"name":"(anonymous_0)","decl":{"start":{"line":8,"column":28},"end":{"line":8,"column":29}},"loc":{"start":{"line":8,"column":62},"end":{"line":12,"column":1}}}},"branchMap":{"0":{"loc":{"start":{"line":9,"column":17},"end":{"line":9,"column":47}},"type":"binary-expr","locations":[{"start":{"line":9,"column":17},"end":{"line":9,"column":42}},{"start":{"line":9,"column":46},"end":{"line":9,"column":47}}]},"1":{"loc":{"start":{"line":10,"column":16},"end":{"line":10,"column":71}},"type":"cond-expr","locations":[{"start":{"line":10,"column":35},"end":{"line":10,"column":59}},{"start":{"line":10,"column":62},"end":{"line":10,"column":71}}]}},"s":{"0":12,"1":14,"2":14,"3":14,"4":12},"f":{"0":14},"b":{"0":[14,14],"1":[0,14]}}
,"/Users/nikodev/Development/Virtualisa-challenge/Api-Rest-Virtualiza/src/helpers/driverLicenseIsvalid.ts": {"path":"/Users/nikodev/Development/Virtualisa-challenge/Api-Rest-Virtualiza/src/helpers/driverLicenseIsvalid.ts","statementMap":{"0":{"start":{"line":3,"column":36},"end":{"line":20,"column":1}},"1":{"start":{"line":7,"column":16},"end":{"line":7,"column":55}},"2":{"start":{"line":9,"column":4},"end":{"line":9,"column":72}},"3":{"start":{"line":11,"column":22},"end":{"line":11,"column":32}},"4":{"start":{"line":14,"column":15},"end":{"line":14,"column":53}},"5":{"start":{"line":17,"column":19},"end":{"line":17,"column":53}},"6":{"start":{"line":19,"column":2},"end":{"line":19,"column":26}},"7":{"start":{"line":3,"column":13},"end":{"line":3,"column":36}}},"fnMap":{"0":{"name":"(anonymous_0)","decl":{"start":{"line":3,"column":36},"end":{"line":3,"column":null}},"loc":{"start":{"line":6,"column":4},"end":{"line":20,"column":1}}}},"branchMap":{"0":{"loc":{"start":{"line":7,"column":16},"end":{"line":7,"column":55}},"type":"cond-expr","locations":[{"start":{"line":7,"column":50},"end":{"line":7,"column":51}},{"start":{"line":7,"column":54},"end":{"line":7,"column":55}}]},"1":{"loc":{"start":{"line":9,"column":4},"end":{"line":9,"column":72}},"type":"cond-expr","locations":[{"start":{"line":9,"column":35},"end":{"line":9,"column":47}},{"start":{"line":9,"column":50},"end":{"line":9,"column":72}}]}},"s":{"0":12,"1":19,"2":19,"3":19,"4":19,"5":19,"6":19,"7":12},"f":{"0":19},"b":{"0":[19,0],"1":[0,19]}}
,"/Users/nikodev/Development/Virtualisa-challenge/Api-Rest-Virtualiza/src/helpers/jsonResponse.ts": {"path":"/Users/nikodev/Development/Virtualisa-challenge/Api-Rest-Virtualiza/src/helpers/jsonResponse.ts","statementMap":{"0":{"start":{"line":8,"column":28},"end":{"line":20,"column":1}},"1":{"start":{"line":14,"column":2},"end":{"line":19,"column":4}},"2":{"start":{"line":8,"column":13},"end":{"line":8,"column":28}}},"fnMap":{"0":{"name":"(anonymous_0)","decl":{"start":{"line":8,"column":28},"end":{"line":8,"column":29}},"loc":{"start":{"line":13,"column":12},"end":{"line":20,"column":1}}}},"branchMap":{"0":{"loc":{"start":{"line":9,"column":2},"end":{"line":9,"column":11}},"type":"default-arg","locations":[{"start":{"line":9,"column":10},"end":{"line":9,"column":11}}]},"1":{"loc":{"start":{"line":10,"column":2},"end":{"line":10,"column":15}},"type":"default-arg","locations":[{"start":{"line":10,"column":11},"end":{"line":10,"column":15}}]},"2":{"loc":{"start":{"line":11,"column":2},"end":{"line":11,"column":15}},"type":"default-arg","locations":[{"start":{"line":11,"column":10},"end":{"line":11,"column":15}}]},"3":{"loc":{"start":{"line":12,"column":2},"end":{"line":12,"column":14}},"type":"default-arg","locations":[{"start":{"line":12,"column":12},"end":{"line":12,"column":14}}]}},"s":{"0":12,"1":74,"2":12},"f":{"0":74},"b":{"0":[65],"1":[4],"2":[70],"3":[70]}}
,"/Users/nikodev/Development/Virtualisa-challenge/Api-Rest-Virtualiza/src/infraestructure/adapters/database.adapter.ts": {"path":"/Users/nikodev/Development/Virtualisa-challenge/Api-Rest-Virtualiza/src/infraestructure/adapters/database.adapter.ts","statementMap":{"0":{"start":{"line":1,"column":0},"end":{"line":1,"column":38}},"1":{"start":{"line":2,"column":0},"end":{"line":2,"column":43}},"2":{"start":{"line":4,"column":34},"end":{"line":4,"column":38}},"3":{"start":{"line":7,"column":2},"end":{"line":19,"column":3}},"4":{"start":{"line":8,"column":4},"end":{"line":18,"column":6}},"5":{"start":{"line":21,"column":2},"end":{"line":29,"column":3}},"6":{"start":{"line":22,"column":4},"end":{"line":28,"column":9}},"7":{"start":{"line":22,"column":16},"end":{"line":28,"column":6}},"8":{"start":{"line":23,"column":6},"end":{"line":27,"column":7}},"9":{"start":{"line":24,"column":8},"end":{"line":24,"column":31}},"10":{"start":{"line":26,"column":8},"end":{"line":26,"column":67}},"11":{"start":{"line":30,"column":2},"end":{"line":30,"column":19}},"12":{"start":{"line":6,"column":0},"end":{"line":6,"column":16}}},"fnMap":{"0":{"name":"getDatabaseInstance","decl":{"start":{"line":6,"column":16},"end":{"line":6,"column":35}},"loc":{"start":{"line":6,"column":35},"end":{"line":31,"column":1}}},"1":{"name":"(anonymous_8)","decl":{"start":{"line":22,"column":5},"end":{"line":22,"column":14}},"loc":{"start":{"line":22,"column":16},"end":{"line":28,"column":6}}},"2":{"name":"(anonymous_9)","decl":{"start":{"line":22,"column":16},"end":{"line":22,"column":null}},"loc":{"start":{"line":22,"column":16},"end":{"line":28,"column":5}}}},"branchMap":{"0":{"loc":{"start":{"line":7,"column":2},"end":{"line":19,"column":3}},"type":"if","locations":[{"start":{"line":7,"column":2},"end":{"line":19,"column":3}}]},"1":{"loc":{"start":{"line":21,"column":2},"end":{"line":29,"column":3}},"type":"if","locations":[{"start":{"line":21,"column":2},"end":{"line":29,"column":3}}]}},"s":{"0":12,"1":12,"2":12,"3":12,"4":12,"5":12,"6":12,"7":12,"8":12,"9":12,"10":0,"11":12,"12":12},"f":{"0":12,"1":12,"2":12},"b":{"0":[12],"1":[12]}}
,"/Users/nikodev/Development/Virtualisa-challenge/Api-Rest-Virtualiza/src/infraestructure/database/index.ts": {"path":"/Users/nikodev/Development/Virtualisa-challenge/Api-Rest-Virtualiza/src/infraestructure/database/index.ts","statementMap":{"0":{"start":{"line":1,"column":0},"end":{"line":1,"column":67}},"1":{"start":{"line":4,"column":18},"end":{"line":4,"column":39}},"2":{"start":{"line":7,"column":0},"end":{"line":7,"column":25}}},"fnMap":{},"branchMap":{},"s":{"0":12,"1":12,"2":12},"f":{},"b":{}}
,"/Users/nikodev/Development/Virtualisa-challenge/Api-Rest-Virtualiza/src/infraestructure/middlewares/handlerError.ts": {"path":"/Users/nikodev/Development/Virtualisa-challenge/Api-Rest-Virtualiza/src/infraestructure/middlewares/handlerError.ts","statementMap":{"0":{"start":{"line":2,"column":0},"end":{"line":2,"column":58}},"1":{"start":{"line":4,"column":28},"end":{"line":12,"column":2}},"2":{"start":{"line":9,"column":4},"end":{"line":12,"column":2}},"3":{"start":{"line":10,"column":2},"end":{"line":10,"column":54}},"4":{"start":{"line":11,"column":2},"end":{"line":11,"column":78}},"5":{"start":{"line":4,"column":13},"end":{"line":4,"column":28}}},"fnMap":{"0":{"name":"(anonymous_7)","decl":{"start":{"line":4,"column":28},"end":{"line":4,"column":null}},"loc":{"start":{"line":9,"column":4},"end":{"line":12,"column":2}}},"1":{"name":"(anonymous_8)","decl":{"start":{"line":9,"column":4},"end":{"line":9,"column":null}},"loc":{"start":{"line":9,"column":4},"end":{"line":12,"column":1}}}},"branchMap":{},"s":{"0":12,"1":12,"2":0,"3":0,"4":0,"5":12},"f":{"0":0,"1":0},"b":{}}
,"/Users/nikodev/Development/Virtualisa-challenge/Api-Rest-Virtualiza/src/infraestructure/middlewares/validateSchema.middleware.ts": {"path":"/Users/nikodev/Development/Virtualisa-challenge/Api-Rest-Virtualiza/src/infraestructure/middlewares/validateSchema.middleware.ts","statementMap":{"0":{"start":{"line":2,"column":0},"end":{"line":2,"column":45}},"1":{"start":{"line":3,"column":0},"end":{"line":3,"column":58}},"2":{"start":{"line":6,"column":2},"end":{"line":22,"column":3}},"3":{"start":{"line":7,"column":2},"end":{"line":22,"column":3}},"4":{"start":{"line":8,"column":4},"end":{"line":21,"column":5}},"5":{"start":{"line":9,"column":6},"end":{"line":9,"column":29}},"6":{"start":{"line":10,"column":6},"end":{"line":10,"column":13}},"7":{"start":{"line":12,"column":6},"end":{"line":19,"column":7}},"8":{"start":{"line":16,"column":8},"end":{"line":18,"column":63}},"9":{"start":{"line":20,"column":6},"end":{"line":20,"column":18}},"10":{"start":{"line":5,"column":13},"end":{"line":5,"column":null}}},"fnMap":{"0":{"name":"(anonymous_0)","decl":{"start":{"line":6,"column":2},"end":{"line":6,"column":3}},"loc":{"start":{"line":7,"column":2},"end":{"line":22,"column":3}}},"1":{"name":"(anonymous_1)","decl":{"start":{"line":7,"column":2},"end":{"line":7,"column":3}},"loc":{"start":{"line":7,"column":54},"end":{"line":22,"column":3}}}},"branchMap":{"0":{"loc":{"start":{"line":12,"column":6},"end":{"line":19,"column":7}},"type":"if","locations":[{"start":{"line":12,"column":6},"end":{"line":19,"column":7}}]}},"s":{"0":12,"1":12,"2":12,"3":72,"4":37,"5":37,"6":33,"7":4,"8":4,"9":0,"10":12},"f":{"0":72,"1":37},"b":{"0":[4]}}
,"/Users/nikodev/Development/Virtualisa-challenge/Api-Rest-Virtualiza/src/infraestructure/middlewares/Drivers/checkLicense.ts": {"path":"/Users/nikodev/Development/Virtualisa-challenge/Api-Rest-Virtualiza/src/infraestructure/middlewares/Drivers/checkLicense.ts","statementMap":{"0":{"start":{"line":2,"column":0},"end":{"line":2,"column":58}},"1":{"start":{"line":3,"column":0},"end":{"line":3,"column":77}},"2":{"start":{"line":4,"column":0},"end":{"line":4,"column":61}},"3":{"start":{"line":6,"column":28},"end":{"line":25,"column":2}},"4":{"start":{"line":10,"column":4},"end":{"line":25,"column":2}},"5":{"start":{"line":11,"column":19},"end":{"line":11,"column":32}},"6":{"start":{"line":12,"column":17},"end":{"line":12,"column":55}},"7":{"start":{"line":14,"column":2},"end":{"line":14,"column":65}},"8":{"start":{"line":14,"column":15},"end":{"line":14,"column":65}},"9":{"start":{"line":16,"column":23},"end":{"line":16,"column":54}},"10":{"start":{"line":17,"column":23},"end":{"line":17,"column":54}},"11":{"start":{"line":19,"column":2},"end":{"line":24,"column":3}},"12":{"start":{"line":20,"column":4},"end":{"line":20,"column":28}},"13":{"start":{"line":22,"column":4},"end":{"line":22,"column":61}},"14":{"start":{"line":23,"column":4},"end":{"line":23,"column":11}},"15":{"start":{"line":6,"column":13},"end":{"line":6,"column":28}}},"fnMap":{"0":{"name":"(anonymous_7)","decl":{"start":{"line":6,"column":28},"end":{"line":6,"column":null}},"loc":{"start":{"line":10,"column":4},"end":{"line":25,"column":2}}},"1":{"name":"(anonymous_8)","decl":{"start":{"line":10,"column":4},"end":{"line":10,"column":null}},"loc":{"start":{"line":10,"column":4},"end":{"line":25,"column":1}}}},"branchMap":{"0":{"loc":{"start":{"line":14,"column":2},"end":{"line":14,"column":65}},"type":"if","locations":[{"start":{"line":14,"column":2},"end":{"line":14,"column":65}}]},"1":{"loc":{"start":{"line":16,"column":23},"end":{"line":16,"column":54}},"type":"cond-expr","locations":[{"start":{"line":16,"column":29},"end":{"line":16,"column":31}},{"start":{"line":16,"column":23},"end":{"line":16,"column":54}}]},"2":{"loc":{"start":{"line":16,"column":23},"end":{"line":16,"column":31}},"type":"binary-expr","locations":[{"start":{"line":16,"column":23},"end":{"line":16,"column":31}},{"start":{"line":16,"column":23},"end":{"line":16,"column":31}}]},"3":{"loc":{"start":{"line":17,"column":23},"end":{"line":17,"column":54}},"type":"cond-expr","locations":[{"start":{"line":17,"column":29},"end":{"line":17,"column":31}},{"start":{"line":17,"column":23},"end":{"line":17,"column":54}}]},"4":{"loc":{"start":{"line":17,"column":23},"end":{"line":17,"column":31}},"type":"binary-expr","locations":[{"start":{"line":17,"column":23},"end":{"line":17,"column":31}},{"start":{"line":17,"column":23},"end":{"line":17,"column":31}}]},"5":{"loc":{"start":{"line":19,"column":2},"end":{"line":24,"column":3}},"type":"if","locations":[{"start":{"line":19,"column":2},"end":{"line":24,"column":3}},{"start":{"line":21,"column":9},"end":{"line":24,"column":3}}]}},"s":{"0":12,"1":12,"2":12,"3":12,"4":10,"5":10,"6":10,"7":10,"8":1,"9":9,"10":9,"11":9,"12":0,"13":9,"14":9,"15":12},"f":{"0":10,"1":10},"b":{"0":[1],"1":[0,9],"2":[9,9],"3":[0,9],"4":[9,9],"5":[0,9]}}
,"/Users/nikodev/Development/Virtualisa-challenge/Api-Rest-Virtualiza/src/infraestructure/middlewares/Drivers/checkLicenses.ts": {"path":"/Users/nikodev/Development/Virtualisa-challenge/Api-Rest-Virtualiza/src/infraestructure/middlewares/Drivers/checkLicenses.ts","statementMap":{"0":{"start":{"line":2,"column":0},"end":{"line":2,"column":58}},"1":{"start":{"line":3,"column":0},"end":{"line":3,"column":77}},"2":{"start":{"line":4,"column":0},"end":{"line":4,"column":61}},"3":{"start":{"line":6,"column":29},"end":{"line":29,"column":2}},"4":{"start":{"line":10,"column":4},"end":{"line":29,"column":2}},"5":{"start":{"line":11,"column":2},"end":{"line":28,"column":3}},"6":{"start":{"line":12,"column":20},"end":{"line":12,"column":37}},"7":{"start":{"line":13,"column":20},"end":{"line":13,"column":56}},"8":{"start":{"line":15,"column":4},"end":{"line":22,"column":5}},"9":{"start":{"line":16,"column":27},"end":{"line":16,"column":58}},"10":{"start":{"line":17,"column":27},"end":{"line":17,"column":58}},"11":{"start":{"line":19,"column":6},"end":{"line":21,"column":7}},"12":{"start":{"line":20,"column":8},"end":{"line":20,"column":69}},"13":{"start":{"line":24,"column":4},"end":{"line":24,"column":11}},"14":{"start":{"line":26,"column":4},"end":{"line":26,"column":63}},"15":{"start":{"line":27,"column":4},"end":{"line":27,"column":16}},"16":{"start":{"line":6,"column":13},"end":{"line":6,"column":29}}},"fnMap":{"0":{"name":"(anonymous_7)","decl":{"start":{"line":6,"column":29},"end":{"line":6,"column":null}},"loc":{"start":{"line":10,"column":4},"end":{"line":29,"column":2}}},"1":{"name":"(anonymous_8)","decl":{"start":{"line":10,"column":4},"end":{"line":10,"column":null}},"loc":{"start":{"line":10,"column":4},"end":{"line":29,"column":1}}}},"branchMap":{"0":{"loc":{"start":{"line":16,"column":27},"end":{"line":16,"column":58}},"type":"cond-expr","locations":[{"start":{"line":16,"column":33},"end":{"line":16,"column":35}},{"start":{"line":16,"column":27},"end":{"line":16,"column":58}}]},"1":{"loc":{"start":{"line":16,"column":27},"end":{"line":16,"column":35}},"type":"binary-expr","locations":[{"start":{"line":16,"column":27},"end":{"line":16,"column":35}},{"start":{"line":16,"column":27},"end":{"line":16,"column":35}}]},"2":{"loc":{"start":{"line":17,"column":27},"end":{"line":17,"column":58}},"type":"cond-expr","locations":[{"start":{"line":17,"column":33},"end":{"line":17,"column":35}},{"start":{"line":17,"column":27},"end":{"line":17,"column":58}}]},"3":{"loc":{"start":{"line":17,"column":27},"end":{"line":17,"column":35}},"type":"binary-expr","locations":[{"start":{"line":17,"column":27},"end":{"line":17,"column":35}},{"start":{"line":17,"column":27},"end":{"line":17,"column":35}}]},"4":{"loc":{"start":{"line":19,"column":6},"end":{"line":21,"column":7}},"type":"if","locations":[{"start":{"line":19,"column":6},"end":{"line":21,"column":7}}]}},"s":{"0":12,"1":12,"2":12,"3":12,"4":5,"5":5,"6":5,"7":5,"8":5,"9":0,"10":0,"11":0,"12":0,"13":5,"14":0,"15":0,"16":12},"f":{"0":5,"1":5},"b":{"0":[0,0],"1":[0,0],"2":[0,0],"3":[0,0],"4":[0]}}
,"/Users/nikodev/Development/Virtualisa-challenge/Api-Rest-Virtualiza/src/infraestructure/schemas/driver.schema.ts": {"path":"/Users/nikodev/Development/Virtualisa-challenge/Api-Rest-Virtualiza/src/infraestructure/schemas/driver.schema.ts","statementMap":{"0":{"start":{"line":1,"column":0},"end":{"line":1,"column":24}},"1":{"start":{"line":3,"column":20},"end":{"line":3,"column":57}},"2":{"start":{"line":5,"column":13},"end":{"line":11,"column":3}},"3":{"start":{"line":13,"column":13},"end":{"line":20,"column":3}}},"fnMap":{},"branchMap":{},"s":{"0":12,"1":12,"2":12,"3":12},"f":{},"b":{}}
,"/Users/nikodev/Development/Virtualisa-challenge/Api-Rest-Virtualiza/src/infraestructure/schemas/trip.schema.ts": {"path":"/Users/nikodev/Development/Virtualisa-challenge/Api-Rest-Virtualiza/src/infraestructure/schemas/trip.schema.ts","statementMap":{"0":{"start":{"line":1,"column":0},"end":{"line":1,"column":24}},"1":{"start":{"line":3,"column":13},"end":{"line":10,"column":3}},"2":{"start":{"line":12,"column":13},"end":{"line":17,"column":3}}},"fnMap":{},"branchMap":{},"s":{"0":12,"1":12,"2":12},"f":{},"b":{}}
,"/Users/nikodev/Development/Virtualisa-challenge/Api-Rest-Virtualiza/src/infraestructure/schemas/vehicle.schema.ts": {"path":"/Users/nikodev/Development/Virtualisa-challenge/Api-Rest-Virtualiza/src/infraestructure/schemas/vehicle.schema.ts","statementMap":{"0":{"start":{"line":1,"column":0},"end":{"line":1,"column":24}},"1":{"start":{"line":3,"column":13},"end":{"line":8,"column":3}},"2":{"start":{"line":10,"column":13},"end":{"line":15,"column":3}}},"fnMap":{},"branchMap":{},"s":{"0":12,"1":12,"2":12},"f":{},"b":{}}
,"/Users/nikodev/Development/Virtualisa-challenge/Api-Rest-Virtualiza/src/routes/drivers.routes.ts": {"path":"/Users/nikodev/Development/Virtualisa-challenge/Api-Rest-Virtualiza/src/routes/drivers.routes.ts","statementMap":{"0":{"start":{"line":1,"column":0},"end":{"line":1,"column":33}},"1":{"start":{"line":2,"column":0},"end":{"line":2,"column":64}},"2":{"start":{"line":3,"column":0},"end":{"line":3,"column":85}},"3":{"start":{"line":4,"column":0},"end":{"line":4,"column":83}},"4":{"start":{"line":5,"column":0},"end":{"line":5,"column":90}},"5":{"start":{"line":6,"column":0},"end":{"line":6,"column":null}},"6":{"start":{"line":11,"column":15},"end":{"line":11,"column":23}},"7":{"start":{"line":13,"column":0},"end":{"line":13,"column":75}},"8":{"start":{"line":14,"column":0},"end":{"line":18,"column":2}},"9":{"start":{"line":19,"column":0},"end":{"line":19,"column":54}},"10":{"start":{"line":20,"column":0},"end":{"line":20,"column":59}},"11":{"start":{"line":21,"column":0},"end":{"line":21,"column":78}},"12":{"start":{"line":22,"column":0},"end":{"line":27,"column":2}},"13":{"start":{"line":28,"column":0},"end":{"line":28,"column":61}},"14":{"start":{"line":30,"column":0},"end":{"line":30,"column":22}}},"fnMap":{},"branchMap":{},"s":{"0":12,"1":12,"2":12,"3":12,"4":12,"5":12,"6":12,"7":12,"8":12,"9":12,"10":12,"11":12,"12":12,"13":12,"14":12},"f":{},"b":{}}
,"/Users/nikodev/Development/Virtualisa-challenge/Api-Rest-Virtualiza/src/routes/paths.ts": {"path":"/Users/nikodev/Development/Virtualisa-challenge/Api-Rest-Virtualiza/src/routes/paths.ts","statementMap":{"0":{"start":{"line":1,"column":13},"end":{"line":5,"column":2}}},"fnMap":{},"branchMap":{},"s":{"0":12},"f":{},"b":{}}
,"/Users/nikodev/Development/Virtualisa-challenge/Api-Rest-Virtualiza/src/routes/trips.routes.ts": {"path":"/Users/nikodev/Development/Virtualisa-challenge/Api-Rest-Virtualiza/src/routes/trips.routes.ts","statementMap":{"0":{"start":{"line":1,"column":0},"end":{"line":1,"column":33}},"1":{"start":{"line":2,"column":0},"end":{"line":2,"column":62}},"2":{"start":{"line":3,"column":0},"end":{"line":3,"column":90}},"3":{"start":{"line":4,"column":0},"end":{"line":4,"column":null}},"4":{"start":{"line":9,"column":15},"end":{"line":9,"column":23}},"5":{"start":{"line":11,"column":0},"end":{"line":11,"column":58}},"6":{"start":{"line":12,"column":0},"end":{"line":12,"column":37}},"7":{"start":{"line":13,"column":0},"end":{"line":13,"column":43}},"8":{"start":{"line":14,"column":0},"end":{"line":14,"column":66}},"9":{"start":{"line":15,"column":0},"end":{"line":15,"column":74}},"10":{"start":{"line":16,"column":0},"end":{"line":16,"column":76}},"11":{"start":{"line":17,"column":0},"end":{"line":17,"column":45}},"12":{"start":{"line":19,"column":0},"end":{"line":19,"column":22}}},"fnMap":{},"branchMap":{},"s":{"0":12,"1":12,"2":12,"3":12,"4":12,"5":12,"6":12,"7":12,"8":12,"9":12,"10":12,"11":12,"12":12},"f":{},"b":{}}
,"/Users/nikodev/Development/Virtualisa-challenge/Api-Rest-Virtualiza/src/routes/vehicles.routes.ts": {"path":"/Users/nikodev/Development/Virtualisa-challenge/Api-Rest-Virtualiza/src/routes/vehicles.routes.ts","statementMap":{"0":{"start":{"line":1,"column":0},"end":{"line":1,"column":33}},"1":{"start":{"line":2,"column":0},"end":{"line":2,"column":65}},"2":{"start":{"line":3,"column":0},"end":{"line":3,"column":90}},"3":{"start":{"line":4,"column":0},"end":{"line":4,"column":null}},"4":{"start":{"line":9,"column":15},"end":{"line":9,"column":23}},"5":{"start":{"line":11,"column":0},"end":{"line":11,"column":78}},"6":{"start":{"line":12,"column":0},"end":{"line":12,"column":61}},"7":{"start":{"line":13,"column":0},"end":{"line":13,"column":40}},"8":{"start":{"line":14,"column":0},"end":{"line":14,"column":46}},"9":{"start":{"line":15,"column":0},"end":{"line":15,"column":80}},"10":{"start":{"line":16,"column":0},"end":{"line":16,"column":51}},"11":{"start":{"line":17,"column":0},"end":{"line":21,"column":2}},"12":{"start":{"line":22,"column":0},"end":{"line":22,"column":48}},"13":{"start":{"line":24,"column":0},"end":{"line":24,"column":22}}},"fnMap":{},"branchMap":{},"s":{"0":12,"1":12,"2":12,"3":12,"4":12,"5":12,"6":12,"7":12,"8":12,"9":12,"10":12,"11":12,"12":12,"13":12},"f":{},"b":{}}
,"/Users/nikodev/Development/Virtualisa-challenge/Api-Rest-Virtualiza/test/constants/index.ts": {"path":"/Users/nikodev/Development/Virtualisa-challenge/Api-Rest-Virtualiza/test/constants/index.ts","statementMap":{"0":{"start":{"line":1,"column":13},"end":{"line":7,"column":2}},"1":{"start":{"line":9,"column":13},"end":{"line":14,"column":2}},"2":{"start":{"line":16,"column":13},"end":{"line":23,"column":2}},"3":{"start":{"line":25,"column":13},"end":{"line":30,"column":2}}},"fnMap":{},"branchMap":{},"s":{"0":9,"1":9,"2":9,"3":9},"f":{},"b":{}}
,"/Users/nikodev/Development/Virtualisa-challenge/Api-Rest-Virtualiza/test/helpers/index.ts": {"path":"/Users/nikodev/Development/Virtualisa-challenge/Api-Rest-Virtualiza/test/helpers/index.ts","statementMap":{"0":{"start":{"line":1,"column":0},"end":{"line":1,"column":64}},"1":{"start":{"line":3,"column":23},"end":{"line":19,"column":2}},"2":{"start":{"line":3,"column":34},"end":{"line":19,"column":2}},"3":{"start":{"line":4,"column":2},"end":{"line":18,"column":3}},"4":{"start":{"line":5,"column":4},"end":{"line":7,"column":7}},"5":{"start":{"line":8,"column":4},"end":{"line":10,"column":7}},"6":{"start":{"line":11,"column":4},"end":{"line":13,"column":7}},"7":{"start":{"line":17,"column":4},"end":{"line":17,"column":55}},"8":{"start":{"line":3,"column":13},"end":{"line":3,"column":23}}},"fnMap":{"0":{"name":"(anonymous_7)","decl":{"start":{"line":3,"column":23},"end":{"line":3,"column":32}},"loc":{"start":{"line":3,"column":34},"end":{"line":19,"column":2}}},"1":{"name":"(anonymous_8)","decl":{"start":{"line":3,"column":34},"end":{"line":3,"column":null}},"loc":{"start":{"line":3,"column":34},"end":{"line":19,"column":1}}}},"branchMap":{},"s":{"0":9,"1":9,"2":18,"3":18,"4":18,"5":18,"6":18,"7":0,"8":9},"f":{"0":18,"1":18},"b":{}}
,"/Users/nikodev/Development/Virtualisa-challenge/Api-Rest-Virtualiza/test/setup/index.ts": {"path":"/Users/nikodev/Development/Virtualisa-challenge/Api-Rest-Virtualiza/test/setup/index.ts","statementMap":{"0":{"start":{"line":1,"column":0},"end":{"line":1,"column":32}},"1":{"start":{"line":2,"column":0},"end":{"line":2,"column":36}},"2":{"start":{"line":4,"column":13},"end":{"line":4,"column":32}}},"fnMap":{},"branchMap":{},"s":{"0":12,"1":12,"2":12},"f":{},"b":{}}
}
