{"/Users/nikodev/Development/Virtualisa-challenge/Api-Rest-Virtualiza/src/app.ts": {"path":"/Users/nikodev/Development/Virtualisa-challenge/Api-Rest-Virtualiza/src/app.ts","statementMap":{"0":{"start":{"line":1,"column":0},"end":{"line":1,"column":24}},"1":{"start":{"line":2,"column":0},"end":{"line":2,"column":30}},"2":{"start":{"line":3,"column":0},"end":{"line":3,"column":52}},"3":{"start":{"line":4,"column":0},"end":{"line":4,"column":48}},"4":{"start":{"line":5,"column":0},"end":{"line":5,"column":54}},"5":{"start":{"line":6,"column":0},"end":{"line":6,"column":39}},"6":{"start":{"line":8,"column":13},"end":{"line":8,"column":29}},"7":{"start":{"line":10,"column":0},"end":{"line":10,"column":16}},"8":{"start":{"line":11,"column":0},"end":{"line":11,"column":24}},"9":{"start":{"line":12,"column":0},"end":{"line":12,"column":49}},"10":{"start":{"line":14,"column":0},"end":{"line":14,"column":38}},"11":{"start":{"line":15,"column":0},"end":{"line":15,"column":40}},"12":{"start":{"line":16,"column":0},"end":{"line":16,"column":34}}},"fnMap":{},"branchMap":{},"s":{"0":4,"1":4,"2":4,"3":4,"4":4,"5":4,"6":4,"7":4,"8":4,"9":4,"10":4,"11":4,"12":4},"f":{},"b":{}}
,"/Users/nikodev/Development/Virtualisa-challenge/Api-Rest-Virtualiza/src/config.ts": {"path":"/Users/nikodev/Development/Virtualisa-challenge/Api-Rest-Virtualiza/src/config.ts","statementMap":{"0":{"start":{"line":1,"column":0},"end":{"line":1,"column":28}},"1":{"start":{"line":3,"column":0},"end":{"line":3,"column":56}},"2":{"start":{"line":5,"column":13},"end":{"line":12,"column":2}}},"fnMap":{},"branchMap":{},"s":{"0":4,"1":4,"2":4},"f":{},"b":{}}
,"/Users/nikodev/Development/Virtualisa-challenge/Api-Rest-Virtualiza/src/controllers/drivers.contollers.ts": {"path":"/Users/nikodev/Development/Virtualisa-challenge/Api-Rest-Virtualiza/src/controllers/drivers.contollers.ts","statementMap":{"0":{"start":{"line":2,"column":0},"end":{"line":2,"column":52}},"1":{"start":{"line":4,"column":26},"end":{"line":7,"column":2}},"2":{"start":{"line":4,"column":65},"end":{"line":7,"column":2}},"3":{"start":{"line":5,"column":18},"end":{"line":5,"column":47}},"4":{"start":{"line":6,"column":2},"end":{"line":6,"column":27}},"5":{"start":{"line":4,"column":13},"end":{"line":4,"column":26}},"6":{"start":{"line":9,"column":29},"end":{"line":15,"column":2}},"7":{"start":{"line":9,"column":67},"end":{"line":15,"column":2}},"8":{"start":{"line":10,"column":19},"end":{"line":10,"column":40}},"9":{"start":{"line":12,"column":17},"end":{"line":12,"column":55}},"10":{"start":{"line":14,"column":2},"end":{"line":14,"column":26}},"11":{"start":{"line":9,"column":13},"end":{"line":9,"column":29}},"12":{"start":{"line":17,"column":28},"end":{"line":23,"column":2}},"13":{"start":{"line":17,"column":66},"end":{"line":23,"column":2}},"14":{"start":{"line":18,"column":20},"end":{"line":18,"column":28}},"15":{"start":{"line":20,"column":17},"end":{"line":20,"column":55}},"16":{"start":{"line":22,"column":2},"end":{"line":22,"column":38}},"17":{"start":{"line":17,"column":13},"end":{"line":17,"column":28}},"18":{"start":{"line":25,"column":28},"end":{"line":32,"column":2}},"19":{"start":{"line":25,"column":66},"end":{"line":32,"column":2}},"20":{"start":{"line":26,"column":19},"end":{"line":26,"column":32}},"21":{"start":{"line":27,"column":21},"end":{"line":27,"column":29}},"22":{"start":{"line":29,"column":18},"end":{"line":29,"column":67}},"23":{"start":{"line":31,"column":2},"end":{"line":31,"column":27}},"24":{"start":{"line":25,"column":13},"end":{"line":25,"column":28}},"25":{"start":{"line":34,"column":28},"end":{"line":40,"column":2}},"26":{"start":{"line":34,"column":66},"end":{"line":40,"column":2}},"27":{"start":{"line":35,"column":19},"end":{"line":35,"column":32}},"28":{"start":{"line":37,"column":18},"end":{"line":37,"column":56}},"29":{"start":{"line":39,"column":2},"end":{"line":39,"column":31}},"30":{"start":{"line":34,"column":13},"end":{"line":34,"column":28}}},"fnMap":{"0":{"name":"(anonymous_7)","decl":{"start":{"line":4,"column":26},"end":{"line":4,"column":33}},"loc":{"start":{"line":4,"column":65},"end":{"line":7,"column":2}}},"1":{"name":"(anonymous_8)","decl":{"start":{"line":4,"column":65},"end":{"line":4,"column":null}},"loc":{"start":{"line":4,"column":65},"end":{"line":7,"column":1}}},"2":{"name":"(anonymous_9)","decl":{"start":{"line":9,"column":29},"end":{"line":9,"column":36}},"loc":{"start":{"line":9,"column":67},"end":{"line":15,"column":2}}},"3":{"name":"(anonymous_10)","decl":{"start":{"line":9,"column":67},"end":{"line":9,"column":null}},"loc":{"start":{"line":9,"column":67},"end":{"line":15,"column":1}}},"4":{"name":"(anonymous_11)","decl":{"start":{"line":17,"column":28},"end":{"line":17,"column":35}},"loc":{"start":{"line":17,"column":66},"end":{"line":23,"column":2}}},"5":{"name":"(anonymous_12)","decl":{"start":{"line":17,"column":66},"end":{"line":17,"column":null}},"loc":{"start":{"line":17,"column":66},"end":{"line":23,"column":1}}},"6":{"name":"(anonymous_13)","decl":{"start":{"line":25,"column":28},"end":{"line":25,"column":35}},"loc":{"start":{"line":25,"column":66},"end":{"line":32,"column":2}}},"7":{"name":"(anonymous_14)","decl":{"start":{"line":25,"column":66},"end":{"line":25,"column":null}},"loc":{"start":{"line":25,"column":66},"end":{"line":32,"column":1}}},"8":{"name":"(anonymous_15)","decl":{"start":{"line":34,"column":28},"end":{"line":34,"column":35}},"loc":{"start":{"line":34,"column":66},"end":{"line":40,"column":2}}},"9":{"name":"(anonymous_16)","decl":{"start":{"line":34,"column":66},"end":{"line":34,"column":null}},"loc":{"start":{"line":34,"column":66},"end":{"line":40,"column":1}}}},"branchMap":{},"s":{"0":4,"1":4,"2":2,"3":2,"4":2,"5":4,"6":4,"7":5,"8":5,"9":5,"10":5,"11":4,"12":4,"13":5,"14":5,"15":5,"16":5,"17":4,"18":4,"19":2,"20":2,"21":2,"22":2,"23":2,"24":4,"25":4,"26":2,"27":2,"28":2,"29":2,"30":4},"f":{"0":2,"1":2,"2":5,"3":5,"4":5,"5":5,"6":2,"7":2,"8":2,"9":2},"b":{}}
,"/Users/nikodev/Development/Virtualisa-challenge/Api-Rest-Virtualiza/src/controllers/trips.contollers.ts": {"path":"/Users/nikodev/Development/Virtualisa-challenge/Api-Rest-Virtualiza/src/controllers/trips.contollers.ts","statementMap":{"0":{"start":{"line":2,"column":0},"end":{"line":2,"column":50}},"1":{"start":{"line":4,"column":24},"end":{"line":9,"column":2}},"2":{"start":{"line":4,"column":62},"end":{"line":9,"column":2}},"3":{"start":{"line":5,"column":17},"end":{"line":5,"column":47}},"4":{"start":{"line":6,"column":16},"end":{"line":6,"column":66}},"5":{"start":{"line":7,"column":16},"end":{"line":7,"column":56}},"6":{"start":{"line":8,"column":2},"end":{"line":8,"column":25}},"7":{"start":{"line":4,"column":13},"end":{"line":4,"column":24}},"8":{"start":{"line":11,"column":27},"end":{"line":16,"column":2}},"9":{"start":{"line":11,"column":65},"end":{"line":16,"column":2}},"10":{"start":{"line":12,"column":17},"end":{"line":12,"column":38}},"11":{"start":{"line":14,"column":15},"end":{"line":14,"column":49}},"12":{"start":{"line":15,"column":2},"end":{"line":15,"column":24}},"13":{"start":{"line":11,"column":13},"end":{"line":11,"column":27}},"14":{"start":{"line":18,"column":26},"end":{"line":23,"column":2}},"15":{"start":{"line":18,"column":64},"end":{"line":23,"column":2}},"16":{"start":{"line":19,"column":18},"end":{"line":19,"column":26}},"17":{"start":{"line":21,"column":15},"end":{"line":21,"column":49}},"18":{"start":{"line":22,"column":2},"end":{"line":22,"column":24}},"19":{"start":{"line":18,"column":13},"end":{"line":18,"column":26}},"20":{"start":{"line":25,"column":26},"end":{"line":31,"column":2}},"21":{"start":{"line":25,"column":64},"end":{"line":31,"column":2}},"22":{"start":{"line":26,"column":17},"end":{"line":26,"column":30}},"23":{"start":{"line":27,"column":19},"end":{"line":27,"column":27}},"24":{"start":{"line":29,"column":18},"end":{"line":29,"column":61}},"25":{"start":{"line":30,"column":2},"end":{"line":30,"column":27}},"26":{"start":{"line":25,"column":13},"end":{"line":25,"column":26}},"27":{"start":{"line":33,"column":26},"end":{"line":38,"column":2}},"28":{"start":{"line":33,"column":64},"end":{"line":38,"column":2}},"29":{"start":{"line":34,"column":17},"end":{"line":34,"column":30}},"30":{"start":{"line":36,"column":18},"end":{"line":36,"column":52}},"31":{"start":{"line":37,"column":2},"end":{"line":37,"column":31}},"32":{"start":{"line":33,"column":13},"end":{"line":33,"column":26}}},"fnMap":{"0":{"name":"(anonymous_7)","decl":{"start":{"line":4,"column":24},"end":{"line":4,"column":31}},"loc":{"start":{"line":4,"column":62},"end":{"line":9,"column":2}}},"1":{"name":"(anonymous_8)","decl":{"start":{"line":4,"column":62},"end":{"line":4,"column":null}},"loc":{"start":{"line":4,"column":62},"end":{"line":9,"column":1}}},"2":{"name":"(anonymous_9)","decl":{"start":{"line":11,"column":27},"end":{"line":11,"column":34}},"loc":{"start":{"line":11,"column":65},"end":{"line":16,"column":2}}},"3":{"name":"(anonymous_10)","decl":{"start":{"line":11,"column":65},"end":{"line":11,"column":null}},"loc":{"start":{"line":11,"column":65},"end":{"line":16,"column":1}}},"4":{"name":"(anonymous_11)","decl":{"start":{"line":18,"column":26},"end":{"line":18,"column":33}},"loc":{"start":{"line":18,"column":64},"end":{"line":23,"column":2}}},"5":{"name":"(anonymous_12)","decl":{"start":{"line":18,"column":64},"end":{"line":18,"column":null}},"loc":{"start":{"line":18,"column":64},"end":{"line":23,"column":1}}},"6":{"name":"(anonymous_13)","decl":{"start":{"line":25,"column":26},"end":{"line":25,"column":33}},"loc":{"start":{"line":25,"column":64},"end":{"line":31,"column":2}}},"7":{"name":"(anonymous_14)","decl":{"start":{"line":25,"column":64},"end":{"line":25,"column":null}},"loc":{"start":{"line":25,"column":64},"end":{"line":31,"column":1}}},"8":{"name":"(anonymous_15)","decl":{"start":{"line":33,"column":26},"end":{"line":33,"column":33}},"loc":{"start":{"line":33,"column":64},"end":{"line":38,"column":2}}},"9":{"name":"(anonymous_16)","decl":{"start":{"line":33,"column":64},"end":{"line":33,"column":null}},"loc":{"start":{"line":33,"column":64},"end":{"line":38,"column":1}}}},"branchMap":{"0":{"loc":{"start":{"line":5,"column":17},"end":{"line":5,"column":47}},"type":"binary-expr","locations":[{"start":{"line":5,"column":17},"end":{"line":5,"column":42}},{"start":{"line":5,"column":46},"end":{"line":5,"column":47}}]},"1":{"loc":{"start":{"line":6,"column":16},"end":{"line":6,"column":66}},"type":"cond-expr","locations":[{"start":{"line":6,"column":35},"end":{"line":6,"column":59}},{"start":{"line":6,"column":62},"end":{"line":6,"column":66}}]}},"s":{"0":4,"1":4,"2":0,"3":0,"4":0,"5":0,"6":0,"7":4,"8":4,"9":0,"10":0,"11":0,"12":0,"13":4,"14":4,"15":0,"16":0,"17":0,"18":0,"19":4,"20":4,"21":0,"22":0,"23":0,"24":0,"25":0,"26":4,"27":4,"28":0,"29":0,"30":0,"31":0,"32":4},"f":{"0":0,"1":0,"2":0,"3":0,"4":0,"5":0,"6":0,"7":0,"8":0,"9":0},"b":{"0":[0,0],"1":[0,0]}}
,"/Users/nikodev/Development/Virtualisa-challenge/Api-Rest-Virtualiza/src/controllers/vehicles.contollers.ts": {"path":"/Users/nikodev/Development/Virtualisa-challenge/Api-Rest-Virtualiza/src/controllers/vehicles.contollers.ts","statementMap":{"0":{"start":{"line":2,"column":0},"end":{"line":2,"column":53}},"1":{"start":{"line":4,"column":27},"end":{"line":7,"column":2}},"2":{"start":{"line":4,"column":66},"end":{"line":7,"column":2}},"3":{"start":{"line":5,"column":19},"end":{"line":5,"column":49}},"4":{"start":{"line":6,"column":2},"end":{"line":6,"column":28}},"5":{"start":{"line":4,"column":13},"end":{"line":4,"column":27}},"6":{"start":{"line":9,"column":30},"end":{"line":14,"column":2}},"7":{"start":{"line":9,"column":68},"end":{"line":14,"column":2}},"8":{"start":{"line":10,"column":20},"end":{"line":10,"column":41}},"9":{"start":{"line":12,"column":18},"end":{"line":12,"column":58}},"10":{"start":{"line":13,"column":2},"end":{"line":13,"column":27}},"11":{"start":{"line":9,"column":13},"end":{"line":9,"column":30}},"12":{"start":{"line":16,"column":29},"end":{"line":21,"column":2}},"13":{"start":{"line":16,"column":67},"end":{"line":21,"column":2}},"14":{"start":{"line":17,"column":21},"end":{"line":17,"column":29}},"15":{"start":{"line":19,"column":18},"end":{"line":19,"column":58}},"16":{"start":{"line":20,"column":2},"end":{"line":20,"column":27}},"17":{"start":{"line":16,"column":13},"end":{"line":16,"column":29}},"18":{"start":{"line":23,"column":29},"end":{"line":29,"column":2}},"19":{"start":{"line":23,"column":67},"end":{"line":29,"column":2}},"20":{"start":{"line":24,"column":20},"end":{"line":24,"column":33}},"21":{"start":{"line":25,"column":22},"end":{"line":25,"column":30}},"22":{"start":{"line":27,"column":18},"end":{"line":27,"column":70}},"23":{"start":{"line":28,"column":2},"end":{"line":28,"column":27}},"24":{"start":{"line":23,"column":13},"end":{"line":23,"column":29}},"25":{"start":{"line":31,"column":29},"end":{"line":36,"column":2}},"26":{"start":{"line":31,"column":67},"end":{"line":36,"column":2}},"27":{"start":{"line":32,"column":20},"end":{"line":32,"column":33}},"28":{"start":{"line":34,"column":18},"end":{"line":34,"column":58}},"29":{"start":{"line":35,"column":2},"end":{"line":35,"column":31}},"30":{"start":{"line":31,"column":13},"end":{"line":31,"column":29}}},"fnMap":{"0":{"name":"(anonymous_7)","decl":{"start":{"line":4,"column":27},"end":{"line":4,"column":34}},"loc":{"start":{"line":4,"column":66},"end":{"line":7,"column":2}}},"1":{"name":"(anonymous_8)","decl":{"start":{"line":4,"column":66},"end":{"line":4,"column":null}},"loc":{"start":{"line":4,"column":66},"end":{"line":7,"column":1}}},"2":{"name":"(anonymous_9)","decl":{"start":{"line":9,"column":30},"end":{"line":9,"column":37}},"loc":{"start":{"line":9,"column":68},"end":{"line":14,"column":2}}},"3":{"name":"(anonymous_10)","decl":{"start":{"line":9,"column":68},"end":{"line":9,"column":null}},"loc":{"start":{"line":9,"column":68},"end":{"line":14,"column":1}}},"4":{"name":"(anonymous_11)","decl":{"start":{"line":16,"column":29},"end":{"line":16,"column":36}},"loc":{"start":{"line":16,"column":67},"end":{"line":21,"column":2}}},"5":{"name":"(anonymous_12)","decl":{"start":{"line":16,"column":67},"end":{"line":16,"column":null}},"loc":{"start":{"line":16,"column":67},"end":{"line":21,"column":1}}},"6":{"name":"(anonymous_13)","decl":{"start":{"line":23,"column":29},"end":{"line":23,"column":36}},"loc":{"start":{"line":23,"column":67},"end":{"line":29,"column":2}}},"7":{"name":"(anonymous_14)","decl":{"start":{"line":23,"column":67},"end":{"line":23,"column":null}},"loc":{"start":{"line":23,"column":67},"end":{"line":29,"column":1}}},"8":{"name":"(anonymous_15)","decl":{"start":{"line":31,"column":29},"end":{"line":31,"column":36}},"loc":{"start":{"line":31,"column":67},"end":{"line":36,"column":2}}},"9":{"name":"(anonymous_16)","decl":{"start":{"line":31,"column":67},"end":{"line":31,"column":null}},"loc":{"start":{"line":31,"column":67},"end":{"line":36,"column":1}}}},"branchMap":{},"s":{"0":4,"1":4,"2":0,"3":0,"4":0,"5":4,"6":4,"7":0,"8":0,"9":0,"10":0,"11":4,"12":4,"13":0,"14":0,"15":0,"16":0,"17":4,"18":4,"19":0,"20":0,"21":0,"22":0,"23":0,"24":4,"25":4,"26":0,"27":0,"28":0,"29":0,"30":4},"f":{"0":0,"1":0,"2":0,"3":0,"4":0,"5":0,"6":0,"7":0,"8":0,"9":0},"b":{}}
,"/Users/nikodev/Development/Virtualisa-challenge/Api-Rest-Virtualiza/src/domain/constants/index.ts": {"path":"/Users/nikodev/Development/Virtualisa-challenge/Api-Rest-Virtualiza/src/domain/constants/index.ts","statementMap":{"0":{"start":{"line":1,"column":13},"end":{"line":1,"column":30}},"1":{"start":{"line":4,"column":13},"end":{"line":4,"column":39}},"2":{"start":{"line":7,"column":13},"end":{"line":11,"column":2}},"3":{"start":{"line":14,"column":13},"end":{"line":18,"column":2}},"4":{"start":{"line":20,"column":13},"end":{"line":20,"column":35}},"5":{"start":{"line":21,"column":13},"end":{"line":21,"column":37}}},"fnMap":{},"branchMap":{},"s":{"0":4,"1":4,"2":4,"3":4,"4":4,"5":4},"f":{},"b":{}}
,"/Users/nikodev/Development/Virtualisa-challenge/Api-Rest-Virtualiza/src/domain/models/Driver.ts": {"path":"/Users/nikodev/Development/Virtualisa-challenge/Api-Rest-Virtualiza/src/domain/models/Driver.ts","statementMap":{"0":{"start":{"line":1,"column":0},"end":{"line":1,"column":45}},"1":{"start":{"line":2,"column":0},"end":{"line":2,"column":37}},"2":{"start":{"line":3,"column":0},"end":{"line":3,"column":55}},"3":{"start":{"line":6,"column":13},"end":{"line":46,"column":2}}},"fnMap":{},"branchMap":{},"s":{"0":4,"1":4,"2":4,"3":4},"f":{},"b":{}}
,"/Users/nikodev/Development/Virtualisa-challenge/Api-Rest-Virtualiza/src/domain/models/Trip.ts": {"path":"/Users/nikodev/Development/Virtualisa-challenge/Api-Rest-Virtualiza/src/domain/models/Trip.ts","statementMap":{"0":{"start":{"line":1,"column":0},"end":{"line":1,"column":45}},"1":{"start":{"line":2,"column":0},"end":{"line":2,"column":55}},"2":{"start":{"line":4,"column":0},"end":{"line":4,"column":34}},"3":{"start":{"line":5,"column":0},"end":{"line":5,"column":36}},"4":{"start":{"line":7,"column":13},"end":{"line":35,"column":2}},"5":{"start":{"line":38,"column":0},"end":{"line":38,"column":50}},"6":{"start":{"line":39,"column":0},"end":{"line":39,"column":52}},"7":{"start":{"line":41,"column":0},"end":{"line":41,"column":52}},"8":{"start":{"line":42,"column":0},"end":{"line":42,"column":54}}},"fnMap":{},"branchMap":{},"s":{"0":4,"1":4,"2":4,"3":4,"4":4,"5":4,"6":4,"7":4,"8":4},"f":{},"b":{}}
,"/Users/nikodev/Development/Virtualisa-challenge/Api-Rest-Virtualiza/src/domain/models/Vehicle.ts": {"path":"/Users/nikodev/Development/Virtualisa-challenge/Api-Rest-Virtualiza/src/domain/models/Vehicle.ts","statementMap":{"0":{"start":{"line":1,"column":0},"end":{"line":1,"column":45}},"1":{"start":{"line":2,"column":0},"end":{"line":2,"column":55}},"2":{"start":{"line":5,"column":13},"end":{"line":41,"column":2}}},"fnMap":{},"branchMap":{},"s":{"0":4,"1":4,"2":4},"f":{},"b":{}}
,"/Users/nikodev/Development/Virtualisa-challenge/Api-Rest-Virtualiza/src/domain/models/index.ts": {"path":"/Users/nikodev/Development/Virtualisa-challenge/Api-Rest-Virtualiza/src/domain/models/index.ts","statementMap":{"0":{"start":{"line":1,"column":0},"end":{"line":1,"column":24}},"1":{"start":{"line":2,"column":0},"end":{"line":2,"column":25}},"2":{"start":{"line":3,"column":0},"end":{"line":3,"column":22}}},"fnMap":{},"branchMap":{},"s":{"0":4,"1":4,"2":4},"f":{},"b":{}}
,"/Users/nikodev/Development/Virtualisa-challenge/Api-Rest-Virtualiza/src/domain/services/driverServices.ts": {"path":"/Users/nikodev/Development/Virtualisa-challenge/Api-Rest-Virtualiza/src/domain/services/driverServices.ts","statementMap":{"0":{"start":{"line":1,"column":0},"end":{"line":1,"column":74}},"1":{"start":{"line":3,"column":0},"end":{"line":3,"column":42}},"2":{"start":{"line":4,"column":0},"end":{"line":4,"column":35}},"3":{"start":{"line":5,"column":0},"end":{"line":5,"column":46}},"4":{"start":{"line":7,"column":15},"end":{"line":23,"column":2}},"5":{"start":{"line":7,"column":26},"end":{"line":23,"column":2}},"6":{"start":{"line":8,"column":18},"end":{"line":20,"column":4}},"7":{"start":{"line":8,"column":64},"end":{"line":20,"column":4}},"8":{"start":{"line":9,"column":4},"end":{"line":17,"column":5}},"9":{"start":{"line":10,"column":23},"end":{"line":10,"column":77}},"10":{"start":{"line":12,"column":6},"end":{"line":16,"column":7}},"11":{"start":{"line":13,"column":27},"end":{"line":13,"column":48}},"12":{"start":{"line":14,"column":8},"end":{"line":14,"column":50}},"13":{"start":{"line":15,"column":8},"end":{"line":15,"column":53}},"14":{"start":{"line":19,"column":4},"end":{"line":19,"column":19}},"15":{"start":{"line":22,"column":2},"end":{"line":22,"column":44}},"16":{"start":{"line":25,"column":16},"end":{"line":39,"column":2}},"17":{"start":{"line":25,"column":37},"end":{"line":39,"column":2}},"18":{"start":{"line":26,"column":17},"end":{"line":26,"column":42}},"19":{"start":{"line":28,"column":2},"end":{"line":28,"column":28}},"20":{"start":{"line":28,"column":15},"end":{"line":28,"column":28}},"21":{"start":{"line":30,"column":19},"end":{"line":30,"column":73}},"22":{"start":{"line":32,"column":2},"end":{"line":36,"column":3}},"23":{"start":{"line":33,"column":23},"end":{"line":33,"column":44}},"24":{"start":{"line":34,"column":4},"end":{"line":34,"column":50}},"25":{"start":{"line":35,"column":4},"end":{"line":35,"column":53}},"26":{"start":{"line":38,"column":2},"end":{"line":38,"column":16}},"27":{"start":{"line":41,"column":15},"end":{"line":52,"column":2}},"28":{"start":{"line":41,"column":51},"end":{"line":52,"column":2}},"29":{"start":{"line":42,"column":55},"end":{"line":42,"column":62}},"30":{"start":{"line":42,"column":50},"end":{"line":42,"column":55}},"31":{"start":{"line":44,"column":20},"end":{"line":48,"column":null}},"32":{"start":{"line":51,"column":2},"end":{"line":51,"column":41}},"33":{"start":{"line":54,"column":15},"end":{"line":57,"column":2}},"34":{"start":{"line":54,"column":63},"end":{"line":57,"column":2}},"35":{"start":{"line":55,"column":19},"end":{"line":55,"column":66}},"36":{"start":{"line":56,"column":2},"end":{"line":56,"column":33}},"37":{"start":{"line":59,"column":16},"end":{"line":62,"column":2}},"38":{"start":{"line":59,"column":37},"end":{"line":62,"column":2}},"39":{"start":{"line":60,"column":19},"end":{"line":60,"column":78}},"40":{"start":{"line":61,"column":2},"end":{"line":61,"column":33}},"41":{"start":{"line":64,"column":26},"end":{"line":70,"column":2}},"42":{"start":{"line":64,"column":47},"end":{"line":70,"column":2}},"43":{"start":{"line":65,"column":19},"end":{"line":67,"column":null}},"44":{"start":{"line":69,"column":2},"end":{"line":69,"column":33}},"45":{"start":{"line":72,"column":13},"end":{"line":79,"column":2}}},"fnMap":{"0":{"name":"(anonymous_8)","decl":{"start":{"line":7,"column":15},"end":{"line":7,"column":24}},"loc":{"start":{"line":7,"column":26},"end":{"line":23,"column":2}}},"1":{"name":"(anonymous_9)","decl":{"start":{"line":7,"column":26},"end":{"line":7,"column":null}},"loc":{"start":{"line":7,"column":26},"end":{"line":23,"column":1}}},"2":{"name":"(anonymous_10)","decl":{"start":{"line":8,"column":46},"end":{"line":8,"column":53}},"loc":{"start":{"line":8,"column":64},"end":{"line":20,"column":4}}},"3":{"name":"(anonymous_11)","decl":{"start":{"line":8,"column":64},"end":{"line":8,"column":null}},"loc":{"start":{"line":8,"column":64},"end":{"line":20,"column":3}}},"4":{"name":"(anonymous_12)","decl":{"start":{"line":25,"column":16},"end":{"line":25,"column":23}},"loc":{"start":{"line":25,"column":37},"end":{"line":39,"column":2}}},"5":{"name":"(anonymous_13)","decl":{"start":{"line":25,"column":37},"end":{"line":25,"column":null}},"loc":{"start":{"line":25,"column":37},"end":{"line":39,"column":1}}},"6":{"name":"(anonymous_14)","decl":{"start":{"line":41,"column":15},"end":{"line":41,"column":22}},"loc":{"start":{"line":41,"column":51},"end":{"line":52,"column":2}}},"7":{"name":"(anonymous_15)","decl":{"start":{"line":41,"column":51},"end":{"line":41,"column":null}},"loc":{"start":{"line":41,"column":51},"end":{"line":52,"column":1}}},"8":{"name":"(anonymous_16)","decl":{"start":{"line":54,"column":15},"end":{"line":54,"column":22}},"loc":{"start":{"line":54,"column":63},"end":{"line":57,"column":2}}},"9":{"name":"(anonymous_17)","decl":{"start":{"line":54,"column":63},"end":{"line":54,"column":null}},"loc":{"start":{"line":54,"column":63},"end":{"line":57,"column":1}}},"10":{"name":"(anonymous_18)","decl":{"start":{"line":59,"column":16},"end":{"line":59,"column":23}},"loc":{"start":{"line":59,"column":37},"end":{"line":62,"column":2}}},"11":{"name":"(anonymous_19)","decl":{"start":{"line":59,"column":37},"end":{"line":59,"column":null}},"loc":{"start":{"line":59,"column":37},"end":{"line":62,"column":1}}},"12":{"name":"(anonymous_20)","decl":{"start":{"line":64,"column":26},"end":{"line":64,"column":33}},"loc":{"start":{"line":64,"column":47},"end":{"line":70,"column":2}}},"13":{"name":"(anonymous_21)","decl":{"start":{"line":64,"column":47},"end":{"line":64,"column":null}},"loc":{"start":{"line":64,"column":47},"end":{"line":70,"column":1}}}},"branchMap":{"0":{"loc":{"start":{"line":12,"column":6},"end":{"line":16,"column":7}},"type":"if","locations":[{"start":{"line":12,"column":6},"end":{"line":16,"column":7}}]},"1":{"loc":{"start":{"line":15,"column":39},"end":{"line":15,"column":52}},"type":"cond-expr","locations":[{"start":{"line":15,"column":39},"end":{"line":15,"column":47}},{"start":{"line":15,"column":51},"end":{"line":15,"column":52}}]},"2":{"loc":{"start":{"line":15,"column":39},"end":{"line":15,"column":51}},"type":"binary-expr","locations":[{"start":{"line":15,"column":39},"end":{"line":15,"column":51}},{"start":{"line":15,"column":39},"end":{"line":15,"column":51}}]},"3":{"loc":{"start":{"line":28,"column":2},"end":{"line":28,"column":28}},"type":"if","locations":[{"start":{"line":28,"column":2},"end":{"line":28,"column":28}}]},"4":{"loc":{"start":{"line":32,"column":2},"end":{"line":36,"column":3}},"type":"if","locations":[{"start":{"line":32,"column":2},"end":{"line":36,"column":3}}]},"5":{"loc":{"start":{"line":35,"column":38},"end":{"line":35,"column":51}},"type":"cond-expr","locations":[{"start":{"line":35,"column":38},"end":{"line":35,"column":46}},{"start":{"line":35,"column":50},"end":{"line":35,"column":51}}]},"6":{"loc":{"start":{"line":35,"column":38},"end":{"line":35,"column":50}},"type":"binary-expr","locations":[{"start":{"line":35,"column":38},"end":{"line":35,"column":50}},{"start":{"line":35,"column":38},"end":{"line":35,"column":50}}]}},"s":{"0":4,"1":4,"2":4,"3":4,"4":4,"5":4,"6":4,"7":4,"8":4,"9":7,"10":7,"11":0,"12":0,"13":0,"14":4,"15":4,"16":4,"17":15,"18":15,"19":15,"20":1,"21":14,"22":14,"23":0,"24":0,"25":0,"26":14,"27":4,"28":5,"29":5,"30":5,"31":5,"32":5,"33":4,"34":2,"35":2,"36":2,"37":4,"38":2,"39":2,"40":2,"41":4,"42":12,"43":12,"44":12,"45":4},"f":{"0":4,"1":4,"2":4,"3":4,"4":15,"5":15,"6":5,"7":5,"8":2,"9":2,"10":2,"11":2,"12":12,"13":12},"b":{"0":[0],"1":[0,0],"2":[0,0],"3":[1],"4":[0],"5":[0,0],"6":[0,0]}}
,"/Users/nikodev/Development/Virtualisa-challenge/Api-Rest-Virtualiza/src/domain/services/index.ts": {"path":"/Users/nikodev/Development/Virtualisa-challenge/Api-Rest-Virtualiza/src/domain/services/index.ts","statementMap":{"0":{"start":{"line":1,"column":0},"end":{"line":1,"column":9}},"1":{"start":{"line":1,"column":9},"end":{"line":1,"column":46}},"2":{"start":{"line":3,"column":0},"end":{"line":3,"column":9}},"3":{"start":{"line":3,"column":9},"end":{"line":3,"column":50}},"4":{"start":{"line":4,"column":0},"end":{"line":4,"column":9}},"5":{"start":{"line":4,"column":9},"end":{"line":4,"column":52}}},"fnMap":{"0":{"name":"(anonymous_0)","decl":{"start":{"line":1,"column":9},"end":{"line":1,"column":21}},"loc":{"start":{"line":1,"column":9},"end":{"line":1,"column":46}}},"1":{"name":"(anonymous_1)","decl":{"start":{"line":3,"column":9},"end":{"line":3,"column":23}},"loc":{"start":{"line":3,"column":9},"end":{"line":3,"column":50}}},"2":{"name":"(anonymous_2)","decl":{"start":{"line":4,"column":9},"end":{"line":4,"column":24}},"loc":{"start":{"line":4,"column":9},"end":{"line":4,"column":52}}}},"branchMap":{},"s":{"0":4,"1":4,"2":4,"3":44,"4":4,"5":4},"f":{"0":0,"1":40,"2":0},"b":{}}
,"/Users/nikodev/Development/Virtualisa-challenge/Api-Rest-Virtualiza/src/domain/services/tripServices.ts": {"path":"/Users/nikodev/Development/Virtualisa-challenge/Api-Rest-Virtualiza/src/domain/services/tripServices.ts","statementMap":{"0":{"start":{"line":1,"column":0},"end":{"line":1,"column":31}},"1":{"start":{"line":3,"column":0},"end":{"line":3,"column":69}},"2":{"start":{"line":4,"column":0},"end":{"line":4,"column":33}},"3":{"start":{"line":5,"column":0},"end":{"line":5,"column":50}},"4":{"start":{"line":6,"column":0},"end":{"line":6,"column":52}},"5":{"start":{"line":8,"column":15},"end":{"line":30,"column":2}},"6":{"start":{"line":8,"column":73},"end":{"line":30,"column":2}},"7":{"start":{"line":9,"column":16},"end":{"line":25,"column":4}},"8":{"start":{"line":27,"column":16},"end":{"line":27,"column":34}},"9":{"start":{"line":29,"column":2},"end":{"line":29,"column":26}},"10":{"start":{"line":32,"column":16},"end":{"line":35,"column":2}},"11":{"start":{"line":32,"column":37},"end":{"line":35,"column":2}},"12":{"start":{"line":33,"column":15},"end":{"line":33,"column":38}},"13":{"start":{"line":34,"column":2},"end":{"line":34,"column":14}},"14":{"start":{"line":37,"column":15},"end":{"line":55,"column":2}},"15":{"start":{"line":37,"column":49},"end":{"line":55,"column":2}},"16":{"start":{"line":38,"column":55},"end":{"line":38,"column":62}},"17":{"start":{"line":38,"column":50},"end":{"line":38,"column":55}},"18":{"start":{"line":40,"column":22},"end":{"line":40,"column":66}},"19":{"start":{"line":41,"column":23},"end":{"line":41,"column":69}},"20":{"start":{"line":43,"column":2},"end":{"line":43,"column":50}},"21":{"start":{"line":43,"column":37},"end":{"line":43,"column":50}},"22":{"start":{"line":45,"column":18},"end":{"line":49,"column":null}},"23":{"start":{"line":52,"column":2},"end":{"line":52,"column":69}},"24":{"start":{"line":54,"column":2},"end":{"line":54,"column":39}},"25":{"start":{"line":57,"column":15},"end":{"line":68,"column":2}},"26":{"start":{"line":57,"column":59},"end":{"line":68,"column":2}},"27":{"start":{"line":58,"column":2},"end":{"line":64,"column":3}},"28":{"start":{"line":59,"column":17},"end":{"line":59,"column":40}},"29":{"start":{"line":61,"column":22},"end":{"line":61,"column":55}},"30":{"start":{"line":63,"column":4},"end":{"line":63,"column":59}},"31":{"start":{"line":66,"column":19},"end":{"line":66,"column":62}},"32":{"start":{"line":67,"column":2},"end":{"line":67,"column":33}},"33":{"start":{"line":70,"column":16},"end":{"line":73,"column":2}},"34":{"start":{"line":70,"column":37},"end":{"line":73,"column":2}},"35":{"start":{"line":71,"column":19},"end":{"line":71,"column":77}},"36":{"start":{"line":72,"column":2},"end":{"line":72,"column":33}},"37":{"start":{"line":75,"column":22},"end":{"line":86,"column":2}},"38":{"start":{"line":75,"column":43},"end":{"line":86,"column":2}},"39":{"start":{"line":76,"column":19},"end":{"line":83,"column":4}},"40":{"start":{"line":85,"column":2},"end":{"line":85,"column":18}},"41":{"start":{"line":88,"column":13},"end":{"line":95,"column":2}}},"fnMap":{"0":{"name":"(anonymous_8)","decl":{"start":{"line":8,"column":15},"end":{"line":8,"column":22}},"loc":{"start":{"line":8,"column":73},"end":{"line":30,"column":2}}},"1":{"name":"(anonymous_9)","decl":{"start":{"line":8,"column":73},"end":{"line":8,"column":null}},"loc":{"start":{"line":8,"column":69},"end":{"line":30,"column":1}}},"2":{"name":"(anonymous_10)","decl":{"start":{"line":32,"column":16},"end":{"line":32,"column":23}},"loc":{"start":{"line":32,"column":37},"end":{"line":35,"column":2}}},"3":{"name":"(anonymous_11)","decl":{"start":{"line":32,"column":37},"end":{"line":32,"column":null}},"loc":{"start":{"line":32,"column":37},"end":{"line":35,"column":1}}},"4":{"name":"(anonymous_12)","decl":{"start":{"line":37,"column":15},"end":{"line":37,"column":22}},"loc":{"start":{"line":37,"column":49},"end":{"line":55,"column":2}}},"5":{"name":"(anonymous_13)","decl":{"start":{"line":37,"column":49},"end":{"line":37,"column":null}},"loc":{"start":{"line":37,"column":49},"end":{"line":55,"column":1}}},"6":{"name":"(anonymous_14)","decl":{"start":{"line":57,"column":15},"end":{"line":57,"column":22}},"loc":{"start":{"line":57,"column":59},"end":{"line":68,"column":2}}},"7":{"name":"(anonymous_15)","decl":{"start":{"line":57,"column":59},"end":{"line":57,"column":null}},"loc":{"start":{"line":57,"column":59},"end":{"line":68,"column":1}}},"8":{"name":"(anonymous_16)","decl":{"start":{"line":70,"column":16},"end":{"line":70,"column":23}},"loc":{"start":{"line":70,"column":37},"end":{"line":73,"column":2}}},"9":{"name":"(anonymous_17)","decl":{"start":{"line":70,"column":37},"end":{"line":70,"column":null}},"loc":{"start":{"line":70,"column":37},"end":{"line":73,"column":1}}},"10":{"name":"(anonymous_18)","decl":{"start":{"line":75,"column":22},"end":{"line":75,"column":29}},"loc":{"start":{"line":75,"column":43},"end":{"line":86,"column":2}}},"11":{"name":"(anonymous_19)","decl":{"start":{"line":75,"column":43},"end":{"line":75,"column":null}},"loc":{"start":{"line":75,"column":43},"end":{"line":86,"column":1}}}},"branchMap":{"0":{"loc":{"start":{"line":8,"column":22},"end":{"line":8,"column":40}},"type":"default-arg","locations":[{"start":{"line":8,"column":39},"end":{"line":8,"column":40}}]},"1":{"loc":{"start":{"line":8,"column":42},"end":{"line":8,"column":69}},"type":"default-arg","locations":[{"start":{"line":8,"column":65},"end":{"line":8,"column":69}}]},"2":{"loc":{"start":{"line":24,"column":11},"end":{"line":24,"column":45}},"type":"cond-expr","locations":[{"start":{"line":24,"column":28},"end":{"line":24,"column":33}},{"start":{"line":24,"column":36},"end":{"line":24,"column":45}}]},"3":{"loc":{"start":{"line":43,"column":2},"end":{"line":43,"column":50}},"type":"if","locations":[{"start":{"line":43,"column":2},"end":{"line":43,"column":50}}]},"4":{"loc":{"start":{"line":43,"column":6},"end":{"line":43,"column":35}},"type":"binary-expr","locations":[{"start":{"line":43,"column":6},"end":{"line":43,"column":18}},{"start":{"line":43,"column":22},"end":{"line":43,"column":35}}]},"5":{"loc":{"start":{"line":58,"column":2},"end":{"line":64,"column":3}},"type":"if","locations":[{"start":{"line":58,"column":2},"end":{"line":64,"column":3}}]},"6":{"loc":{"start":{"line":61,"column":22},"end":{"line":61,"column":43}},"type":"cond-expr","locations":[{"start":{"line":61,"column":26},"end":{"line":61,"column":28}},{"start":{"line":61,"column":22},"end":{"line":61,"column":43}}]},"7":{"loc":{"start":{"line":61,"column":22},"end":{"line":61,"column":28}},"type":"binary-expr","locations":[{"start":{"line":61,"column":22},"end":{"line":61,"column":28}},{"start":{"line":61,"column":22},"end":{"line":61,"column":28}}]}},"s":{"0":4,"1":4,"2":4,"3":4,"4":4,"5":4,"6":0,"7":0,"8":0,"9":0,"10":4,"11":0,"12":0,"13":0,"14":4,"15":0,"16":0,"17":0,"18":0,"19":0,"20":0,"21":0,"22":0,"23":0,"24":0,"25":4,"26":0,"27":0,"28":0,"29":0,"30":0,"31":0,"32":0,"33":4,"34":0,"35":0,"36":0,"37":4,"38":21,"39":21,"40":21,"41":4},"f":{"0":0,"1":0,"2":0,"3":0,"4":0,"5":0,"6":0,"7":0,"8":0,"9":0,"10":21,"11":21},"b":{"0":[0],"1":[0],"2":[0,0],"3":[0],"4":[0,0],"5":[0],"6":[0,0],"7":[0,0]}}
,"/Users/nikodev/Development/Virtualisa-challenge/Api-Rest-Virtualiza/src/domain/services/vehicleServices.ts": {"path":"/Users/nikodev/Development/Virtualisa-challenge/Api-Rest-Virtualiza/src/domain/services/vehicleServices.ts","statementMap":{"0":{"start":{"line":2,"column":0},"end":{"line":2,"column":66}},"1":{"start":{"line":3,"column":0},"end":{"line":3,"column":36}},"2":{"start":{"line":5,"column":15},"end":{"line":8,"column":2}},"3":{"start":{"line":5,"column":26},"end":{"line":8,"column":2}},"4":{"start":{"line":6,"column":19},"end":{"line":6,"column":42}},"5":{"start":{"line":7,"column":2},"end":{"line":7,"column":46}},"6":{"start":{"line":10,"column":16},"end":{"line":13,"column":2}},"7":{"start":{"line":10,"column":37},"end":{"line":13,"column":2}},"8":{"start":{"line":11,"column":18},"end":{"line":11,"column":44}},"9":{"start":{"line":12,"column":2},"end":{"line":12,"column":17}},"10":{"start":{"line":15,"column":15},"end":{"line":18,"column":2}},"11":{"start":{"line":15,"column":53},"end":{"line":18,"column":2}},"12":{"start":{"line":16,"column":21},"end":{"line":16,"column":58}},"13":{"start":{"line":17,"column":2},"end":{"line":17,"column":42}},"14":{"start":{"line":20,"column":15},"end":{"line":23,"column":2}},"15":{"start":{"line":20,"column":65},"end":{"line":23,"column":2}},"16":{"start":{"line":21,"column":19},"end":{"line":21,"column":68}},"17":{"start":{"line":22,"column":2},"end":{"line":22,"column":33}},"18":{"start":{"line":25,"column":16},"end":{"line":28,"column":2}},"19":{"start":{"line":25,"column":37},"end":{"line":28,"column":2}},"20":{"start":{"line":26,"column":19},"end":{"line":26,"column":79}},"21":{"start":{"line":27,"column":2},"end":{"line":27,"column":33}},"22":{"start":{"line":30,"column":20},"end":{"line":43,"column":2}},"23":{"start":{"line":30,"column":58},"end":{"line":43,"column":2}},"24":{"start":{"line":31,"column":18},"end":{"line":31,"column":56}},"25":{"start":{"line":33,"column":2},"end":{"line":33,"column":42}},"26":{"start":{"line":33,"column":16},"end":{"line":33,"column":42}},"27":{"start":{"line":35,"column":18},"end":{"line":35,"column":50}},"28":{"start":{"line":37,"column":19},"end":{"line":39,"column":null}},"29":{"start":{"line":42,"column":2},"end":{"line":42,"column":33}},"30":{"start":{"line":45,"column":14},"end":{"line":51,"column":2}},"31":{"start":{"line":45,"column":35},"end":{"line":51,"column":2}},"32":{"start":{"line":46,"column":19},"end":{"line":48,"column":null}},"33":{"start":{"line":50,"column":2},"end":{"line":50,"column":33}},"34":{"start":{"line":53,"column":13},"end":{"line":61,"column":2}}},"fnMap":{"0":{"name":"(anonymous_7)","decl":{"start":{"line":5,"column":15},"end":{"line":5,"column":24}},"loc":{"start":{"line":5,"column":26},"end":{"line":8,"column":2}}},"1":{"name":"(anonymous_8)","decl":{"start":{"line":5,"column":26},"end":{"line":5,"column":null}},"loc":{"start":{"line":5,"column":26},"end":{"line":8,"column":1}}},"2":{"name":"(anonymous_9)","decl":{"start":{"line":10,"column":16},"end":{"line":10,"column":23}},"loc":{"start":{"line":10,"column":37},"end":{"line":13,"column":2}}},"3":{"name":"(anonymous_10)","decl":{"start":{"line":10,"column":37},"end":{"line":10,"column":null}},"loc":{"start":{"line":10,"column":37},"end":{"line":13,"column":1}}},"4":{"name":"(anonymous_11)","decl":{"start":{"line":15,"column":15},"end":{"line":15,"column":22}},"loc":{"start":{"line":15,"column":53},"end":{"line":18,"column":2}}},"5":{"name":"(anonymous_12)","decl":{"start":{"line":15,"column":53},"end":{"line":15,"column":null}},"loc":{"start":{"line":15,"column":53},"end":{"line":18,"column":1}}},"6":{"name":"(anonymous_13)","decl":{"start":{"line":20,"column":15},"end":{"line":20,"column":22}},"loc":{"start":{"line":20,"column":65},"end":{"line":23,"column":2}}},"7":{"name":"(anonymous_14)","decl":{"start":{"line":20,"column":65},"end":{"line":20,"column":null}},"loc":{"start":{"line":20,"column":65},"end":{"line":23,"column":1}}},"8":{"name":"(anonymous_15)","decl":{"start":{"line":25,"column":16},"end":{"line":25,"column":23}},"loc":{"start":{"line":25,"column":37},"end":{"line":28,"column":2}}},"9":{"name":"(anonymous_16)","decl":{"start":{"line":25,"column":37},"end":{"line":25,"column":null}},"loc":{"start":{"line":25,"column":37},"end":{"line":28,"column":1}}},"10":{"name":"(anonymous_17)","decl":{"start":{"line":30,"column":20},"end":{"line":30,"column":27}},"loc":{"start":{"line":30,"column":58},"end":{"line":43,"column":2}}},"11":{"name":"(anonymous_18)","decl":{"start":{"line":30,"column":58},"end":{"line":30,"column":null}},"loc":{"start":{"line":30,"column":58},"end":{"line":43,"column":1}}},"12":{"name":"(anonymous_19)","decl":{"start":{"line":45,"column":14},"end":{"line":45,"column":21}},"loc":{"start":{"line":45,"column":35},"end":{"line":51,"column":2}}},"13":{"name":"(anonymous_20)","decl":{"start":{"line":45,"column":35},"end":{"line":45,"column":null}},"loc":{"start":{"line":45,"column":35},"end":{"line":51,"column":1}}}},"branchMap":{"0":{"loc":{"start":{"line":33,"column":2},"end":{"line":33,"column":42}},"type":"if","locations":[{"start":{"line":33,"column":2},"end":{"line":33,"column":42}}]}},"s":{"0":4,"1":4,"2":4,"3":0,"4":0,"5":0,"6":4,"7":0,"8":0,"9":0,"10":4,"11":0,"12":0,"13":0,"14":4,"15":0,"16":0,"17":0,"18":4,"19":0,"20":0,"21":0,"22":4,"23":0,"24":0,"25":0,"26":0,"27":0,"28":0,"29":0,"30":4,"31":0,"32":0,"33":0,"34":4},"f":{"0":0,"1":0,"2":0,"3":0,"4":0,"5":0,"6":0,"7":0,"8":0,"9":0,"10":0,"11":0,"12":0,"13":0},"b":{"0":[0]}}
,"/Users/nikodev/Development/Virtualisa-challenge/Api-Rest-Virtualiza/src/helpers/driverLicenseIsvalid.ts": {"path":"/Users/nikodev/Development/Virtualisa-challenge/Api-Rest-Virtualiza/src/helpers/driverLicenseIsvalid.ts","statementMap":{"0":{"start":{"line":3,"column":36},"end":{"line":20,"column":1}},"1":{"start":{"line":7,"column":16},"end":{"line":7,"column":55}},"2":{"start":{"line":9,"column":4},"end":{"line":9,"column":72}},"3":{"start":{"line":11,"column":22},"end":{"line":11,"column":32}},"4":{"start":{"line":14,"column":15},"end":{"line":14,"column":53}},"5":{"start":{"line":17,"column":19},"end":{"line":17,"column":53}},"6":{"start":{"line":19,"column":2},"end":{"line":19,"column":26}},"7":{"start":{"line":3,"column":13},"end":{"line":3,"column":36}}},"fnMap":{"0":{"name":"(anonymous_0)","decl":{"start":{"line":3,"column":36},"end":{"line":3,"column":null}},"loc":{"start":{"line":6,"column":4},"end":{"line":20,"column":1}}}},"branchMap":{"0":{"loc":{"start":{"line":7,"column":16},"end":{"line":7,"column":55}},"type":"cond-expr","locations":[{"start":{"line":7,"column":50},"end":{"line":7,"column":51}},{"start":{"line":7,"column":54},"end":{"line":7,"column":55}}]},"1":{"loc":{"start":{"line":9,"column":4},"end":{"line":9,"column":72}},"type":"cond-expr","locations":[{"start":{"line":9,"column":35},"end":{"line":9,"column":47}},{"start":{"line":9,"column":50},"end":{"line":9,"column":72}}]}},"s":{"0":4,"1":17,"2":17,"3":17,"4":17,"5":17,"6":17,"7":4},"f":{"0":17},"b":{"0":[17,0],"1":[0,17]}}
,"/Users/nikodev/Development/Virtualisa-challenge/Api-Rest-Virtualiza/src/infraestructure/adapters/database.adapter.ts": {"path":"/Users/nikodev/Development/Virtualisa-challenge/Api-Rest-Virtualiza/src/infraestructure/adapters/database.adapter.ts","statementMap":{"0":{"start":{"line":1,"column":0},"end":{"line":1,"column":38}},"1":{"start":{"line":2,"column":0},"end":{"line":2,"column":43}},"2":{"start":{"line":4,"column":34},"end":{"line":4,"column":38}},"3":{"start":{"line":7,"column":2},"end":{"line":19,"column":3}},"4":{"start":{"line":8,"column":4},"end":{"line":18,"column":6}},"5":{"start":{"line":21,"column":2},"end":{"line":29,"column":3}},"6":{"start":{"line":22,"column":4},"end":{"line":28,"column":9}},"7":{"start":{"line":22,"column":16},"end":{"line":28,"column":6}},"8":{"start":{"line":23,"column":6},"end":{"line":27,"column":7}},"9":{"start":{"line":24,"column":8},"end":{"line":24,"column":31}},"10":{"start":{"line":26,"column":8},"end":{"line":26,"column":67}},"11":{"start":{"line":30,"column":2},"end":{"line":30,"column":19}},"12":{"start":{"line":6,"column":0},"end":{"line":6,"column":16}}},"fnMap":{"0":{"name":"getDatabaseInstance","decl":{"start":{"line":6,"column":16},"end":{"line":6,"column":35}},"loc":{"start":{"line":6,"column":35},"end":{"line":31,"column":1}}},"1":{"name":"(anonymous_8)","decl":{"start":{"line":22,"column":5},"end":{"line":22,"column":14}},"loc":{"start":{"line":22,"column":16},"end":{"line":28,"column":6}}},"2":{"name":"(anonymous_9)","decl":{"start":{"line":22,"column":16},"end":{"line":22,"column":null}},"loc":{"start":{"line":22,"column":16},"end":{"line":28,"column":5}}}},"branchMap":{"0":{"loc":{"start":{"line":7,"column":2},"end":{"line":19,"column":3}},"type":"if","locations":[{"start":{"line":7,"column":2},"end":{"line":19,"column":3}}]},"1":{"loc":{"start":{"line":21,"column":2},"end":{"line":29,"column":3}},"type":"if","locations":[{"start":{"line":21,"column":2},"end":{"line":29,"column":3}}]}},"s":{"0":4,"1":4,"2":4,"3":4,"4":4,"5":4,"6":4,"7":4,"8":4,"9":4,"10":0,"11":4,"12":4},"f":{"0":4,"1":4,"2":4},"b":{"0":[4],"1":[4]}}
,"/Users/nikodev/Development/Virtualisa-challenge/Api-Rest-Virtualiza/src/infraestructure/database/index.ts": {"path":"/Users/nikodev/Development/Virtualisa-challenge/Api-Rest-Virtualiza/src/infraestructure/database/index.ts","statementMap":{"0":{"start":{"line":1,"column":0},"end":{"line":1,"column":67}},"1":{"start":{"line":4,"column":18},"end":{"line":4,"column":39}},"2":{"start":{"line":7,"column":0},"end":{"line":7,"column":25}}},"fnMap":{},"branchMap":{},"s":{"0":4,"1":4,"2":4},"f":{},"b":{}}
,"/Users/nikodev/Development/Virtualisa-challenge/Api-Rest-Virtualiza/src/infraestructure/middlewares/validateSchema.middleware.ts": {"path":"/Users/nikodev/Development/Virtualisa-challenge/Api-Rest-Virtualiza/src/infraestructure/middlewares/validateSchema.middleware.ts","statementMap":{"0":{"start":{"line":2,"column":0},"end":{"line":2,"column":45}},"1":{"start":{"line":5,"column":2},"end":{"line":22,"column":3}},"2":{"start":{"line":6,"column":2},"end":{"line":22,"column":3}},"3":{"start":{"line":7,"column":4},"end":{"line":21,"column":5}},"4":{"start":{"line":8,"column":6},"end":{"line":8,"column":29}},"5":{"start":{"line":9,"column":6},"end":{"line":9,"column":13}},"6":{"start":{"line":11,"column":6},"end":{"line":19,"column":7}},"7":{"start":{"line":12,"column":8},"end":{"line":12,"column":27}},"8":{"start":{"line":14,"column":8},"end":{"line":18,"column":10}},"9":{"start":{"line":15,"column":39},"end":{"line":17,"column":12}},"10":{"start":{"line":20,"column":6},"end":{"line":20,"column":73}},"11":{"start":{"line":4,"column":13},"end":{"line":4,"column":null}}},"fnMap":{"0":{"name":"(anonymous_0)","decl":{"start":{"line":5,"column":2},"end":{"line":5,"column":3}},"loc":{"start":{"line":6,"column":2},"end":{"line":22,"column":3}}},"1":{"name":"(anonymous_1)","decl":{"start":{"line":6,"column":2},"end":{"line":6,"column":3}},"loc":{"start":{"line":6,"column":54},"end":{"line":22,"column":3}}},"2":{"name":"(anonymous_2)","decl":{"start":{"line":15,"column":27},"end":{"line":15,"column":28}},"loc":{"start":{"line":15,"column":39},"end":{"line":17,"column":12}}}},"branchMap":{"0":{"loc":{"start":{"line":11,"column":6},"end":{"line":19,"column":7}},"type":"if","locations":[{"start":{"line":11,"column":6},"end":{"line":19,"column":7}}]}},"s":{"0":4,"1":4,"2":24,"3":7,"4":7,"5":7,"6":0,"7":0,"8":0,"9":0,"10":0,"11":4},"f":{"0":24,"1":7,"2":0},"b":{"0":[0]}}
,"/Users/nikodev/Development/Virtualisa-challenge/Api-Rest-Virtualiza/src/infraestructure/middlewares/Drivers/checkLicense.ts": {"path":"/Users/nikodev/Development/Virtualisa-challenge/Api-Rest-Virtualiza/src/infraestructure/middlewares/Drivers/checkLicense.ts","statementMap":{"0":{"start":{"line":2,"column":0},"end":{"line":2,"column":58}},"1":{"start":{"line":3,"column":0},"end":{"line":3,"column":77}},"2":{"start":{"line":5,"column":28},"end":{"line":24,"column":2}},"3":{"start":{"line":9,"column":4},"end":{"line":24,"column":2}},"4":{"start":{"line":10,"column":19},"end":{"line":10,"column":32}},"5":{"start":{"line":11,"column":17},"end":{"line":11,"column":55}},"6":{"start":{"line":13,"column":2},"end":{"line":13,"column":39}},"7":{"start":{"line":13,"column":15},"end":{"line":13,"column":39}},"8":{"start":{"line":15,"column":23},"end":{"line":15,"column":54}},"9":{"start":{"line":16,"column":23},"end":{"line":16,"column":54}},"10":{"start":{"line":18,"column":2},"end":{"line":23,"column":3}},"11":{"start":{"line":19,"column":4},"end":{"line":19,"column":28}},"12":{"start":{"line":21,"column":4},"end":{"line":21,"column":61}},"13":{"start":{"line":22,"column":4},"end":{"line":22,"column":11}},"14":{"start":{"line":5,"column":13},"end":{"line":5,"column":28}}},"fnMap":{"0":{"name":"(anonymous_7)","decl":{"start":{"line":5,"column":28},"end":{"line":5,"column":null}},"loc":{"start":{"line":9,"column":4},"end":{"line":24,"column":2}}},"1":{"name":"(anonymous_8)","decl":{"start":{"line":9,"column":4},"end":{"line":9,"column":null}},"loc":{"start":{"line":9,"column":4},"end":{"line":24,"column":1}}}},"branchMap":{"0":{"loc":{"start":{"line":13,"column":2},"end":{"line":13,"column":39}},"type":"if","locations":[{"start":{"line":13,"column":2},"end":{"line":13,"column":39}}]},"1":{"loc":{"start":{"line":15,"column":23},"end":{"line":15,"column":54}},"type":"cond-expr","locations":[{"start":{"line":15,"column":29},"end":{"line":15,"column":31}},{"start":{"line":15,"column":23},"end":{"line":15,"column":54}}]},"2":{"loc":{"start":{"line":15,"column":23},"end":{"line":15,"column":31}},"type":"binary-expr","locations":[{"start":{"line":15,"column":23},"end":{"line":15,"column":31}},{"start":{"line":15,"column":23},"end":{"line":15,"column":31}}]},"3":{"loc":{"start":{"line":16,"column":23},"end":{"line":16,"column":54}},"type":"cond-expr","locations":[{"start":{"line":16,"column":29},"end":{"line":16,"column":31}},{"start":{"line":16,"column":23},"end":{"line":16,"column":54}}]},"4":{"loc":{"start":{"line":16,"column":23},"end":{"line":16,"column":31}},"type":"binary-expr","locations":[{"start":{"line":16,"column":23},"end":{"line":16,"column":31}},{"start":{"line":16,"column":23},"end":{"line":16,"column":31}}]},"5":{"loc":{"start":{"line":18,"column":2},"end":{"line":23,"column":3}},"type":"if","locations":[{"start":{"line":18,"column":2},"end":{"line":23,"column":3}},{"start":{"line":20,"column":9},"end":{"line":23,"column":3}}]}},"s":{"0":4,"1":4,"2":4,"3":10,"4":10,"5":10,"6":10,"7":1,"8":9,"9":9,"10":9,"11":0,"12":9,"13":9,"14":4},"f":{"0":10,"1":10},"b":{"0":[1],"1":[0,9],"2":[9,9],"3":[0,9],"4":[9,9],"5":[0,9]}}
,"/Users/nikodev/Development/Virtualisa-challenge/Api-Rest-Virtualiza/src/infraestructure/middlewares/Drivers/checkLicenses.ts": {"path":"/Users/nikodev/Development/Virtualisa-challenge/Api-Rest-Virtualiza/src/infraestructure/middlewares/Drivers/checkLicenses.ts","statementMap":{"0":{"start":{"line":2,"column":0},"end":{"line":2,"column":58}},"1":{"start":{"line":3,"column":0},"end":{"line":3,"column":77}},"2":{"start":{"line":5,"column":29},"end":{"line":27,"column":2}},"3":{"start":{"line":9,"column":4},"end":{"line":27,"column":2}},"4":{"start":{"line":10,"column":2},"end":{"line":26,"column":3}},"5":{"start":{"line":11,"column":19},"end":{"line":11,"column":48}},"6":{"start":{"line":13,"column":4},"end":{"line":20,"column":5}},"7":{"start":{"line":14,"column":27},"end":{"line":14,"column":58}},"8":{"start":{"line":15,"column":27},"end":{"line":15,"column":58}},"9":{"start":{"line":17,"column":6},"end":{"line":19,"column":7}},"10":{"start":{"line":18,"column":8},"end":{"line":18,"column":69}},"11":{"start":{"line":22,"column":4},"end":{"line":22,"column":11}},"12":{"start":{"line":24,"column":4},"end":{"line":24,"column":62}},"13":{"start":{"line":25,"column":4},"end":{"line":25,"column":66}},"14":{"start":{"line":5,"column":13},"end":{"line":5,"column":29}}},"fnMap":{"0":{"name":"(anonymous_7)","decl":{"start":{"line":5,"column":29},"end":{"line":5,"column":null}},"loc":{"start":{"line":9,"column":4},"end":{"line":27,"column":2}}},"1":{"name":"(anonymous_8)","decl":{"start":{"line":9,"column":4},"end":{"line":9,"column":null}},"loc":{"start":{"line":9,"column":4},"end":{"line":27,"column":1}}}},"branchMap":{"0":{"loc":{"start":{"line":14,"column":27},"end":{"line":14,"column":58}},"type":"cond-expr","locations":[{"start":{"line":14,"column":33},"end":{"line":14,"column":35}},{"start":{"line":14,"column":27},"end":{"line":14,"column":58}}]},"1":{"loc":{"start":{"line":14,"column":27},"end":{"line":14,"column":35}},"type":"binary-expr","locations":[{"start":{"line":14,"column":27},"end":{"line":14,"column":35}},{"start":{"line":14,"column":27},"end":{"line":14,"column":35}}]},"2":{"loc":{"start":{"line":15,"column":27},"end":{"line":15,"column":58}},"type":"cond-expr","locations":[{"start":{"line":15,"column":33},"end":{"line":15,"column":35}},{"start":{"line":15,"column":27},"end":{"line":15,"column":58}}]},"3":{"loc":{"start":{"line":15,"column":27},"end":{"line":15,"column":35}},"type":"binary-expr","locations":[{"start":{"line":15,"column":27},"end":{"line":15,"column":35}},{"start":{"line":15,"column":27},"end":{"line":15,"column":35}}]},"4":{"loc":{"start":{"line":17,"column":6},"end":{"line":19,"column":7}},"type":"if","locations":[{"start":{"line":17,"column":6},"end":{"line":19,"column":7}}]}},"s":{"0":4,"1":4,"2":4,"3":2,"4":2,"5":2,"6":2,"7":3,"8":3,"9":3,"10":3,"11":2,"12":0,"13":0,"14":4},"f":{"0":2,"1":2},"b":{"0":[0,3],"1":[3,3],"2":[0,3],"3":[3,3],"4":[3]}}
,"/Users/nikodev/Development/Virtualisa-challenge/Api-Rest-Virtualiza/src/infraestructure/schemas/driver.schema.ts": {"path":"/Users/nikodev/Development/Virtualisa-challenge/Api-Rest-Virtualiza/src/infraestructure/schemas/driver.schema.ts","statementMap":{"0":{"start":{"line":1,"column":0},"end":{"line":1,"column":24}},"1":{"start":{"line":3,"column":20},"end":{"line":3,"column":57}},"2":{"start":{"line":5,"column":13},"end":{"line":11,"column":3}},"3":{"start":{"line":13,"column":13},"end":{"line":20,"column":3}}},"fnMap":{},"branchMap":{},"s":{"0":4,"1":4,"2":4,"3":4},"f":{},"b":{}}
,"/Users/nikodev/Development/Virtualisa-challenge/Api-Rest-Virtualiza/src/infraestructure/schemas/trip.schema.ts": {"path":"/Users/nikodev/Development/Virtualisa-challenge/Api-Rest-Virtualiza/src/infraestructure/schemas/trip.schema.ts","statementMap":{"0":{"start":{"line":1,"column":0},"end":{"line":1,"column":24}},"1":{"start":{"line":3,"column":13},"end":{"line":10,"column":3}},"2":{"start":{"line":12,"column":13},"end":{"line":17,"column":3}}},"fnMap":{},"branchMap":{},"s":{"0":4,"1":4,"2":4},"f":{},"b":{}}
,"/Users/nikodev/Development/Virtualisa-challenge/Api-Rest-Virtualiza/src/infraestructure/schemas/vehicle.schema.ts": {"path":"/Users/nikodev/Development/Virtualisa-challenge/Api-Rest-Virtualiza/src/infraestructure/schemas/vehicle.schema.ts","statementMap":{"0":{"start":{"line":1,"column":0},"end":{"line":1,"column":24}},"1":{"start":{"line":3,"column":13},"end":{"line":8,"column":3}},"2":{"start":{"line":10,"column":13},"end":{"line":15,"column":3}}},"fnMap":{},"branchMap":{},"s":{"0":4,"1":4,"2":4},"f":{},"b":{}}
,"/Users/nikodev/Development/Virtualisa-challenge/Api-Rest-Virtualiza/src/routes/drivers.routes.ts": {"path":"/Users/nikodev/Development/Virtualisa-challenge/Api-Rest-Virtualiza/src/routes/drivers.routes.ts","statementMap":{"0":{"start":{"line":1,"column":0},"end":{"line":1,"column":33}},"1":{"start":{"line":2,"column":0},"end":{"line":2,"column":64}},"2":{"start":{"line":3,"column":0},"end":{"line":3,"column":85}},"3":{"start":{"line":4,"column":0},"end":{"line":4,"column":83}},"4":{"start":{"line":5,"column":0},"end":{"line":5,"column":90}},"5":{"start":{"line":6,"column":0},"end":{"line":6,"column":null}},"6":{"start":{"line":11,"column":15},"end":{"line":11,"column":23}},"7":{"start":{"line":13,"column":0},"end":{"line":13,"column":54}},"8":{"start":{"line":14,"column":0},"end":{"line":14,"column":59}},"9":{"start":{"line":15,"column":0},"end":{"line":15,"column":78}},"10":{"start":{"line":16,"column":0},"end":{"line":21,"column":2}},"11":{"start":{"line":22,"column":0},"end":{"line":22,"column":61}},"12":{"start":{"line":24,"column":0},"end":{"line":24,"column":22}}},"fnMap":{},"branchMap":{},"s":{"0":4,"1":4,"2":4,"3":4,"4":4,"5":4,"6":4,"7":4,"8":4,"9":4,"10":4,"11":4,"12":4},"f":{},"b":{}}
,"/Users/nikodev/Development/Virtualisa-challenge/Api-Rest-Virtualiza/src/routes/paths.ts": {"path":"/Users/nikodev/Development/Virtualisa-challenge/Api-Rest-Virtualiza/src/routes/paths.ts","statementMap":{"0":{"start":{"line":1,"column":13},"end":{"line":5,"column":2}}},"fnMap":{},"branchMap":{},"s":{"0":4},"f":{},"b":{}}
,"/Users/nikodev/Development/Virtualisa-challenge/Api-Rest-Virtualiza/src/routes/trips.routes.ts": {"path":"/Users/nikodev/Development/Virtualisa-challenge/Api-Rest-Virtualiza/src/routes/trips.routes.ts","statementMap":{"0":{"start":{"line":1,"column":0},"end":{"line":1,"column":33}},"1":{"start":{"line":2,"column":0},"end":{"line":2,"column":62}},"2":{"start":{"line":3,"column":0},"end":{"line":3,"column":90}},"3":{"start":{"line":4,"column":0},"end":{"line":4,"column":null}},"4":{"start":{"line":9,"column":15},"end":{"line":9,"column":23}},"5":{"start":{"line":11,"column":0},"end":{"line":11,"column":37}},"6":{"start":{"line":12,"column":0},"end":{"line":12,"column":43}},"7":{"start":{"line":13,"column":0},"end":{"line":13,"column":74}},"8":{"start":{"line":14,"column":0},"end":{"line":14,"column":76}},"9":{"start":{"line":15,"column":0},"end":{"line":15,"column":45}},"10":{"start":{"line":17,"column":0},"end":{"line":17,"column":22}}},"fnMap":{},"branchMap":{},"s":{"0":4,"1":4,"2":4,"3":4,"4":4,"5":4,"6":4,"7":4,"8":4,"9":4,"10":4},"f":{},"b":{}}
,"/Users/nikodev/Development/Virtualisa-challenge/Api-Rest-Virtualiza/src/routes/vehicles.routes.ts": {"path":"/Users/nikodev/Development/Virtualisa-challenge/Api-Rest-Virtualiza/src/routes/vehicles.routes.ts","statementMap":{"0":{"start":{"line":1,"column":0},"end":{"line":1,"column":33}},"1":{"start":{"line":2,"column":0},"end":{"line":2,"column":65}},"2":{"start":{"line":3,"column":0},"end":{"line":3,"column":90}},"3":{"start":{"line":4,"column":0},"end":{"line":4,"column":null}},"4":{"start":{"line":9,"column":15},"end":{"line":9,"column":23}},"5":{"start":{"line":11,"column":0},"end":{"line":11,"column":40}},"6":{"start":{"line":12,"column":0},"end":{"line":12,"column":46}},"7":{"start":{"line":13,"column":0},"end":{"line":13,"column":80}},"8":{"start":{"line":14,"column":0},"end":{"line":18,"column":2}},"9":{"start":{"line":19,"column":0},"end":{"line":19,"column":48}},"10":{"start":{"line":21,"column":0},"end":{"line":21,"column":22}}},"fnMap":{},"branchMap":{},"s":{"0":4,"1":4,"2":4,"3":4,"4":4,"5":4,"6":4,"7":4,"8":4,"9":4,"10":4},"f":{},"b":{}}
,"/Users/nikodev/Development/Virtualisa-challenge/Api-Rest-Virtualiza/test/helpers/index.ts": {"path":"/Users/nikodev/Development/Virtualisa-challenge/Api-Rest-Virtualiza/test/helpers/index.ts","statementMap":{"0":{"start":{"line":1,"column":0},"end":{"line":1,"column":64}},"1":{"start":{"line":3,"column":23},"end":{"line":19,"column":2}},"2":{"start":{"line":3,"column":34},"end":{"line":19,"column":2}},"3":{"start":{"line":4,"column":2},"end":{"line":18,"column":3}},"4":{"start":{"line":5,"column":4},"end":{"line":7,"column":7}},"5":{"start":{"line":8,"column":4},"end":{"line":10,"column":7}},"6":{"start":{"line":11,"column":4},"end":{"line":13,"column":7}},"7":{"start":{"line":17,"column":4},"end":{"line":17,"column":55}},"8":{"start":{"line":3,"column":13},"end":{"line":3,"column":23}}},"fnMap":{"0":{"name":"(anonymous_7)","decl":{"start":{"line":3,"column":23},"end":{"line":3,"column":32}},"loc":{"start":{"line":3,"column":34},"end":{"line":19,"column":2}}},"1":{"name":"(anonymous_8)","decl":{"start":{"line":3,"column":34},"end":{"line":3,"column":null}},"loc":{"start":{"line":3,"column":34},"end":{"line":19,"column":1}}}},"branchMap":{},"s":{"0":3,"1":3,"2":6,"3":6,"4":6,"5":6,"6":6,"7":0,"8":3},"f":{"0":6,"1":6},"b":{}}
,"/Users/nikodev/Development/Virtualisa-challenge/Api-Rest-Virtualiza/test/setup/index.ts": {"path":"/Users/nikodev/Development/Virtualisa-challenge/Api-Rest-Virtualiza/test/setup/index.ts","statementMap":{"0":{"start":{"line":1,"column":0},"end":{"line":1,"column":32}},"1":{"start":{"line":2,"column":0},"end":{"line":2,"column":36}},"2":{"start":{"line":4,"column":13},"end":{"line":4,"column":32}}},"fnMap":{},"branchMap":{},"s":{"0":4,"1":4,"2":4},"f":{},"b":{}}
}
