{"total": {"lines":{"total":324,"covered":233,"skipped":0,"pct":71.91},"statements":{"total":389,"covered":273,"skipped":0,"pct":70.17},"functions":{"total":86,"covered":39,"skipped":0,"pct":45.34},"branches":{"total":55,"covered":13,"skipped":0,"pct":23.63},"branchesTrue":{"total":0,"covered":0,"skipped":0,"pct":100}}
,"/Users/nikodev/Development/Virtualisa-challenge/Api-Rest-Virtualiza/src/app.ts": {"lines":{"total":13,"covered":13,"skipped":0,"pct":100},"functions":{"total":0,"covered":0,"skipped":0,"pct":100},"statements":{"total":13,"covered":13,"skipped":0,"pct":100},"branches":{"total":0,"covered":0,"skipped":0,"pct":100}}
,"/Users/nikodev/Development/Virtualisa-challenge/Api-Rest-Virtualiza/src/config.ts": {"lines":{"total":3,"covered":3,"skipped":0,"pct":100},"functions":{"total":0,"covered":0,"skipped":0,"pct":100},"statements":{"total":3,"covered":3,"skipped":0,"pct":100},"branches":{"total":0,"covered":0,"skipped":0,"pct":100}}
,"/Users/nikodev/Development/Virtualisa-challenge/Api-Rest-Virtualiza/src/controllers/drivers.contollers.ts": {"lines":{"total":21,"covered":21,"skipped":0,"pct":100},"functions":{"total":10,"covered":10,"skipped":0,"pct":100},"statements":{"total":31,"covered":31,"skipped":0,"pct":100},"branches":{"total":0,"covered":0,"skipped":0,"pct":100}}
,"/Users/nikodev/Development/Virtualisa-challenge/Api-Rest-Virtualiza/src/controllers/trips.contollers.ts": {"lines":{"total":23,"covered":6,"skipped":0,"pct":26.08},"functions":{"total":10,"covered":0,"skipped":0,"pct":0},"statements":{"total":33,"covered":11,"skipped":0,"pct":33.33},"branches":{"total":4,"covered":0,"skipped":0,"pct":0}}
,"/Users/nikodev/Development/Virtualisa-challenge/Api-Rest-Virtualiza/src/controllers/vehicles.contollers.ts": {"lines":{"total":21,"covered":6,"skipped":0,"pct":28.57},"functions":{"total":10,"covered":0,"skipped":0,"pct":0},"statements":{"total":31,"covered":11,"skipped":0,"pct":35.48},"branches":{"total":0,"covered":0,"skipped":0,"pct":100}}
,"/Users/nikodev/Development/Virtualisa-challenge/Api-Rest-Virtualiza/src/domain/constants/index.ts": {"lines":{"total":6,"covered":6,"skipped":0,"pct":100},"functions":{"total":0,"covered":0,"skipped":0,"pct":100},"statements":{"total":6,"covered":6,"skipped":0,"pct":100},"branches":{"total":0,"covered":0,"skipped":0,"pct":100}}
,"/Users/nikodev/Development/Virtualisa-challenge/Api-Rest-Virtualiza/src/domain/models/Driver.ts": {"lines":{"total":4,"covered":4,"skipped":0,"pct":100},"functions":{"total":0,"covered":0,"skipped":0,"pct":100},"statements":{"total":4,"covered":4,"skipped":0,"pct":100},"branches":{"total":0,"covered":0,"skipped":0,"pct":100}}
,"/Users/nikodev/Development/Virtualisa-challenge/Api-Rest-Virtualiza/src/domain/models/Trip.ts": {"lines":{"total":9,"covered":9,"skipped":0,"pct":100},"functions":{"total":0,"covered":0,"skipped":0,"pct":100},"statements":{"total":9,"covered":9,"skipped":0,"pct":100},"branches":{"total":0,"covered":0,"skipped":0,"pct":100}}
,"/Users/nikodev/Development/Virtualisa-challenge/Api-Rest-Virtualiza/src/domain/models/Vehicle.ts": {"lines":{"total":3,"covered":3,"skipped":0,"pct":100},"functions":{"total":0,"covered":0,"skipped":0,"pct":100},"statements":{"total":3,"covered":3,"skipped":0,"pct":100},"branches":{"total":0,"covered":0,"skipped":0,"pct":100}}
,"/Users/nikodev/Development/Virtualisa-challenge/Api-Rest-Virtualiza/src/domain/models/index.ts": {"lines":{"total":3,"covered":3,"skipped":0,"pct":100},"functions":{"total":0,"covered":0,"skipped":0,"pct":100},"statements":{"total":3,"covered":3,"skipped":0,"pct":100},"branches":{"total":0,"covered":0,"skipped":0,"pct":100}}
,"/Users/nikodev/Development/Virtualisa-challenge/Api-Rest-Virtualiza/src/domain/services/driverServices.ts": {"lines":{"total":37,"covered":29,"skipped":0,"pct":78.37},"functions":{"total":14,"covered":14,"skipped":0,"pct":100},"statements":{"total":46,"covered":38,"skipped":0,"pct":82.6},"branches":{"total":11,"covered":1,"skipped":0,"pct":9.09}}
,"/Users/nikodev/Development/Virtualisa-challenge/Api-Rest-Virtualiza/src/domain/services/index.ts": {"lines":{"total":3,"covered":3,"skipped":0,"pct":100},"functions":{"total":3,"covered":1,"skipped":0,"pct":33.33},"statements":{"total":6,"covered":6,"skipped":0,"pct":100},"branches":{"total":0,"covered":0,"skipped":0,"pct":100}}
,"/Users/nikodev/Development/Virtualisa-challenge/Api-Rest-Virtualiza/src/domain/services/tripServices.ts": {"lines":{"total":34,"covered":14,"skipped":0,"pct":41.17},"functions":{"total":12,"covered":2,"skipped":0,"pct":16.66},"statements":{"total":42,"covered":15,"skipped":0,"pct":35.71},"branches":{"total":12,"covered":0,"skipped":0,"pct":0}}
,"/Users/nikodev/Development/Virtualisa-challenge/Api-Rest-Virtualiza/src/domain/services/vehicleServices.ts": {"lines":{"total":27,"covered":10,"skipped":0,"pct":37.03},"functions":{"total":14,"covered":0,"skipped":0,"pct":0},"statements":{"total":35,"covered":10,"skipped":0,"pct":28.57},"branches":{"total":1,"covered":0,"skipped":0,"pct":0}}
,"/Users/nikodev/Development/Virtualisa-challenge/Api-Rest-Virtualiza/src/helpers/driverLicenseIsvalid.ts": {"lines":{"total":7,"covered":7,"skipped":0,"pct":100},"functions":{"total":1,"covered":1,"skipped":0,"pct":100},"statements":{"total":8,"covered":8,"skipped":0,"pct":100},"branches":{"total":4,"covered":2,"skipped":0,"pct":50}}
,"/Users/nikodev/Development/Virtualisa-challenge/Api-Rest-Virtualiza/src/infraestructure/adapters/database.adapter.ts": {"lines":{"total":12,"covered":11,"skipped":0,"pct":91.66},"functions":{"total":3,"covered":3,"skipped":0,"pct":100},"statements":{"total":13,"covered":12,"skipped":0,"pct":92.3},"branches":{"total":2,"covered":2,"skipped":0,"pct":100}}
,"/Users/nikodev/Development/Virtualisa-challenge/Api-Rest-Virtualiza/src/infraestructure/database/index.ts": {"lines":{"total":3,"covered":3,"skipped":0,"pct":100},"functions":{"total":0,"covered":0,"skipped":0,"pct":100},"statements":{"total":3,"covered":3,"skipped":0,"pct":100},"branches":{"total":0,"covered":0,"skipped":0,"pct":100}}
,"/Users/nikodev/Development/Virtualisa-challenge/Api-Rest-Virtualiza/src/infraestructure/middlewares/validateSchema.middleware.ts": {"lines":{"total":12,"covered":7,"skipped":0,"pct":58.33},"functions":{"total":3,"covered":2,"skipped":0,"pct":66.66},"statements":{"total":12,"covered":7,"skipped":0,"pct":58.33},"branches":{"total":1,"covered":0,"skipped":0,"pct":0}}
,"/Users/nikodev/Development/Virtualisa-challenge/Api-Rest-Virtualiza/src/infraestructure/middlewares/Drivers/checkLicense.ts": {"lines":{"total":13,"covered":12,"skipped":0,"pct":92.3},"functions":{"total":2,"covered":2,"skipped":0,"pct":100},"statements":{"total":15,"covered":14,"skipped":0,"pct":93.33},"branches":{"total":11,"covered":8,"skipped":0,"pct":72.72}}
,"/Users/nikodev/Development/Virtualisa-challenge/Api-Rest-Virtualiza/src/infraestructure/middlewares/Drivers/checkLicenses.ts": {"lines":{"total":14,"covered":8,"skipped":0,"pct":57.14},"functions":{"total":2,"covered":2,"skipped":0,"pct":100},"statements":{"total":15,"covered":9,"skipped":0,"pct":60},"branches":{"total":9,"covered":0,"skipped":0,"pct":0}}
,"/Users/nikodev/Development/Virtualisa-challenge/Api-Rest-Virtualiza/src/infraestructure/schemas/driver.schema.ts": {"lines":{"total":4,"covered":4,"skipped":0,"pct":100},"functions":{"total":0,"covered":0,"skipped":0,"pct":100},"statements":{"total":4,"covered":4,"skipped":0,"pct":100},"branches":{"total":0,"covered":0,"skipped":0,"pct":100}}
,"/Users/nikodev/Development/Virtualisa-challenge/Api-Rest-Virtualiza/src/infraestructure/schemas/trip.schema.ts": {"lines":{"total":3,"covered":3,"skipped":0,"pct":100},"functions":{"total":0,"covered":0,"skipped":0,"pct":100},"statements":{"total":3,"covered":3,"skipped":0,"pct":100},"branches":{"total":0,"covered":0,"skipped":0,"pct":100}}
,"/Users/nikodev/Development/Virtualisa-challenge/Api-Rest-Virtualiza/src/infraestructure/schemas/vehicle.schema.ts": {"lines":{"total":3,"covered":3,"skipped":0,"pct":100},"functions":{"total":0,"covered":0,"skipped":0,"pct":100},"statements":{"total":3,"covered":3,"skipped":0,"pct":100},"branches":{"total":0,"covered":0,"skipped":0,"pct":100}}
,"/Users/nikodev/Development/Virtualisa-challenge/Api-Rest-Virtualiza/src/routes/drivers.routes.ts": {"lines":{"total":13,"covered":13,"skipped":0,"pct":100},"functions":{"total":0,"covered":0,"skipped":0,"pct":100},"statements":{"total":13,"covered":13,"skipped":0,"pct":100},"branches":{"total":0,"covered":0,"skipped":0,"pct":100}}
,"/Users/nikodev/Development/Virtualisa-challenge/Api-Rest-Virtualiza/src/routes/paths.ts": {"lines":{"total":1,"covered":1,"skipped":0,"pct":100},"functions":{"total":0,"covered":0,"skipped":0,"pct":100},"statements":{"total":1,"covered":1,"skipped":0,"pct":100},"branches":{"total":0,"covered":0,"skipped":0,"pct":100}}
,"/Users/nikodev/Development/Virtualisa-challenge/Api-Rest-Virtualiza/src/routes/trips.routes.ts": {"lines":{"total":11,"covered":11,"skipped":0,"pct":100},"functions":{"total":0,"covered":0,"skipped":0,"pct":100},"statements":{"total":11,"covered":11,"skipped":0,"pct":100},"branches":{"total":0,"covered":0,"skipped":0,"pct":100}}
,"/Users/nikodev/Development/Virtualisa-challenge/Api-Rest-Virtualiza/src/routes/vehicles.routes.ts": {"lines":{"total":11,"covered":11,"skipped":0,"pct":100},"functions":{"total":0,"covered":0,"skipped":0,"pct":100},"statements":{"total":11,"covered":11,"skipped":0,"pct":100},"branches":{"total":0,"covered":0,"skipped":0,"pct":100}}
,"/Users/nikodev/Development/Virtualisa-challenge/Api-Rest-Virtualiza/test/helpers/index.ts": {"lines":{"total":7,"covered":6,"skipped":0,"pct":85.71},"functions":{"total":2,"covered":2,"skipped":0,"pct":100},"statements":{"total":9,"covered":8,"skipped":0,"pct":88.88},"branches":{"total":0,"covered":0,"skipped":0,"pct":100}}
,"/Users/nikodev/Development/Virtualisa-challenge/Api-Rest-Virtualiza/test/setup/index.ts": {"lines":{"total":3,"covered":3,"skipped":0,"pct":100},"functions":{"total":0,"covered":0,"skipped":0,"pct":100},"statements":{"total":3,"covered":3,"skipped":0,"pct":100},"branches":{"total":0,"covered":0,"skipped":0,"pct":100}}
}
