TN:
SF:src/app.ts
FNF:0
FNH:0
DA:1,4
DA:2,4
DA:3,4
DA:4,4
DA:5,4
DA:6,4
DA:8,4
DA:10,4
DA:11,4
DA:12,4
DA:14,4
DA:15,4
DA:16,4
LF:13
LH:13
BRF:0
BRH:0
end_of_record
TN:
SF:src/config.ts
FNF:0
FNH:0
DA:1,4
DA:3,4
DA:5,4
LF:3
LH:3
BRF:0
BRH:0
end_of_record
TN:
SF:src/controllers/drivers.contollers.ts
FN:4,(anonymous_7)
FN:4,(anonymous_8)
FN:9,(anonymous_9)
FN:9,(anonymous_10)
FN:17,(anonymous_11)
FN:17,(anonymous_12)
FN:25,(anonymous_13)
FN:25,(anonymous_14)
FN:34,(anonymous_15)
FN:34,(anonymous_16)
FNF:10
FNH:10
FNDA:2,(anonymous_7)
FNDA:2,(anonymous_8)
FNDA:5,(anonymous_9)
FNDA:5,(anonymous_10)
FNDA:5,(anonymous_11)
FNDA:5,(anonymous_12)
FNDA:2,(anonymous_13)
FNDA:2,(anonymous_14)
FNDA:2,(anonymous_15)
FNDA:2,(anonymous_16)
DA:2,4
DA:4,4
DA:5,2
DA:6,2
DA:9,5
DA:10,5
DA:12,5
DA:14,5
DA:17,5
DA:18,5
DA:20,5
DA:22,5
DA:25,4
DA:26,2
DA:27,2
DA:29,2
DA:31,2
DA:34,4
DA:35,2
DA:37,2
DA:39,2
LF:21
LH:21
BRF:0
BRH:0
end_of_record
TN:
SF:src/controllers/trips.contollers.ts
FN:4,(anonymous_7)
FN:4,(anonymous_8)
FN:11,(anonymous_9)
FN:11,(anonymous_10)
FN:18,(anonymous_11)
FN:18,(anonymous_12)
FN:25,(anonymous_13)
FN:25,(anonymous_14)
FN:33,(anonymous_15)
FN:33,(anonymous_16)
FNF:10
FNH:0
FNDA:0,(anonymous_7)
FNDA:0,(anonymous_8)
FNDA:0,(anonymous_9)
FNDA:0,(anonymous_10)
FNDA:0,(anonymous_11)
FNDA:0,(anonymous_12)
FNDA:0,(anonymous_13)
FNDA:0,(anonymous_14)
FNDA:0,(anonymous_15)
FNDA:0,(anonymous_16)
DA:2,4
DA:4,4
DA:5,0
DA:6,0
DA:7,0
DA:8,0
DA:11,4
DA:12,0
DA:14,0
DA:15,0
DA:18,4
DA:19,0
DA:21,0
DA:22,0
DA:25,4
DA:26,0
DA:27,0
DA:29,0
DA:30,0
DA:33,4
DA:34,0
DA:36,0
DA:37,0
LF:23
LH:6
BRDA:5,0,0,0
BRDA:5,0,1,0
BRDA:6,1,0,0
BRDA:6,1,1,0
BRF:4
BRH:0
end_of_record
TN:
SF:src/controllers/vehicles.contollers.ts
FN:4,(anonymous_7)
FN:4,(anonymous_8)
FN:9,(anonymous_9)
FN:9,(anonymous_10)
FN:16,(anonymous_11)
FN:16,(anonymous_12)
FN:23,(anonymous_13)
FN:23,(anonymous_14)
FN:31,(anonymous_15)
FN:31,(anonymous_16)
FNF:10
FNH:0
FNDA:0,(anonymous_7)
FNDA:0,(anonymous_8)
FNDA:0,(anonymous_9)
FNDA:0,(anonymous_10)
FNDA:0,(anonymous_11)
FNDA:0,(anonymous_12)
FNDA:0,(anonymous_13)
FNDA:0,(anonymous_14)
FNDA:0,(anonymous_15)
FNDA:0,(anonymous_16)
DA:2,4
DA:4,4
DA:5,0
DA:6,0
DA:9,4
DA:10,0
DA:12,0
DA:13,0
DA:16,4
DA:17,0
DA:19,0
DA:20,0
DA:23,4
DA:24,0
DA:25,0
DA:27,0
DA:28,0
DA:31,4
DA:32,0
DA:34,0
DA:35,0
LF:21
LH:6
BRF:0
BRH:0
end_of_record
TN:
SF:src/domain/constants/index.ts
FNF:0
FNH:0
DA:1,4
DA:4,4
DA:7,4
DA:14,4
DA:20,4
DA:21,4
LF:6
LH:6
BRF:0
BRH:0
end_of_record
TN:
SF:src/domain/models/Driver.ts
FNF:0
FNH:0
DA:1,4
DA:2,4
DA:3,4
DA:6,4
LF:4
LH:4
BRF:0
BRH:0
end_of_record
TN:
SF:src/domain/models/Trip.ts
FNF:0
FNH:0
DA:1,4
DA:2,4
DA:4,4
DA:5,4
DA:7,4
DA:38,4
DA:39,4
DA:41,4
DA:42,4
LF:9
LH:9
BRF:0
BRH:0
end_of_record
TN:
SF:src/domain/models/Vehicle.ts
FNF:0
FNH:0
DA:1,4
DA:2,4
DA:5,4
LF:3
LH:3
BRF:0
BRH:0
end_of_record
TN:
SF:src/domain/models/index.ts
FNF:0
FNH:0
DA:1,4
DA:2,4
DA:3,4
LF:3
LH:3
BRF:0
BRH:0
end_of_record
TN:
SF:src/domain/services/driverServices.ts
FN:7,(anonymous_8)
FN:7,(anonymous_9)
FN:8,(anonymous_10)
FN:8,(anonymous_11)
FN:25,(anonymous_12)
FN:25,(anonymous_13)
FN:41,(anonymous_14)
FN:41,(anonymous_15)
FN:54,(anonymous_16)
FN:54,(anonymous_17)
FN:59,(anonymous_18)
FN:59,(anonymous_19)
FN:64,(anonymous_20)
FN:64,(anonymous_21)
FNF:14
FNH:14
FNDA:4,(anonymous_8)
FNDA:4,(anonymous_9)
FNDA:4,(anonymous_10)
FNDA:4,(anonymous_11)
FNDA:15,(anonymous_12)
FNDA:15,(anonymous_13)
FNDA:5,(anonymous_14)
FNDA:5,(anonymous_15)
FNDA:2,(anonymous_16)
FNDA:2,(anonymous_17)
FNDA:2,(anonymous_18)
FNDA:2,(anonymous_19)
FNDA:12,(anonymous_20)
FNDA:12,(anonymous_21)
DA:1,4
DA:3,4
DA:4,4
DA:5,4
DA:7,4
DA:8,4
DA:9,4
DA:10,7
DA:12,7
DA:13,0
DA:14,0
DA:15,0
DA:19,4
DA:22,4
DA:25,15
DA:26,15
DA:28,15
DA:30,14
DA:32,14
DA:33,0
DA:34,0
DA:35,0
DA:38,14
DA:41,5
DA:42,5
DA:44,5
DA:51,5
DA:54,4
DA:55,2
DA:56,2
DA:59,4
DA:60,2
DA:61,2
DA:64,12
DA:65,12
DA:69,12
DA:72,4
LF:37
LH:31
BRDA:12,0,0,0
BRDA:15,1,0,0
BRDA:15,1,1,0
BRDA:15,2,0,0
BRDA:15,2,1,0
BRDA:28,3,0,1
BRDA:32,4,0,0
BRDA:35,5,0,0
BRDA:35,5,1,0
BRDA:35,6,0,0
BRDA:35,6,1,0
BRF:11
BRH:1
end_of_record
TN:
SF:src/domain/services/index.ts
FN:1,(anonymous_0)
FN:3,(anonymous_1)
FN:4,(anonymous_2)
FNF:3
FNH:1
FNDA:0,(anonymous_0)
FNDA:40,(anonymous_1)
FNDA:0,(anonymous_2)
DA:1,4
DA:3,44
DA:4,4
LF:3
LH:3
BRF:0
BRH:0
end_of_record
TN:
SF:src/domain/services/tripServices.ts
FN:8,(anonymous_8)
FN:8,(anonymous_9)
FN:32,(anonymous_10)
FN:32,(anonymous_11)
FN:37,(anonymous_12)
FN:37,(anonymous_13)
FN:57,(anonymous_14)
FN:57,(anonymous_15)
FN:70,(anonymous_16)
FN:70,(anonymous_17)
FN:75,(anonymous_18)
FN:75,(anonymous_19)
FNF:12
FNH:2
FNDA:0,(anonymous_8)
FNDA:0,(anonymous_9)
FNDA:0,(anonymous_10)
FNDA:0,(anonymous_11)
FNDA:0,(anonymous_12)
FNDA:0,(anonymous_13)
FNDA:0,(anonymous_14)
FNDA:0,(anonymous_15)
FNDA:0,(anonymous_16)
FNDA:0,(anonymous_17)
FNDA:21,(anonymous_18)
FNDA:21,(anonymous_19)
DA:1,4
DA:3,4
DA:4,4
DA:5,4
DA:6,4
DA:8,4
DA:9,0
DA:27,0
DA:29,0
DA:32,4
DA:33,0
DA:34,0
DA:37,4
DA:38,0
DA:40,0
DA:41,0
DA:43,0
DA:45,0
DA:52,0
DA:54,0
DA:57,4
DA:58,0
DA:59,0
DA:61,0
DA:63,0
DA:66,0
DA:67,0
DA:70,4
DA:71,0
DA:72,0
DA:75,21
DA:76,21
DA:85,21
DA:88,4
LF:34
LH:14
BRDA:8,0,0,0
BRDA:8,1,0,0
BRDA:24,2,0,0
BRDA:24,2,1,0
BRDA:43,3,0,0
BRDA:43,4,0,0
BRDA:43,4,1,0
BRDA:58,5,0,0
BRDA:61,6,0,0
BRDA:61,6,1,0
BRDA:61,7,0,0
BRDA:61,7,1,0
BRF:12
BRH:0
end_of_record
TN:
SF:src/domain/services/vehicleServices.ts
FN:5,(anonymous_7)
FN:5,(anonymous_8)
FN:10,(anonymous_9)
FN:10,(anonymous_10)
FN:15,(anonymous_11)
FN:15,(anonymous_12)
FN:20,(anonymous_13)
FN:20,(anonymous_14)
FN:25,(anonymous_15)
FN:25,(anonymous_16)
FN:30,(anonymous_17)
FN:30,(anonymous_18)
FN:45,(anonymous_19)
FN:45,(anonymous_20)
FNF:14
FNH:0
FNDA:0,(anonymous_7)
FNDA:0,(anonymous_8)
FNDA:0,(anonymous_9)
FNDA:0,(anonymous_10)
FNDA:0,(anonymous_11)
FNDA:0,(anonymous_12)
FNDA:0,(anonymous_13)
FNDA:0,(anonymous_14)
FNDA:0,(anonymous_15)
FNDA:0,(anonymous_16)
FNDA:0,(anonymous_17)
FNDA:0,(anonymous_18)
FNDA:0,(anonymous_19)
FNDA:0,(anonymous_20)
DA:2,4
DA:3,4
DA:5,4
DA:6,0
DA:7,0
DA:10,4
DA:11,0
DA:12,0
DA:15,4
DA:16,0
DA:17,0
DA:20,4
DA:21,0
DA:22,0
DA:25,4
DA:26,0
DA:27,0
DA:30,4
DA:31,0
DA:33,0
DA:35,0
DA:37,0
DA:42,0
DA:45,4
DA:46,0
DA:50,0
DA:53,4
LF:27
LH:10
BRDA:33,0,0,0
BRF:1
BRH:0
end_of_record
TN:
SF:src/helpers/driverLicenseIsvalid.ts
FN:3,(anonymous_0)
FNF:1
FNH:1
FNDA:17,(anonymous_0)
DA:3,4
DA:7,17
DA:9,17
DA:11,17
DA:14,17
DA:17,17
DA:19,17
LF:7
LH:7
BRDA:7,0,0,17
BRDA:7,0,1,0
BRDA:9,1,0,0
BRDA:9,1,1,17
BRF:4
BRH:2
end_of_record
TN:
SF:src/infraestructure/adapters/database.adapter.ts
FN:6,getDatabaseInstance
FN:22,(anonymous_8)
FN:22,(anonymous_9)
FNF:3
FNH:3
FNDA:4,getDatabaseInstance
FNDA:4,(anonymous_8)
FNDA:4,(anonymous_9)
DA:1,4
DA:2,4
DA:4,4
DA:6,4
DA:7,4
DA:8,4
DA:21,4
DA:22,4
DA:23,4
DA:24,4
DA:26,0
DA:30,4
LF:12
LH:11
BRDA:7,0,0,4
BRDA:21,1,0,4
BRF:2
BRH:2
end_of_record
TN:
SF:src/infraestructure/database/index.ts
FNF:0
FNH:0
DA:1,4
DA:4,4
DA:7,4
LF:3
LH:3
BRF:0
BRH:0
end_of_record
TN:
SF:src/infraestructure/middlewares/validateSchema.middleware.ts
FN:5,(anonymous_0)
FN:6,(anonymous_1)
FN:15,(anonymous_2)
FNF:3
FNH:2
FNDA:24,(anonymous_0)
FNDA:7,(anonymous_1)
FNDA:0,(anonymous_2)
DA:2,4
DA:4,4
DA:5,4
DA:6,24
DA:7,7
DA:8,7
DA:9,7
DA:11,0
DA:12,0
DA:14,0
DA:15,0
DA:20,0
LF:12
LH:7
BRDA:11,0,0,0
BRF:1
BRH:0
end_of_record
TN:
SF:src/infraestructure/middlewares/Drivers/checkLicense.ts
FN:5,(anonymous_7)
FN:9,(anonymous_8)
FNF:2
FNH:2
FNDA:10,(anonymous_7)
FNDA:10,(anonymous_8)
DA:2,4
DA:3,4
DA:5,4
DA:9,10
DA:10,10
DA:11,10
DA:13,10
DA:15,9
DA:16,9
DA:18,9
DA:19,0
DA:21,9
DA:22,9
LF:13
LH:12
BRDA:13,0,0,1
BRDA:15,1,0,0
BRDA:15,1,1,9
BRDA:15,2,0,9
BRDA:15,2,1,9
BRDA:16,3,0,0
BRDA:16,3,1,9
BRDA:16,4,0,9
BRDA:16,4,1,9
BRDA:18,5,0,0
BRDA:18,5,1,9
BRF:11
BRH:8
end_of_record
TN:
SF:src/infraestructure/middlewares/Drivers/checkLicenses.ts
FN:5,(anonymous_7)
FN:9,(anonymous_8)
FNF:2
FNH:2
FNDA:2,(anonymous_7)
FNDA:2,(anonymous_8)
DA:2,4
DA:3,4
DA:5,4
DA:9,2
DA:10,2
DA:11,2
DA:13,2
DA:14,3
DA:15,3
DA:17,3
DA:18,3
DA:22,2
DA:24,0
DA:25,0
LF:14
LH:12
BRDA:14,0,0,0
BRDA:14,0,1,3
BRDA:14,1,0,3
BRDA:14,1,1,3
BRDA:15,2,0,0
BRDA:15,2,1,3
BRDA:15,3,0,3
BRDA:15,3,1,3
BRDA:17,4,0,3
BRF:9
BRH:7
end_of_record
TN:
SF:src/infraestructure/schemas/driver.schema.ts
FNF:0
FNH:0
DA:1,4
DA:3,4
DA:5,4
DA:13,4
LF:4
LH:4
BRF:0
BRH:0
end_of_record
TN:
SF:src/infraestructure/schemas/trip.schema.ts
FNF:0
FNH:0
DA:1,4
DA:3,4
DA:12,4
LF:3
LH:3
BRF:0
BRH:0
end_of_record
TN:
SF:src/infraestructure/schemas/vehicle.schema.ts
FNF:0
FNH:0
DA:1,4
DA:3,4
DA:10,4
LF:3
LH:3
BRF:0
BRH:0
end_of_record
TN:
SF:src/routes/drivers.routes.ts
FNF:0
FNH:0
DA:1,4
DA:2,4
DA:3,4
DA:4,4
DA:5,4
DA:6,4
DA:11,4
DA:13,4
DA:14,4
DA:15,4
DA:16,4
DA:22,4
DA:24,4
LF:13
LH:13
BRF:0
BRH:0
end_of_record
TN:
SF:src/routes/paths.ts
FNF:0
FNH:0
DA:1,4
LF:1
LH:1
BRF:0
BRH:0
end_of_record
TN:
SF:src/routes/trips.routes.ts
FNF:0
FNH:0
DA:1,4
DA:2,4
DA:3,4
DA:4,4
DA:9,4
DA:11,4
DA:12,4
DA:13,4
DA:14,4
DA:15,4
DA:17,4
LF:11
LH:11
BRF:0
BRH:0
end_of_record
TN:
SF:src/routes/vehicles.routes.ts
FNF:0
FNH:0
DA:1,4
DA:2,4
DA:3,4
DA:4,4
DA:9,4
DA:11,4
DA:12,4
DA:13,4
DA:14,4
DA:19,4
DA:21,4
LF:11
LH:11
BRF:0
BRH:0
end_of_record
TN:
SF:test/helpers/index.ts
FN:3,(anonymous_7)
FN:3,(anonymous_8)
FNF:2
FNH:2
FNDA:6,(anonymous_7)
FNDA:6,(anonymous_8)
DA:1,3
DA:3,6
DA:4,6
DA:5,6
DA:8,6
DA:11,6
DA:17,0
LF:7
LH:6
BRF:0
BRH:0
end_of_record
TN:
SF:test/setup/index.ts
FNF:0
FNH:0
DA:1,4
DA:2,4
DA:4,4
LF:3
LH:3
BRF:0
BRH:0
end_of_record
