TN:
SF:src/app.ts
FNF:0
FNH:0
DA:1,12
DA:2,12
DA:3,12
DA:4,12
DA:5,12
DA:6,12
DA:7,12
DA:9,12
DA:11,12
DA:12,12
DA:13,12
DA:15,12
DA:16,12
DA:17,12
DA:19,12
LF:15
LH:15
BRF:0
BRH:0
end_of_record
TN:
SF:src/config.ts
FNF:0
FNH:0
DA:1,12
DA:3,12
DA:5,12
LF:3
LH:3
BRF:0
BRH:0
end_of_record
TN:
SF:src/controllers/drivers.contollers.ts
FN:6,(anonymous_7)
FN:6,(anonymous_8)
FN:21,(anonymous_9)
FN:25,(anonymous_10)
FN:40,(anonymous_11)
FN:40,(anonymous_12)
FN:55,(anonymous_13)
FN:55,(anonymous_14)
FN:65,(anonymous_15)
FN:65,(anonymous_16)
FN:75,(anonymous_17)
FN:75,(anonymous_18)
FN:85,(anonymous_19)
FN:85,(anonymous_20)
FNF:14
FNH:10
FNDA:0,(anonymous_7)
FNDA:0,(anonymous_8)
FNDA:0,(anonymous_9)
FNDA:0,(anonymous_10)
FNDA:5,(anonymous_11)
FNDA:5,(anonymous_12)
FNDA:5,(anonymous_13)
FNDA:5,(anonymous_14)
FNDA:10,(anonymous_15)
FNDA:10,(anonymous_16)
FNDA:2,(anonymous_17)
FNDA:2,(anonymous_18)
FNDA:2,(anonymous_19)
FNDA:2,(anonymous_20)
DA:2,12
DA:3,12
DA:4,12
DA:6,12
DA:7,0
DA:8,0
DA:9,0
DA:10,0
DA:17,0
DA:21,12
DA:25,0
DA:26,0
DA:27,0
DA:28,0
DA:29,0
DA:36,0
DA:40,12
DA:41,5
DA:42,5
DA:43,5
DA:44,5
DA:51,0
DA:55,12
DA:56,5
DA:57,5
DA:59,5
DA:61,0
DA:65,12
DA:66,10
DA:67,10
DA:69,10
DA:71,0
DA:75,12
DA:76,2
DA:77,2
DA:79,2
DA:81,0
DA:85,12
DA:86,2
DA:87,2
DA:89,2
DA:91,0
LF:42
LH:26
BRF:0
BRH:0
end_of_record
TN:
SF:src/controllers/trips.contollers.ts
FN:6,(anonymous_7)
FN:6,(anonymous_8)
FN:23,(anonymous_9)
FN:23,(anonymous_10)
FN:40,(anonymous_11)
FN:40,(anonymous_12)
FN:49,(anonymous_13)
FN:49,(anonymous_14)
FN:58,(anonymous_15)
FN:58,(anonymous_16)
FN:67,(anonymous_17)
FN:67,(anonymous_18)
FN:76,(anonymous_19)
FN:76,(anonymous_20)
FNF:14
FNH:10
FNDA:0,(anonymous_7)
FNDA:0,(anonymous_8)
FNDA:2,(anonymous_9)
FNDA:2,(anonymous_10)
FNDA:4,(anonymous_11)
FNDA:4,(anonymous_12)
FNDA:0,(anonymous_13)
FNDA:0,(anonymous_14)
FNDA:5,(anonymous_15)
FNDA:5,(anonymous_16)
FNDA:2,(anonymous_17)
FNDA:2,(anonymous_18)
FNDA:3,(anonymous_19)
FNDA:3,(anonymous_20)
DA:2,12
DA:3,12
DA:4,12
DA:6,12
DA:7,0
DA:8,0
DA:10,0
DA:12,0
DA:19,0
DA:23,12
DA:24,2
DA:25,2
DA:27,2
DA:29,2
DA:36,0
DA:40,12
DA:41,4
DA:42,4
DA:43,4
DA:45,0
DA:49,12
DA:50,0
DA:51,0
DA:52,0
DA:54,0
DA:58,12
DA:59,5
DA:60,5
DA:61,5
DA:63,0
DA:67,12
DA:68,2
DA:69,2
DA:70,2
DA:72,0
DA:76,12
DA:77,3
DA:78,3
DA:79,3
DA:81,0
LF:40
LH:26
BRF:0
BRH:0
end_of_record
TN:
SF:src/controllers/vehicles.contollers.ts
FN:6,(anonymous_7)
FN:10,(anonymous_8)
FN:25,(anonymous_9)
FN:25,(anonymous_10)
FN:40,(anonymous_11)
FN:40,(anonymous_12)
FN:55,(anonymous_13)
FN:55,(anonymous_14)
FN:64,(anonymous_15)
FN:64,(anonymous_16)
FN:73,(anonymous_17)
FN:73,(anonymous_18)
FN:82,(anonymous_19)
FN:82,(anonymous_20)
FN:91,(anonymous_21)
FN:91,(anonymous_22)
FNF:16
FNH:12
FNDA:0,(anonymous_7)
FNDA:0,(anonymous_8)
FNDA:0,(anonymous_9)
FNDA:0,(anonymous_10)
FNDA:2,(anonymous_11)
FNDA:2,(anonymous_12)
FNDA:9,(anonymous_13)
FNDA:9,(anonymous_14)
FNDA:12,(anonymous_15)
FNDA:12,(anonymous_16)
FNDA:2,(anonymous_17)
FNDA:2,(anonymous_18)
FNDA:2,(anonymous_19)
FNDA:2,(anonymous_20)
FNDA:2,(anonymous_21)
FNDA:2,(anonymous_22)
DA:2,12
DA:3,12
DA:4,12
DA:6,12
DA:10,0
DA:11,0
DA:12,0
DA:13,0
DA:14,0
DA:21,0
DA:25,12
DA:26,0
DA:27,0
DA:28,0
DA:29,0
DA:36,0
DA:40,12
DA:41,2
DA:42,2
DA:43,2
DA:44,2
DA:51,0
DA:55,12
DA:56,9
DA:57,9
DA:58,9
DA:60,0
DA:64,12
DA:65,12
DA:66,12
DA:67,12
DA:69,0
DA:73,12
DA:74,2
DA:75,2
DA:76,2
DA:78,0
DA:82,12
DA:83,2
DA:84,2
DA:85,2
DA:87,0
DA:91,12
DA:92,2
DA:93,2
DA:94,2
DA:96,0
LF:47
LH:30
BRF:0
BRH:0
end_of_record
TN:
SF:src/domain/constants/index.ts
FNF:0
FNH:0
DA:1,12
DA:4,12
DA:7,12
DA:14,12
DA:20,12
DA:21,12
LF:6
LH:6
BRF:0
BRH:0
end_of_record
TN:
SF:src/domain/models/Driver.ts
FNF:0
FNH:0
DA:1,12
DA:2,12
DA:3,12
DA:6,12
LF:4
LH:4
BRF:0
BRH:0
end_of_record
TN:
SF:src/domain/models/Trip.ts
FNF:0
FNH:0
DA:1,12
DA:2,12
DA:4,12
DA:5,12
DA:7,12
DA:38,12
DA:39,12
DA:41,12
DA:42,12
LF:9
LH:9
BRF:0
BRH:0
end_of_record
TN:
SF:src/domain/models/Vehicle.ts
FNF:0
FNH:0
DA:1,12
DA:2,12
DA:5,12
LF:3
LH:3
BRF:0
BRH:0
end_of_record
TN:
SF:src/domain/models/index.ts
FNF:0
FNH:0
DA:1,12
DA:2,12
DA:3,12
LF:3
LH:3
BRF:0
BRH:0
end_of_record
TN:
SF:src/domain/services/driverServices.ts
FN:9,(anonymous_8)
FN:9,(anonymous_9)
FN:14,(anonymous_10)
FN:14,(anonymous_11)
FN:22,(anonymous_12)
FN:22,(anonymous_13)
FN:26,(anonymous_14)
FN:26,(anonymous_15)
FN:42,(anonymous_16)
FN:42,(anonymous_17)
FN:58,(anonymous_18)
FN:58,(anonymous_19)
FN:71,(anonymous_20)
FN:71,(anonymous_21)
FN:76,(anonymous_22)
FN:76,(anonymous_23)
FN:82,(anonymous_24)
FN:82,(anonymous_25)
FNF:18
FNH:14
FNDA:0,(anonymous_8)
FNDA:0,(anonymous_9)
FNDA:0,(anonymous_10)
FNDA:0,(anonymous_11)
FNDA:10,(anonymous_12)
FNDA:10,(anonymous_13)
FNDA:10,(anonymous_14)
FNDA:10,(anonymous_15)
FNDA:20,(anonymous_16)
FNDA:20,(anonymous_17)
FNDA:10,(anonymous_18)
FNDA:10,(anonymous_19)
FNDA:2,(anonymous_20)
FNDA:2,(anonymous_21)
FNDA:2,(anonymous_22)
FNDA:2,(anonymous_23)
FNDA:9,(anonymous_24)
FNDA:9,(anonymous_25)
DA:2,12
DA:4,12
DA:5,12
DA:6,12
DA:9,12
DA:10,0
DA:14,12
DA:15,0
DA:22,12
DA:23,10
DA:26,10
DA:27,10
DA:28,0
DA:32,0
DA:33,0
DA:34,0
DA:35,0
DA:38,10
DA:42,20
DA:43,20
DA:45,20
DA:47,19
DA:49,19
DA:50,0
DA:51,0
DA:52,0
DA:55,19
DA:58,12
DA:59,10
DA:61,10
DA:68,10
DA:71,12
DA:72,2
DA:73,2
DA:76,12
DA:77,2
DA:78,2
DA:82,12
DA:83,9
DA:87,9
DA:90,12
LF:41
LH:31
BRDA:32,0,0,0
BRDA:35,1,0,0
BRDA:35,1,1,0
BRDA:35,2,0,0
BRDA:35,2,1,0
BRDA:45,3,0,1
BRDA:49,4,0,0
BRDA:52,5,0,0
BRDA:52,5,1,0
BRDA:52,6,0,0
BRDA:52,6,1,0
BRF:11
BRH:1
end_of_record
TN:
SF:src/domain/services/index.ts
FN:1,(anonymous_0)
FN:3,(anonymous_1)
FN:4,(anonymous_2)
FNF:3
FNH:3
FNDA:16,(anonymous_0)
FNDA:48,(anonymous_1)
FNDA:29,(anonymous_2)
DA:1,28
DA:3,60
DA:4,41
LF:3
LH:3
BRF:0
BRH:0
end_of_record
TN:
SF:src/domain/services/tripServices.ts
FN:14,(anonymous_9)
FN:14,(anonymous_10)
FN:35,(anonymous_11)
FN:35,(anonymous_12)
FN:53,(anonymous_13)
FN:53,(anonymous_14)
FN:59,(anonymous_15)
FN:59,(anonymous_16)
FN:79,(anonymous_17)
FN:79,(anonymous_18)
FN:92,(anonymous_19)
FN:92,(anonymous_20)
FN:97,(anonymous_21)
FN:97,(anonymous_22)
FN:113,(anonymous_23)
FN:113,(anonymous_24)
FN:149,(anonymous_25)
FN:149,(anonymous_26)
FN:175,(anonymous_27)
FN:175,(anonymous_28)
FNF:20
FNH:12
FNDA:2,(anonymous_9)
FNDA:2,(anonymous_10)
FNDA:0,(anonymous_11)
FNDA:0,(anonymous_12)
FNDA:4,(anonymous_13)
FNDA:4,(anonymous_14)
FNDA:5,(anonymous_15)
FNDA:5,(anonymous_16)
FNDA:2,(anonymous_17)
FNDA:2,(anonymous_18)
FNDA:3,(anonymous_19)
FNDA:3,(anonymous_20)
FNDA:19,(anonymous_21)
FNDA:19,(anonymous_22)
FNDA:0,(anonymous_23)
FNDA:0,(anonymous_24)
FNDA:0,(anonymous_25)
FNDA:0,(anonymous_26)
FNDA:0,(anonymous_27)
FNDA:0,(anonymous_28)
DA:1,12
DA:3,12
DA:8,12
DA:9,12
DA:10,12
DA:12,12
DA:14,12
DA:15,2
DA:35,12
DA:36,0
DA:53,12
DA:54,4
DA:59,12
DA:60,5
DA:62,5
DA:63,5
DA:65,5
DA:67,5
DA:74,5
DA:76,5
DA:79,12
DA:80,2
DA:81,0
DA:83,0
DA:85,0
DA:88,2
DA:89,2
DA:92,12
DA:93,3
DA:94,3
DA:97,19
DA:98,19
DA:113,12
DA:114,0
DA:149,12
DA:150,0
DA:175,12
DA:176,0
DA:205,12
LF:39
LH:32
BRDA:65,0,0,0
BRDA:65,1,0,5
BRDA:65,1,1,5
BRDA:80,2,0,0
BRDA:83,3,0,0
BRDA:83,3,1,0
BRDA:83,4,0,0
BRDA:83,4,1,0
BRF:8
BRH:2
end_of_record
TN:
SF:src/domain/services/vehicleServices.ts
FN:8,(anonymous_7)
FN:8,(anonymous_8)
FN:13,(anonymous_9)
FN:13,(anonymous_10)
FN:21,(anonymous_11)
FN:21,(anonymous_12)
FN:25,(anonymous_13)
FN:25,(anonymous_14)
FN:29,(anonymous_15)
FN:29,(anonymous_16)
FN:34,(anonymous_17)
FN:34,(anonymous_18)
FN:39,(anonymous_19)
FN:39,(anonymous_20)
FN:45,(anonymous_21)
FN:45,(anonymous_22)
FN:61,(anonymous_23)
FN:61,(anonymous_24)
FNF:18
FNH:14
FNDA:0,(anonymous_7)
FNDA:0,(anonymous_8)
FNDA:0,(anonymous_9)
FNDA:0,(anonymous_10)
FNDA:2,(anonymous_11)
FNDA:2,(anonymous_12)
FNDA:19,(anonymous_13)
FNDA:19,(anonymous_14)
FNDA:12,(anonymous_15)
FNDA:12,(anonymous_16)
FNDA:2,(anonymous_17)
FNDA:2,(anonymous_18)
FNDA:2,(anonymous_19)
FNDA:2,(anonymous_20)
FNDA:5,(anonymous_21)
FNDA:5,(anonymous_22)
FNDA:2,(anonymous_23)
FNDA:2,(anonymous_24)
DA:3,12
DA:4,12
DA:5,12
DA:8,12
DA:9,0
DA:13,12
DA:14,0
DA:21,12
DA:22,2
DA:25,19
DA:26,19
DA:29,12
DA:30,12
DA:31,12
DA:34,12
DA:35,2
DA:36,2
DA:39,12
DA:40,2
DA:41,2
DA:45,12
DA:46,5
DA:48,5
DA:50,5
DA:52,5
DA:57,5
DA:61,12
DA:62,2
DA:66,2
DA:69,12
LF:30
LH:28
BRDA:48,0,0,0
BRF:1
BRH:0
end_of_record
TN:
SF:src/helpers/applyFilters.ts
FN:8,(anonymous_0)
FNF:1
FNH:1
FNDA:14,(anonymous_0)
DA:8,12
DA:9,14
DA:10,14
DA:11,14
LF:4
LH:4
BRDA:9,0,0,14
BRDA:9,0,1,14
BRDA:10,1,0,0
BRDA:10,1,1,14
BRF:4
BRH:3
end_of_record
TN:
SF:src/helpers/driverLicenseIsvalid.ts
FN:3,(anonymous_0)
FNF:1
FNH:1
FNDA:19,(anonymous_0)
DA:3,12
DA:7,19
DA:9,19
DA:11,19
DA:14,19
DA:17,19
DA:19,19
LF:7
LH:7
BRDA:7,0,0,19
BRDA:7,0,1,0
BRDA:9,1,0,0
BRDA:9,1,1,19
BRF:4
BRH:2
end_of_record
TN:
SF:src/helpers/jsonResponse.ts
FN:8,(anonymous_0)
FNF:1
FNH:1
FNDA:74,(anonymous_0)
DA:8,12
DA:14,74
LF:2
LH:2
BRDA:9,0,0,65
BRDA:10,1,0,4
BRDA:11,2,0,70
BRDA:12,3,0,70
BRF:4
BRH:4
end_of_record
TN:
SF:src/infraestructure/adapters/database.adapter.ts
FN:6,getDatabaseInstance
FN:22,(anonymous_8)
FN:22,(anonymous_9)
FNF:3
FNH:3
FNDA:12,getDatabaseInstance
FNDA:12,(anonymous_8)
FNDA:12,(anonymous_9)
DA:1,12
DA:2,12
DA:4,12
DA:6,12
DA:7,12
DA:8,12
DA:21,12
DA:22,12
DA:23,12
DA:24,12
DA:26,0
DA:30,12
LF:12
LH:11
BRDA:7,0,0,12
BRDA:21,1,0,12
BRF:2
BRH:2
end_of_record
TN:
SF:src/infraestructure/database/index.ts
FNF:0
FNH:0
DA:1,12
DA:4,12
DA:7,12
LF:3
LH:3
BRF:0
BRH:0
end_of_record
TN:
SF:src/infraestructure/middlewares/handlerError.ts
FN:4,(anonymous_7)
FN:9,(anonymous_8)
FNF:2
FNH:0
FNDA:0,(anonymous_7)
FNDA:0,(anonymous_8)
DA:2,12
DA:4,12
DA:9,0
DA:10,0
DA:11,0
LF:5
LH:2
BRF:0
BRH:0
end_of_record
TN:
SF:src/infraestructure/middlewares/validateSchema.middleware.ts
FN:6,(anonymous_0)
FN:7,(anonymous_1)
FNF:2
FNH:2
FNDA:72,(anonymous_0)
FNDA:37,(anonymous_1)
DA:2,12
DA:3,12
DA:5,12
DA:6,12
DA:7,72
DA:8,37
DA:9,37
DA:10,33
DA:12,4
DA:16,4
DA:20,0
LF:11
LH:10
BRDA:12,0,0,4
BRF:1
BRH:1
end_of_record
TN:
SF:src/infraestructure/middlewares/Drivers/checkLicense.ts
FN:6,(anonymous_7)
FN:10,(anonymous_8)
FNF:2
FNH:2
FNDA:10,(anonymous_7)
FNDA:10,(anonymous_8)
DA:2,12
DA:3,12
DA:4,12
DA:6,12
DA:10,10
DA:11,10
DA:12,10
DA:14,10
DA:16,9
DA:17,9
DA:19,9
DA:20,0
DA:22,9
DA:23,9
LF:14
LH:13
BRDA:14,0,0,1
BRDA:16,1,0,0
BRDA:16,1,1,9
BRDA:16,2,0,9
BRDA:16,2,1,9
BRDA:17,3,0,0
BRDA:17,3,1,9
BRDA:17,4,0,9
BRDA:17,4,1,9
BRDA:19,5,0,0
BRDA:19,5,1,9
BRF:11
BRH:8
end_of_record
TN:
SF:src/infraestructure/middlewares/Drivers/checkLicenses.ts
FN:6,(anonymous_7)
FN:10,(anonymous_8)
FNF:2
FNH:2
FNDA:5,(anonymous_7)
FNDA:5,(anonymous_8)
DA:2,12
DA:3,12
DA:4,12
DA:6,12
DA:10,5
DA:11,5
DA:12,5
DA:13,5
DA:15,5
DA:16,0
DA:17,0
DA:19,0
DA:20,0
DA:24,5
DA:26,0
DA:27,0
LF:16
LH:10
BRDA:16,0,0,0
BRDA:16,0,1,0
BRDA:16,1,0,0
BRDA:16,1,1,0
BRDA:17,2,0,0
BRDA:17,2,1,0
BRDA:17,3,0,0
BRDA:17,3,1,0
BRDA:19,4,0,0
BRF:9
BRH:0
end_of_record
TN:
SF:src/infraestructure/schemas/driver.schema.ts
FNF:0
FNH:0
DA:1,12
DA:3,12
DA:5,12
DA:13,12
LF:4
LH:4
BRF:0
BRH:0
end_of_record
TN:
SF:src/infraestructure/schemas/trip.schema.ts
FNF:0
FNH:0
DA:1,12
DA:3,12
DA:12,12
LF:3
LH:3
BRF:0
BRH:0
end_of_record
TN:
SF:src/infraestructure/schemas/vehicle.schema.ts
FNF:0
FNH:0
DA:1,12
DA:3,12
DA:10,12
LF:3
LH:3
BRF:0
BRH:0
end_of_record
TN:
SF:src/routes/drivers.routes.ts
FNF:0
FNH:0
DA:1,12
DA:2,12
DA:3,12
DA:4,12
DA:5,12
DA:6,12
DA:11,12
DA:13,12
DA:14,12
DA:19,12
DA:20,12
DA:21,12
DA:22,12
DA:28,12
DA:30,12
LF:15
LH:15
BRF:0
BRH:0
end_of_record
TN:
SF:src/routes/paths.ts
FNF:0
FNH:0
DA:1,12
LF:1
LH:1
BRF:0
BRH:0
end_of_record
TN:
SF:src/routes/trips.routes.ts
FNF:0
FNH:0
DA:1,12
DA:2,12
DA:3,12
DA:4,12
DA:9,12
DA:11,12
DA:12,12
DA:13,12
DA:14,12
DA:15,12
DA:16,12
DA:17,12
DA:19,12
LF:13
LH:13
BRF:0
BRH:0
end_of_record
TN:
SF:src/routes/vehicles.routes.ts
FNF:0
FNH:0
DA:1,12
DA:2,12
DA:3,12
DA:4,12
DA:9,12
DA:11,12
DA:12,12
DA:13,12
DA:14,12
DA:15,12
DA:16,12
DA:17,12
DA:22,12
DA:24,12
LF:14
LH:14
BRF:0
BRH:0
end_of_record
TN:
SF:test/constants/index.ts
FNF:0
FNH:0
DA:1,9
DA:9,9
DA:16,9
DA:25,9
LF:4
LH:4
BRF:0
BRH:0
end_of_record
TN:
SF:test/helpers/index.ts
FN:3,(anonymous_7)
FN:3,(anonymous_8)
FNF:2
FNH:2
FNDA:18,(anonymous_7)
FNDA:18,(anonymous_8)
DA:1,9
DA:3,18
DA:4,18
DA:5,18
DA:8,18
DA:11,18
DA:17,0
LF:7
LH:6
BRF:0
BRH:0
end_of_record
TN:
SF:test/setup/index.ts
FNF:0
FNH:0
DA:1,12
DA:2,12
DA:4,12
LF:3
LH:3
BRF:0
BRH:0
end_of_record
